{"level":"debug","metric":"insert","msg":"command metric","sample":0,"time":"2021-07-13T23:12:14+08:00"}
{"level":"debug","metric":"delete","msg":"command metric","sample":0,"time":"2021-07-13T23:12:14+08:00"}
{"level":"debug","metric":"max_connections","msg":"command metric","sample":1024,"time":"2021-07-13T23:12:14+08:00"}
{"level":"debug","metric":"update","msg":"command metric","sample":0,"time":"2021-07-13T23:12:14+08:00"}
{"level":"debug","metric":"select","msg":"command metric","sample":0,"time":"2021-07-13T23:12:14+08:00"}
{"level":"debug","metric":"insert","msg":"command metric","sample":0,"time":"2021-07-13T23:12:16+08:00"}
{"level":"debug","metric":"delete","msg":"command metric","sample":0,"time":"2021-07-13T23:12:16+08:00"}
{"level":"debug","metric":"max_connections","msg":"command metric","sample":1024,"time":"2021-07-13T23:12:16+08:00"}
{"level":"debug","metric":"update","msg":"command metric","sample":0,"time":"2021-07-13T23:12:16+08:00"}
{"level":"debug","metric":"select","msg":"command metric","sample":0,"time":"2021-07-13T23:12:16+08:00"}
{"level":"debug","metric":"insert","msg":"command metric","sample":0,"time":"2021-07-13T23:12:21+08:00"}
{"level":"debug","metric":"max_connections","msg":"command metric","sample":1024,"time":"2021-07-13T23:12:21+08:00"}
{"level":"debug","metric":"delete","msg":"command metric","sample":0,"time":"2021-07-13T23:12:21+08:00"}
{"level":"debug","metric":"update","msg":"command metric","sample":0,"time":"2021-07-13T23:12:22+08:00"}
{"level":"debug","metric":"select","msg":"command metric","sample":0,"time":"2021-07-13T23:12:22+08:00"}
{"level":"debug","metric":"max_connections","msg":"command metric","sample":1024,"time":"2021-07-13T23:12:42+08:00"}
{"level":"debug","metric":"insert","msg":"command metric","sample":0,"time":"2021-07-13T23:12:42+08:00"}
{"level":"debug","metric":"delete","msg":"command metric","sample":0,"time":"2021-07-13T23:12:42+08:00"}
{"level":"debug","metric":"update","msg":"command metric","sample":0,"time":"2021-07-13T23:12:42+08:00"}
{"level":"debug","metric":"select","msg":"command metric","sample":0,"time":"2021-07-13T23:12:42+08:00"}
{"level":"debug","metric":"insert","msg":"command metric","sample":0,"time":"2021-07-13T23:14:55+08:00"}
{"level":"debug","metric":"delete","msg":"command metric","sample":0,"time":"2021-07-13T23:14:55+08:00"}
{"level":"debug","metric":"max_connections","msg":"command metric","sample":1024,"time":"2021-07-13T23:14:55+08:00"}
{"level":"debug","metric":"update","msg":"command metric","sample":0,"time":"2021-07-13T23:14:55+08:00"}
{"level":"debug","metric":"select","msg":"command metric","sample":0,"time":"2021-07-13T23:14:55+08:00"}
{"level":"debug","metric":"insert","msg":"command metric","sample":0,"time":"2021-07-13T23:14:57+08:00"}
{"level":"debug","metric":"max_connections","msg":"command metric","sample":1024,"time":"2021-07-13T23:14:57+08:00"}
{"level":"debug","metric":"delete","msg":"command metric","sample":0,"time":"2021-07-13T23:14:57+08:00"}
{"level":"debug","metric":"update","msg":"command metric","sample":0,"time":"2021-07-13T23:14:57+08:00"}
{"level":"debug","metric":"select","msg":"command metric","sample":0,"time":"2021-07-13T23:14:57+08:00"}
{"level":"debug","metric":"insert","msg":"command metric","sample":0,"time":"2021-07-13T23:14:58+08:00"}
{"level":"debug","metric":"max_connections","msg":"command metric","sample":1024,"time":"2021-07-13T23:14:58+08:00"}
{"level":"debug","metric":"delete","msg":"command metric","sample":0,"time":"2021-07-13T23:14:58+08:00"}
{"level":"debug","metric":"update","msg":"command metric","sample":0,"time":"2021-07-13T23:14:58+08:00"}
{"level":"debug","metric":"select","msg":"command metric","sample":0,"time":"2021-07-13T23:14:58+08:00"}
{"level":"debug","metric":"max_connections","msg":"command metric","sample":1024,"time":"2021-07-14T00:11:48+08:00"}
{"level":"debug","metric":"insert","msg":"command metric","sample":0,"time":"2021-07-14T00:11:48+08:00"}
{"level":"debug","metric":"delete","msg":"command metric","sample":0,"time":"2021-07-14T00:11:48+08:00"}
{"level":"debug","metric":"update","msg":"command metric","sample":0,"time":"2021-07-14T00:11:48+08:00"}
{"level":"debug","metric":"select","msg":"command metric","sample":0,"time":"2021-07-14T00:11:48+08:00"}
{"level":"debug","metric":"max_connections","msg":"command metric","sample":1024,"time":"2021-07-14T00:11:49+08:00"}
{"level":"debug","metric":"insert","msg":"command metric","sample":0,"time":"2021-07-14T00:11:49+08:00"}
{"level":"debug","metric":"delete","msg":"command metric","sample":0,"time":"2021-07-14T00:11:49+08:00"}
{"level":"debug","metric":"update","msg":"command metric","sample":0,"time":"2021-07-14T00:11:49+08:00"}
{"level":"debug","metric":"select","msg":"command metric","sample":0,"time":"2021-07-14T00:11:49+08:00"}
{"level":"debug","metric":"max_connections","msg":"command metric","sample":0,"time":"2021-07-14T00:13:47+08:00"}
{"level":"debug","metric":"insert","msg":"command metric","sample":0,"time":"2021-07-14T00:13:47+08:00"}
{"level":"debug","metric":"delete","msg":"command metric","sample":0,"time":"2021-07-14T00:13:47+08:00"}
{"level":"debug","metric":"update","msg":"command metric","sample":0,"time":"2021-07-14T00:13:47+08:00"}
{"level":"debug","metric":"select","msg":"command metric","sample":0,"time":"2021-07-14T00:13:47+08:00"}
{"level":"debug","metric":"max_connections","msg":"command metric","sample":1024,"time":"2021-07-14T00:18:40+08:00"}
{"level":"debug","metric":"insert","msg":"command metric","sample":0,"time":"2021-07-14T00:18:40+08:00"}
{"level":"debug","metric":"delete","msg":"command metric","sample":0,"time":"2021-07-14T00:18:40+08:00"}
{"level":"debug","metric":"update","msg":"command metric","sample":0,"time":"2021-07-14T00:18:40+08:00"}
{"level":"debug","metric":"select","msg":"command metric","sample":0,"time":"2021-07-14T00:18:40+08:00"}
{"level":"debug","metric":"max_connections","msg":"command metric","sample":1024,"time":"2021-07-14T00:18:47+08:00"}
{"level":"debug","metric":"insert","msg":"command metric","sample":0,"time":"2021-07-14T00:18:47+08:00"}
{"level":"debug","metric":"delete","msg":"command metric","sample":0,"time":"2021-07-14T00:18:47+08:00"}
{"level":"debug","metric":"update","msg":"command metric","sample":0,"time":"2021-07-14T00:18:47+08:00"}
{"level":"debug","metric":"select","msg":"command metric","sample":0,"time":"2021-07-14T00:18:47+08:00"}
{"level":"debug","metric":"insert","msg":"command metric","sample":0,"time":"2021-07-14T00:18:49+08:00"}
{"level":"debug","metric":"delete","msg":"command metric","sample":0,"time":"2021-07-14T00:18:49+08:00"}
{"level":"debug","metric":"max_connections","msg":"command metric","sample":1024,"time":"2021-07-14T00:18:49+08:00"}
{"level":"debug","metric":"update","msg":"command metric","sample":0,"time":"2021-07-14T00:18:49+08:00"}
{"level":"debug","metric":"select","msg":"command metric","sample":0,"time":"2021-07-14T00:18:49+08:00"}
{"level":"debug","metric":"insert","msg":"command metric","sample":0,"time":"2021-07-14T00:18:50+08:00"}
{"level":"debug","metric":"delete","msg":"command metric","sample":0,"time":"2021-07-14T00:18:50+08:00"}
{"level":"debug","metric":"max_connections","msg":"command metric","sample":1024,"time":"2021-07-14T00:18:50+08:00"}
{"level":"debug","metric":"update","msg":"command metric","sample":0,"time":"2021-07-14T00:18:50+08:00"}
{"level":"debug","metric":"select","msg":"command metric","sample":0,"time":"2021-07-14T00:18:50+08:00"}
{"level":"error","metric":"mysql_info","msg":"driver: bad connection","time":"2021-07-14T00:21:47+08:00"}
{"level":"debug","metric":"max_connections","msg":"command metric","sample":1024,"time":"2021-07-14T00:21:47+08:00"}
{"level":"debug","metric":"insert","msg":"command metric","sample":0,"time":"2021-07-14T00:21:47+08:00"}
{"level":"debug","metric":"delete","msg":"command metric","sample":0,"time":"2021-07-14T00:21:47+08:00"}
{"level":"debug","metric":"update","msg":"command metric","sample":0,"time":"2021-07-14T00:21:47+08:00"}
{"level":"debug","metric":"select","msg":"command metric","sample":0,"time":"2021-07-14T00:21:47+08:00"}
{"level":"debug","metric":"max_connections","msg":"command metric","sample":1024,"time":"2021-07-14T00:21:57+08:00"}
{"level":"debug","metric":"insert","msg":"command metric","sample":0,"time":"2021-07-14T00:21:57+08:00"}
{"level":"debug","metric":"delete","msg":"command metric","sample":0,"time":"2021-07-14T00:21:57+08:00"}
{"level":"debug","metric":"update","msg":"command metric","sample":0,"time":"2021-07-14T00:21:57+08:00"}
{"level":"debug","metric":"select","msg":"command metric","sample":0,"time":"2021-07-14T00:21:57+08:00"}
{"level":"debug","metric":"max_connections","msg":"command metric","sample":1024,"time":"2021-07-14T00:24:47+08:00"}
{"level":"debug","metric":"insert","msg":"command metric","sample":0,"time":"2021-07-14T00:24:47+08:00"}
{"level":"debug","metric":"delete","msg":"command metric","sample":0,"time":"2021-07-14T00:24:47+08:00"}
{"level":"debug","metric":"update","msg":"command metric","sample":0,"time":"2021-07-14T00:24:47+08:00"}
{"level":"debug","metric":"select","msg":"command metric","sample":0,"time":"2021-07-14T00:24:47+08:00"}
{"level":"debug","metric":"insert","msg":"command metric","sample":0,"time":"2021-07-14T00:25:02+08:00"}
{"level":"debug","metric":"delete","msg":"command metric","sample":0,"time":"2021-07-14T00:25:02+08:00"}
{"level":"debug","metric":"max_connections","msg":"command metric","sample":1024,"time":"2021-07-14T00:25:02+08:00"}
{"level":"debug","metric":"update","msg":"command metric","sample":0,"time":"2021-07-14T00:25:02+08:00"}
{"level":"debug","metric":"select","msg":"command metric","sample":0,"time":"2021-07-14T00:25:02+08:00"}
{"level":"debug","metric":"insert","msg":"command metric","sample":0,"time":"2021-07-14T00:25:17+08:00"}
{"level":"debug","metric":"delete","msg":"command metric","sample":0,"time":"2021-07-14T00:25:17+08:00"}
{"level":"debug","metric":"max_connections","msg":"command metric","sample":1024,"time":"2021-07-14T00:25:17+08:00"}
{"level":"debug","metric":"update","msg":"command metric","sample":0,"time":"2021-07-14T00:25:17+08:00"}
{"level":"debug","metric":"select","msg":"command metric","sample":0,"time":"2021-07-14T00:25:17+08:00"}
{"level":"debug","metric":"insert","msg":"command metric","sample":0,"time":"2021-07-14T00:25:32+08:00"}
{"level":"debug","metric":"delete","msg":"command metric","sample":0,"time":"2021-07-14T00:25:32+08:00"}
{"level":"debug","metric":"max_connections","msg":"command metric","sample":1024,"time":"2021-07-14T00:25:32+08:00"}
{"level":"debug","metric":"update","msg":"command metric","sample":0,"time":"2021-07-14T00:25:32+08:00"}
{"level":"debug","metric":"select","msg":"command metric","sample":0,"time":"2021-07-14T00:25:32+08:00"}
{"level":"debug","metric":"max_connections","msg":"command metric","sample":1024,"time":"2021-07-14T00:25:47+08:00"}
{"level":"debug","metric":"insert","msg":"command metric","sample":0,"time":"2021-07-14T00:25:47+08:00"}
{"level":"debug","metric":"delete","msg":"command metric","sample":0,"time":"2021-07-14T00:25:47+08:00"}
{"level":"debug","metric":"update","msg":"command metric","sample":0,"time":"2021-07-14T00:25:47+08:00"}
{"level":"debug","metric":"select","msg":"command metric","sample":0,"time":"2021-07-14T00:25:47+08:00"}
{"level":"debug","metric":"max_connections","msg":"command metric","sample":1024,"time":"2021-07-14T00:26:02+08:00"}
{"level":"debug","metric":"insert","msg":"command metric","sample":0,"time":"2021-07-14T00:26:02+08:00"}
{"level":"debug","metric":"delete","msg":"command metric","sample":0,"time":"2021-07-14T00:26:02+08:00"}
{"level":"debug","metric":"update","msg":"command metric","sample":0,"time":"2021-07-14T00:26:02+08:00"}
{"level":"debug","metric":"select","msg":"command metric","sample":0,"time":"2021-07-14T00:26:02+08:00"}
{"level":"debug","metric":"max_connections","msg":"command metric","sample":1024,"time":"2021-07-14T00:26:17+08:00"}
{"level":"debug","metric":"insert","msg":"command metric","sample":0,"time":"2021-07-14T00:26:17+08:00"}
{"level":"debug","metric":"delete","msg":"command metric","sample":0,"time":"2021-07-14T00:26:17+08:00"}
{"level":"debug","metric":"update","msg":"command metric","sample":0,"time":"2021-07-14T00:26:17+08:00"}
{"level":"debug","metric":"select","msg":"command metric","sample":0,"time":"2021-07-14T00:26:17+08:00"}
{"level":"debug","metric":"insert","msg":"command metric","sample":0,"time":"2021-07-14T00:26:32+08:00"}
{"level":"debug","metric":"max_connections","msg":"command metric","sample":1024,"time":"2021-07-14T00:26:32+08:00"}
{"level":"debug","metric":"delete","msg":"command metric","sample":0,"time":"2021-07-14T00:26:32+08:00"}
{"level":"debug","metric":"update","msg":"command metric","sample":0,"time":"2021-07-14T00:26:32+08:00"}
{"level":"debug","metric":"select","msg":"command metric","sample":0,"time":"2021-07-14T00:26:32+08:00"}
{"level":"debug","metric":"max_connections","msg":"command metric","sample":1024,"time":"2021-07-14T00:26:47+08:00"}
{"level":"debug","metric":"insert","msg":"command metric","sample":0,"time":"2021-07-14T00:26:47+08:00"}
{"level":"debug","metric":"delete","msg":"command metric","sample":0,"time":"2021-07-14T00:26:47+08:00"}
{"level":"debug","metric":"update","msg":"command metric","sample":0,"time":"2021-07-14T00:26:47+08:00"}
{"level":"debug","metric":"select","msg":"command metric","sample":0,"time":"2021-07-14T00:26:47+08:00"}
{"level":"debug","metric":"max_connections","msg":"command metric","sample":1024,"time":"2021-07-14T00:27:02+08:00"}
{"level":"debug","metric":"insert","msg":"command metric","sample":0,"time":"2021-07-14T00:27:02+08:00"}
{"level":"debug","metric":"delete","msg":"command metric","sample":0,"time":"2021-07-14T00:27:02+08:00"}
{"level":"debug","metric":"update","msg":"command metric","sample":0,"time":"2021-07-14T00:27:02+08:00"}
{"level":"debug","metric":"select","msg":"command metric","sample":0,"time":"2021-07-14T00:27:02+08:00"}
{"level":"debug","metric":"max_connections","msg":"command metric","sample":1024,"time":"2021-07-14T00:27:17+08:00"}
{"level":"debug","metric":"insert","msg":"command metric","sample":0,"time":"2021-07-14T00:27:17+08:00"}
{"level":"debug","metric":"delete","msg":"command metric","sample":0,"time":"2021-07-14T00:27:17+08:00"}
{"level":"debug","metric":"update","msg":"command metric","sample":0,"time":"2021-07-14T00:27:17+08:00"}
{"level":"debug","metric":"select","msg":"command metric","sample":0,"time":"2021-07-14T00:27:17+08:00"}
{"level":"debug","metric":"max_connections","msg":"command metric","sample":1024,"time":"2021-07-14T00:27:32+08:00"}
{"level":"debug","metric":"insert","msg":"command metric","sample":0,"time":"2021-07-14T00:27:32+08:00"}
{"level":"debug","metric":"delete","msg":"command metric","sample":0,"time":"2021-07-14T00:27:32+08:00"}
{"level":"debug","metric":"update","msg":"command metric","sample":0,"time":"2021-07-14T00:27:32+08:00"}
{"level":"debug","metric":"select","msg":"command metric","sample":0,"time":"2021-07-14T00:27:32+08:00"}
{"level":"debug","metric":"insert","msg":"command metric","sample":0,"time":"2021-07-14T00:27:47+08:00"}
{"level":"debug","metric":"delete","msg":"command metric","sample":0,"time":"2021-07-14T00:27:47+08:00"}
{"level":"debug","metric":"max_connections","msg":"command metric","sample":1024,"time":"2021-07-14T00:27:47+08:00"}
{"level":"debug","metric":"update","msg":"command metric","sample":0,"time":"2021-07-14T00:27:47+08:00"}
{"level":"debug","metric":"select","msg":"command metric","sample":0,"time":"2021-07-14T00:27:47+08:00"}
{"level":"debug","metric":"max_connections","msg":"command metric","sample":1024,"time":"2021-07-14T00:28:02+08:00"}
{"level":"debug","metric":"insert","msg":"command metric","sample":0,"time":"2021-07-14T00:28:02+08:00"}
{"level":"debug","metric":"delete","msg":"command metric","sample":0,"time":"2021-07-14T00:28:02+08:00"}
{"level":"debug","metric":"update","msg":"command metric","sample":0,"time":"2021-07-14T00:28:02+08:00"}
{"level":"debug","metric":"select","msg":"command metric","sample":0,"time":"2021-07-14T00:28:02+08:00"}
{"level":"debug","metric":"insert","msg":"command metric","sample":0,"time":"2021-07-14T00:28:17+08:00"}
{"level":"debug","metric":"delete","msg":"command metric","sample":0,"time":"2021-07-14T00:28:17+08:00"}
{"level":"debug","metric":"update","msg":"command metric","sample":0,"time":"2021-07-14T00:28:17+08:00"}
{"level":"debug","metric":"max_connections","msg":"command metric","sample":1024,"time":"2021-07-14T00:28:17+08:00"}
{"level":"debug","metric":"select","msg":"command metric","sample":0,"time":"2021-07-14T00:28:17+08:00"}
{"level":"debug","metric":"insert","msg":"command metric","sample":0,"time":"2021-07-14T00:28:32+08:00"}
{"level":"debug","metric":"max_connections","msg":"command metric","sample":1024,"time":"2021-07-14T00:28:32+08:00"}
{"level":"debug","metric":"delete","msg":"command metric","sample":0,"time":"2021-07-14T00:28:32+08:00"}
{"level":"debug","metric":"update","msg":"command metric","sample":0,"time":"2021-07-14T00:28:32+08:00"}
{"level":"debug","metric":"select","msg":"command metric","sample":0,"time":"2021-07-14T00:28:32+08:00"}
{"level":"debug","metric":"insert","msg":"command metric","sample":0,"time":"2021-07-14T00:28:47+08:00"}
{"level":"debug","metric":"max_connections","msg":"command metric","sample":1024,"time":"2021-07-14T00:28:47+08:00"}
{"level":"debug","metric":"delete","msg":"command metric","sample":0,"time":"2021-07-14T00:28:47+08:00"}
{"level":"debug","metric":"update","msg":"command metric","sample":0,"time":"2021-07-14T00:28:47+08:00"}
{"level":"debug","metric":"select","msg":"command metric","sample":0,"time":"2021-07-14T00:28:47+08:00"}
{"level":"debug","metric":"insert","msg":"command metric","sample":0,"time":"2021-07-14T00:29:02+08:00"}
{"level":"debug","metric":"delete","msg":"command metric","sample":0,"time":"2021-07-14T00:29:02+08:00"}
{"level":"debug","metric":"max_connections","msg":"command metric","sample":1024,"time":"2021-07-14T00:29:02+08:00"}
{"level":"debug","metric":"update","msg":"command metric","sample":0,"time":"2021-07-14T00:29:02+08:00"}
{"level":"debug","metric":"select","msg":"command metric","sample":0,"time":"2021-07-14T00:29:02+08:00"}
{"level":"debug","metric":"insert","msg":"command metric","sample":0,"time":"2021-07-14T00:29:17+08:00"}
{"level":"debug","metric":"delete","msg":"command metric","sample":0,"time":"2021-07-14T00:29:17+08:00"}
{"level":"debug","metric":"max_connections","msg":"command metric","sample":1024,"time":"2021-07-14T00:29:17+08:00"}
{"level":"debug","metric":"update","msg":"command metric","sample":0,"time":"2021-07-14T00:29:17+08:00"}
{"level":"debug","metric":"select","msg":"command metric","sample":0,"time":"2021-07-14T00:29:17+08:00"}
{"level":"debug","metric":"insert","msg":"command metric","sample":0,"time":"2021-07-14T00:29:32+08:00"}
{"level":"debug","metric":"delete","msg":"command metric","sample":0,"time":"2021-07-14T00:29:32+08:00"}
{"level":"debug","metric":"max_connections","msg":"command metric","sample":1024,"time":"2021-07-14T00:29:32+08:00"}
{"level":"debug","metric":"update","msg":"command metric","sample":0,"time":"2021-07-14T00:29:32+08:00"}
{"level":"debug","metric":"select","msg":"command metric","sample":0,"time":"2021-07-14T00:29:32+08:00"}
{"level":"debug","metric":"insert","msg":"command metric","sample":0,"time":"2021-07-14T00:29:47+08:00"}
{"level":"debug","metric":"max_connections","msg":"command metric","sample":1024,"time":"2021-07-14T00:29:47+08:00"}
{"level":"debug","metric":"delete","msg":"command metric","sample":0,"time":"2021-07-14T00:29:47+08:00"}
{"level":"debug","metric":"update","msg":"command metric","sample":0,"time":"2021-07-14T00:29:47+08:00"}
{"level":"debug","metric":"select","msg":"command metric","sample":0,"time":"2021-07-14T00:29:47+08:00"}
{"level":"debug","metric":"insert","msg":"command metric","sample":0,"time":"2021-07-14T00:30:02+08:00"}
{"level":"debug","metric":"delete","msg":"command metric","sample":0,"time":"2021-07-14T00:30:02+08:00"}
{"level":"debug","metric":"max_connections","msg":"command metric","sample":1024,"time":"2021-07-14T00:30:02+08:00"}
{"level":"debug","metric":"update","msg":"command metric","sample":0,"time":"2021-07-14T00:30:02+08:00"}
{"level":"debug","metric":"select","msg":"command metric","sample":0,"time":"2021-07-14T00:30:02+08:00"}
{"level":"debug","metric":"insert","msg":"command metric","sample":0,"time":"2021-07-14T00:30:17+08:00"}
{"level":"debug","metric":"delete","msg":"command metric","sample":0,"time":"2021-07-14T00:30:17+08:00"}
{"level":"debug","metric":"max_connections","msg":"command metric","sample":1024,"time":"2021-07-14T00:30:17+08:00"}
{"level":"debug","metric":"update","msg":"command metric","sample":0,"time":"2021-07-14T00:30:17+08:00"}
{"level":"debug","metric":"select","msg":"command metric","sample":0,"time":"2021-07-14T00:30:17+08:00"}
{"level":"debug","metric":"max_connections","msg":"command metric","sample":1024,"time":"2021-07-14T00:30:32+08:00"}
{"level":"debug","metric":"insert","msg":"command metric","sample":0,"time":"2021-07-14T00:30:32+08:00"}
{"level":"debug","metric":"delete","msg":"command metric","sample":0,"time":"2021-07-14T00:30:32+08:00"}
{"level":"debug","metric":"update","msg":"command metric","sample":0,"time":"2021-07-14T00:30:32+08:00"}
{"level":"debug","metric":"select","msg":"command metric","sample":0,"time":"2021-07-14T00:30:32+08:00"}
{"level":"debug","metric":"insert","msg":"command metric","sample":0,"time":"2021-07-14T00:30:47+08:00"}
{"level":"debug","metric":"max_connections","msg":"command metric","sample":1024,"time":"2021-07-14T00:30:47+08:00"}
{"level":"debug","metric":"delete","msg":"command metric","sample":0,"time":"2021-07-14T00:30:47+08:00"}
{"level":"debug","metric":"update","msg":"command metric","sample":0,"time":"2021-07-14T00:30:47+08:00"}
{"level":"debug","metric":"select","msg":"command metric","sample":0,"time":"2021-07-14T00:30:47+08:00"}
{"level":"debug","metric":"max_connections","msg":"command metric","sample":1024,"time":"2021-07-14T00:31:02+08:00"}
{"level":"debug","metric":"insert","msg":"command metric","sample":0,"time":"2021-07-14T00:31:02+08:00"}
{"level":"debug","metric":"delete","msg":"command metric","sample":0,"time":"2021-07-14T00:31:02+08:00"}
{"level":"debug","metric":"update","msg":"command metric","sample":0,"time":"2021-07-14T00:31:02+08:00"}
{"level":"debug","metric":"select","msg":"command metric","sample":0,"time":"2021-07-14T00:31:02+08:00"}
{"level":"debug","metric":"insert","msg":"command metric","sample":0,"time":"2021-07-14T00:31:17+08:00"}
{"level":"debug","metric":"max_connections","msg":"command metric","sample":1024,"time":"2021-07-14T00:31:17+08:00"}
{"level":"debug","metric":"delete","msg":"command metric","sample":0,"time":"2021-07-14T00:31:17+08:00"}
{"level":"debug","metric":"update","msg":"command metric","sample":0,"time":"2021-07-14T00:31:17+08:00"}
{"level":"debug","metric":"select","msg":"command metric","sample":0,"time":"2021-07-14T00:31:17+08:00"}
{"level":"debug","metric":"insert","msg":"command metric","sample":0,"time":"2021-07-14T00:31:32+08:00"}
{"level":"debug","metric":"delete","msg":"command metric","sample":0,"time":"2021-07-14T00:31:32+08:00"}
{"level":"debug","metric":"max_connections","msg":"command metric","sample":1024,"time":"2021-07-14T00:31:32+08:00"}
{"level":"debug","metric":"update","msg":"command metric","sample":0,"time":"2021-07-14T00:31:32+08:00"}
{"level":"debug","metric":"select","msg":"command metric","sample":0,"time":"2021-07-14T00:31:32+08:00"}
{"level":"debug","metric":"max_connections","msg":"command metric","sample":1024,"time":"2021-07-14T00:31:47+08:00"}
{"level":"debug","metric":"insert","msg":"command metric","sample":0,"time":"2021-07-14T00:31:47+08:00"}
{"level":"debug","metric":"delete","msg":"command metric","sample":0,"time":"2021-07-14T00:31:47+08:00"}
{"level":"debug","metric":"update","msg":"command metric","sample":0,"time":"2021-07-14T00:31:47+08:00"}
{"level":"debug","metric":"select","msg":"command metric","sample":0,"time":"2021-07-14T00:31:47+08:00"}
{"level":"debug","metric":"max_connections","msg":"command metric","sample":1024,"time":"2021-07-14T00:32:02+08:00"}
{"level":"debug","metric":"insert","msg":"command metric","sample":0,"time":"2021-07-14T00:32:02+08:00"}
{"level":"debug","metric":"delete","msg":"command metric","sample":0,"time":"2021-07-14T00:32:02+08:00"}
{"level":"debug","metric":"update","msg":"command metric","sample":0,"time":"2021-07-14T00:32:02+08:00"}
{"level":"debug","metric":"select","msg":"command metric","sample":0,"time":"2021-07-14T00:32:02+08:00"}
{"level":"debug","metric":"insert","msg":"command metric","sample":0,"time":"2021-07-14T00:32:17+08:00"}
{"level":"debug","metric":"max_connections","msg":"command metric","sample":1024,"time":"2021-07-14T00:32:17+08:00"}
{"level":"debug","metric":"delete","msg":"command metric","sample":0,"time":"2021-07-14T00:32:17+08:00"}
{"level":"debug","metric":"update","msg":"command metric","sample":0,"time":"2021-07-14T00:32:17+08:00"}
{"level":"debug","metric":"select","msg":"command metric","sample":0,"time":"2021-07-14T00:32:17+08:00"}
{"level":"debug","metric":"insert","msg":"command metric","sample":0,"time":"2021-07-14T00:32:32+08:00"}
{"level":"debug","metric":"delete","msg":"command metric","sample":0,"time":"2021-07-14T00:32:32+08:00"}
{"level":"debug","metric":"max_connections","msg":"command metric","sample":1024,"time":"2021-07-14T00:32:32+08:00"}
{"level":"debug","metric":"update","msg":"command metric","sample":0,"time":"2021-07-14T00:32:32+08:00"}
{"level":"debug","metric":"select","msg":"command metric","sample":0,"time":"2021-07-14T00:32:32+08:00"}
{"level":"debug","metric":"max_connections","msg":"command metric","sample":1024,"time":"2021-07-14T00:32:47+08:00"}
{"level":"debug","metric":"insert","msg":"command metric","sample":0,"time":"2021-07-14T00:32:47+08:00"}
{"level":"debug","metric":"delete","msg":"command metric","sample":0,"time":"2021-07-14T00:32:47+08:00"}
{"level":"debug","metric":"update","msg":"command metric","sample":0,"time":"2021-07-14T00:32:47+08:00"}
{"level":"debug","metric":"select","msg":"command metric","sample":0,"time":"2021-07-14T00:32:47+08:00"}
{"level":"debug","metric":"max_connections","msg":"command metric","sample":1024,"time":"2021-07-14T00:33:02+08:00"}
{"level":"debug","metric":"insert","msg":"command metric","sample":0,"time":"2021-07-14T00:33:02+08:00"}
{"level":"debug","metric":"delete","msg":"command metric","sample":0,"time":"2021-07-14T00:33:02+08:00"}
{"level":"debug","metric":"update","msg":"command metric","sample":0,"time":"2021-07-14T00:33:02+08:00"}
{"level":"debug","metric":"select","msg":"command metric","sample":0,"time":"2021-07-14T00:33:02+08:00"}
{"level":"debug","metric":"insert","msg":"command metric","sample":0,"time":"2021-07-14T00:33:17+08:00"}
{"level":"debug","metric":"delete","msg":"command metric","sample":0,"time":"2021-07-14T00:33:17+08:00"}
{"level":"debug","metric":"max_connections","msg":"command metric","sample":1024,"time":"2021-07-14T00:33:17+08:00"}
{"level":"debug","metric":"update","msg":"command metric","sample":0,"time":"2021-07-14T00:33:17+08:00"}
{"level":"debug","metric":"select","msg":"command metric","sample":0,"time":"2021-07-14T00:33:17+08:00"}
{"level":"debug","metric":"max_connections","msg":"command metric","sample":1024,"time":"2021-07-14T00:33:32+08:00"}
{"level":"debug","metric":"insert","msg":"command metric","sample":0,"time":"2021-07-14T00:33:32+08:00"}
{"level":"debug","metric":"delete","msg":"command metric","sample":0,"time":"2021-07-14T00:33:32+08:00"}
{"level":"debug","metric":"update","msg":"command metric","sample":0,"time":"2021-07-14T00:33:32+08:00"}
{"level":"debug","metric":"select","msg":"command metric","sample":0,"time":"2021-07-14T00:33:32+08:00"}
{"level":"debug","metric":"insert","msg":"command metric","sample":0,"time":"2021-07-14T00:33:47+08:00"}
{"level":"debug","metric":"delete","msg":"command metric","sample":0,"time":"2021-07-14T00:33:47+08:00"}
{"level":"debug","metric":"max_connections","msg":"command metric","sample":1024,"time":"2021-07-14T00:33:47+08:00"}
{"level":"debug","metric":"update","msg":"command metric","sample":0,"time":"2021-07-14T00:33:47+08:00"}
{"level":"debug","metric":"select","msg":"command metric","sample":0,"time":"2021-07-14T00:33:47+08:00"}
{"level":"debug","metric":"max_connections","msg":"command metric","sample":1024,"time":"2021-07-14T00:34:02+08:00"}
{"level":"debug","metric":"insert","msg":"command metric","sample":0,"time":"2021-07-14T00:34:02+08:00"}
{"level":"debug","metric":"delete","msg":"command metric","sample":0,"time":"2021-07-14T00:34:02+08:00"}
{"level":"debug","metric":"update","msg":"command metric","sample":0,"time":"2021-07-14T00:34:02+08:00"}
{"level":"debug","metric":"select","msg":"command metric","sample":0,"time":"2021-07-14T00:34:02+08:00"}
{"level":"debug","metric":"insert","msg":"command metric","sample":0,"time":"2021-07-14T00:34:17+08:00"}
{"level":"debug","metric":"max_connections","msg":"command metric","sample":1024,"time":"2021-07-14T00:34:17+08:00"}
{"level":"debug","metric":"delete","msg":"command metric","sample":0,"time":"2021-07-14T00:34:17+08:00"}
{"level":"debug","metric":"update","msg":"command metric","sample":0,"time":"2021-07-14T00:34:17+08:00"}
{"level":"debug","metric":"select","msg":"command metric","sample":0,"time":"2021-07-14T00:34:17+08:00"}
{"level":"debug","metric":"max_connections","msg":"command metric","sample":1024,"time":"2021-07-14T00:34:32+08:00"}
{"level":"debug","metric":"insert","msg":"command metric","sample":0,"time":"2021-07-14T00:34:32+08:00"}
{"level":"debug","metric":"delete","msg":"command metric","sample":0,"time":"2021-07-14T00:34:32+08:00"}
{"level":"debug","metric":"update","msg":"command metric","sample":0,"time":"2021-07-14T00:34:32+08:00"}
{"level":"debug","metric":"select","msg":"command metric","sample":0,"time":"2021-07-14T00:34:32+08:00"}
{"level":"debug","metric":"insert","msg":"command metric","sample":0,"time":"2021-07-14T00:34:47+08:00"}
{"level":"debug","metric":"delete","msg":"command metric","sample":0,"time":"2021-07-14T00:34:47+08:00"}
{"level":"debug","metric":"max_connections","msg":"command metric","sample":1024,"time":"2021-07-14T00:34:47+08:00"}
{"level":"debug","metric":"update","msg":"command metric","sample":0,"time":"2021-07-14T00:34:47+08:00"}
{"level":"debug","metric":"select","msg":"command metric","sample":0,"time":"2021-07-14T00:34:47+08:00"}
{"level":"debug","metric":"max_connections","msg":"command metric","sample":1024,"time":"2021-07-14T00:35:02+08:00"}
{"level":"debug","metric":"insert","msg":"command metric","sample":0,"time":"2021-07-14T00:35:02+08:00"}
{"level":"debug","metric":"delete","msg":"command metric","sample":0,"time":"2021-07-14T00:35:02+08:00"}
{"level":"debug","metric":"update","msg":"command metric","sample":0,"time":"2021-07-14T00:35:02+08:00"}
{"level":"debug","metric":"select","msg":"command metric","sample":0,"time":"2021-07-14T00:35:02+08:00"}
{"level":"debug","metric":"insert","msg":"command metric","sample":0,"time":"2021-07-14T00:35:17+08:00"}
{"level":"debug","metric":"delete","msg":"command metric","sample":0,"time":"2021-07-14T00:35:17+08:00"}
{"level":"debug","metric":"max_connections","msg":"command metric","sample":1024,"time":"2021-07-14T00:35:17+08:00"}
{"level":"debug","metric":"update","msg":"command metric","sample":0,"time":"2021-07-14T00:35:17+08:00"}
{"level":"debug","metric":"select","msg":"command metric","sample":0,"time":"2021-07-14T00:35:17+08:00"}
{"level":"debug","metric":"insert","msg":"command metric","sample":0,"time":"2021-07-14T00:35:32+08:00"}
{"level":"debug","metric":"max_connections","msg":"command metric","sample":1024,"time":"2021-07-14T00:35:32+08:00"}
{"level":"debug","metric":"delete","msg":"command metric","sample":0,"time":"2021-07-14T00:35:32+08:00"}
{"level":"debug","metric":"update","msg":"command metric","sample":0,"time":"2021-07-14T00:35:32+08:00"}
{"level":"debug","metric":"select","msg":"command metric","sample":0,"time":"2021-07-14T00:35:32+08:00"}
{"level":"debug","metric":"max_connections","msg":"command metric","sample":1024,"time":"2021-07-14T00:35:47+08:00"}
{"level":"debug","metric":"insert","msg":"command metric","sample":0,"time":"2021-07-14T00:35:47+08:00"}
{"level":"debug","metric":"delete","msg":"command metric","sample":0,"time":"2021-07-14T00:35:47+08:00"}
{"level":"debug","metric":"update","msg":"command metric","sample":0,"time":"2021-07-14T00:35:47+08:00"}
{"level":"debug","metric":"select","msg":"command metric","sample":0,"time":"2021-07-14T00:35:47+08:00"}
{"level":"debug","metric":"insert","msg":"command metric","sample":0,"time":"2021-07-14T00:36:02+08:00"}
{"level":"debug","metric":"delete","msg":"command metric","sample":0,"time":"2021-07-14T00:36:02+08:00"}
{"level":"debug","metric":"max_connections","msg":"command metric","sample":1024,"time":"2021-07-14T00:36:02+08:00"}
{"level":"debug","metric":"update","msg":"command metric","sample":0,"time":"2021-07-14T00:36:02+08:00"}
{"level":"debug","metric":"select","msg":"command metric","sample":0,"time":"2021-07-14T00:36:02+08:00"}
{"level":"debug","metric":"insert","msg":"command metric","sample":0,"time":"2021-07-14T00:36:17+08:00"}
{"level":"debug","metric":"max_connections","msg":"command metric","sample":1024,"time":"2021-07-14T00:36:17+08:00"}
{"level":"debug","metric":"delete","msg":"command metric","sample":0,"time":"2021-07-14T00:36:17+08:00"}
{"level":"debug","metric":"update","msg":"command metric","sample":0,"time":"2021-07-14T00:36:17+08:00"}
{"level":"debug","metric":"select","msg":"command metric","sample":0,"time":"2021-07-14T00:36:17+08:00"}
{"level":"debug","metric":"insert","msg":"command metric","sample":0,"time":"2021-07-14T00:36:32+08:00"}
{"level":"debug","metric":"delete","msg":"command metric","sample":0,"time":"2021-07-14T00:36:32+08:00"}
{"level":"debug","metric":"max_connections","msg":"command metric","sample":1024,"time":"2021-07-14T00:36:32+08:00"}
{"level":"debug","metric":"update","msg":"command metric","sample":0,"time":"2021-07-14T00:36:32+08:00"}
{"level":"debug","metric":"select","msg":"command metric","sample":0,"time":"2021-07-14T00:36:32+08:00"}
{"level":"debug","metric":"insert","msg":"command metric","sample":0,"time":"2021-07-14T00:36:47+08:00"}
{"level":"debug","metric":"delete","msg":"command metric","sample":0,"time":"2021-07-14T00:36:47+08:00"}
{"level":"debug","metric":"max_connections","msg":"command metric","sample":1024,"time":"2021-07-14T00:36:47+08:00"}
{"level":"debug","metric":"update","msg":"command metric","sample":0,"time":"2021-07-14T00:36:47+08:00"}
{"level":"debug","metric":"select","msg":"command metric","sample":0,"time":"2021-07-14T00:36:47+08:00"}
{"level":"debug","metric":"max_connections","msg":"command metric","sample":1024,"time":"2021-07-14T00:37:02+08:00"}
{"level":"debug","metric":"insert","msg":"command metric","sample":0,"time":"2021-07-14T00:37:02+08:00"}
{"level":"debug","metric":"delete","msg":"command metric","sample":0,"time":"2021-07-14T00:37:02+08:00"}
{"level":"debug","metric":"update","msg":"command metric","sample":0,"time":"2021-07-14T00:37:02+08:00"}
{"level":"debug","metric":"select","msg":"command metric","sample":0,"time":"2021-07-14T00:37:02+08:00"}
{"level":"debug","metric":"insert","msg":"command metric","sample":0,"time":"2021-07-14T00:37:17+08:00"}
{"level":"debug","metric":"delete","msg":"command metric","sample":0,"time":"2021-07-14T00:37:17+08:00"}
{"level":"debug","metric":"max_connections","msg":"command metric","sample":1024,"time":"2021-07-14T00:37:17+08:00"}
{"level":"debug","metric":"update","msg":"command metric","sample":0,"time":"2021-07-14T00:37:17+08:00"}
{"level":"debug","metric":"select","msg":"command metric","sample":0,"time":"2021-07-14T00:37:17+08:00"}
{"level":"debug","metric":"max_connections","msg":"command metric","sample":1024,"time":"2021-07-14T00:37:32+08:00"}
{"level":"debug","metric":"insert","msg":"command metric","sample":0,"time":"2021-07-14T00:37:32+08:00"}
{"level":"debug","metric":"delete","msg":"command metric","sample":0,"time":"2021-07-14T00:37:32+08:00"}
{"level":"debug","metric":"update","msg":"command metric","sample":0,"time":"2021-07-14T00:37:32+08:00"}
{"level":"debug","metric":"select","msg":"command metric","sample":0,"time":"2021-07-14T00:37:32+08:00"}
{"level":"debug","metric":"insert","msg":"command metric","sample":0,"time":"2021-07-14T00:37:47+08:00"}
{"level":"debug","metric":"delete","msg":"command metric","sample":0,"time":"2021-07-14T00:37:47+08:00"}
{"level":"debug","metric":"max_connections","msg":"command metric","sample":1024,"time":"2021-07-14T00:37:47+08:00"}
{"level":"debug","metric":"update","msg":"command metric","sample":0,"time":"2021-07-14T00:37:47+08:00"}
{"level":"debug","metric":"select","msg":"command metric","sample":0,"time":"2021-07-14T00:37:47+08:00"}
{"level":"debug","metric":"max_connections","msg":"command metric","sample":1024,"time":"2021-07-14T00:38:02+08:00"}
{"level":"debug","metric":"insert","msg":"command metric","sample":0,"time":"2021-07-14T00:38:02+08:00"}
{"level":"debug","metric":"delete","msg":"command metric","sample":0,"time":"2021-07-14T00:38:02+08:00"}
{"level":"debug","metric":"update","msg":"command metric","sample":0,"time":"2021-07-14T00:38:02+08:00"}
{"level":"debug","metric":"select","msg":"command metric","sample":0,"time":"2021-07-14T00:38:02+08:00"}
{"level":"debug","metric":"insert","msg":"command metric","sample":0,"time":"2021-07-14T00:38:17+08:00"}
{"level":"debug","metric":"delete","msg":"command metric","sample":0,"time":"2021-07-14T00:38:17+08:00"}
{"level":"debug","metric":"max_connections","msg":"command metric","sample":1024,"time":"2021-07-14T00:38:17+08:00"}
{"level":"debug","metric":"update","msg":"command metric","sample":0,"time":"2021-07-14T00:38:17+08:00"}
{"level":"debug","metric":"select","msg":"command metric","sample":0,"time":"2021-07-14T00:38:17+08:00"}
{"level":"debug","metric":"max_connections","msg":"command metric","sample":1024,"time":"2021-07-14T00:38:32+08:00"}
{"level":"debug","metric":"insert","msg":"command metric","sample":0,"time":"2021-07-14T00:38:32+08:00"}
{"level":"debug","metric":"delete","msg":"command metric","sample":0,"time":"2021-07-14T00:38:32+08:00"}
{"level":"debug","metric":"update","msg":"command metric","sample":0,"time":"2021-07-14T00:38:32+08:00"}
{"level":"debug","metric":"select","msg":"command metric","sample":0,"time":"2021-07-14T00:38:32+08:00"}
{"level":"debug","metric":"insert","msg":"command metric","sample":0,"time":"2021-07-14T00:38:47+08:00"}
{"level":"debug","metric":"max_connections","msg":"command metric","sample":1024,"time":"2021-07-14T00:38:47+08:00"}
{"level":"debug","metric":"delete","msg":"command metric","sample":0,"time":"2021-07-14T00:38:47+08:00"}
{"level":"debug","metric":"update","msg":"command metric","sample":0,"time":"2021-07-14T00:38:47+08:00"}
{"level":"debug","metric":"select","msg":"command metric","sample":0,"time":"2021-07-14T00:38:47+08:00"}
{"level":"debug","metric":"max_connections","msg":"command metric","sample":1024,"time":"2021-07-14T00:39:02+08:00"}
{"level":"debug","metric":"insert","msg":"command metric","sample":0,"time":"2021-07-14T00:39:02+08:00"}
{"level":"debug","metric":"delete","msg":"command metric","sample":0,"time":"2021-07-14T00:39:02+08:00"}
{"level":"debug","metric":"update","msg":"command metric","sample":0,"time":"2021-07-14T00:39:02+08:00"}
{"level":"debug","metric":"select","msg":"command metric","sample":0,"time":"2021-07-14T00:39:02+08:00"}
{"level":"debug","metric":"insert","msg":"command metric","sample":0,"time":"2021-07-14T00:39:17+08:00"}
{"level":"debug","metric":"delete","msg":"command metric","sample":0,"time":"2021-07-14T00:39:17+08:00"}
{"level":"debug","metric":"max_connections","msg":"command metric","sample":1024,"time":"2021-07-14T00:39:17+08:00"}
{"level":"debug","metric":"update","msg":"command metric","sample":0,"time":"2021-07-14T00:39:17+08:00"}
{"level":"debug","metric":"select","msg":"command metric","sample":0,"time":"2021-07-14T00:39:17+08:00"}
{"level":"debug","metric":"insert","msg":"command metric","sample":0,"time":"2021-07-14T00:39:32+08:00"}
{"level":"debug","metric":"delete","msg":"command metric","sample":0,"time":"2021-07-14T00:39:32+08:00"}
{"level":"debug","metric":"max_connections","msg":"command metric","sample":1024,"time":"2021-07-14T00:39:32+08:00"}
{"level":"debug","metric":"update","msg":"command metric","sample":0,"time":"2021-07-14T00:39:32+08:00"}
{"level":"debug","metric":"select","msg":"command metric","sample":0,"time":"2021-07-14T00:39:32+08:00"}
{"level":"debug","metric":"max_connections","msg":"command metric","sample":1024,"time":"2021-07-14T00:39:47+08:00"}
{"level":"debug","metric":"insert","msg":"command metric","sample":0,"time":"2021-07-14T00:39:47+08:00"}
{"level":"debug","metric":"delete","msg":"command metric","sample":0,"time":"2021-07-14T00:39:47+08:00"}
{"level":"debug","metric":"update","msg":"command metric","sample":0,"time":"2021-07-14T00:39:47+08:00"}
{"level":"debug","metric":"select","msg":"command metric","sample":0,"time":"2021-07-14T00:39:47+08:00"}
{"level":"debug","metric":"insert","msg":"command metric","sample":0,"time":"2021-07-14T00:40:02+08:00"}
{"level":"debug","metric":"max_connections","msg":"command metric","sample":1024,"time":"2021-07-14T00:40:02+08:00"}
{"level":"debug","metric":"delete","msg":"command metric","sample":0,"time":"2021-07-14T00:40:02+08:00"}
{"level":"debug","metric":"update","msg":"command metric","sample":0,"time":"2021-07-14T00:40:02+08:00"}
{"level":"debug","metric":"select","msg":"command metric","sample":0,"time":"2021-07-14T00:40:02+08:00"}
{"level":"debug","metric":"insert","msg":"command metric","sample":0,"time":"2021-07-14T00:40:17+08:00"}
{"level":"debug","metric":"max_connections","msg":"command metric","sample":1024,"time":"2021-07-14T00:40:17+08:00"}
{"level":"debug","metric":"delete","msg":"command metric","sample":0,"time":"2021-07-14T00:40:17+08:00"}
{"level":"debug","metric":"update","msg":"command metric","sample":0,"time":"2021-07-14T00:40:17+08:00"}
{"level":"debug","metric":"select","msg":"command metric","sample":0,"time":"2021-07-14T00:40:17+08:00"}
{"level":"debug","metric":"max_connections","msg":"command metric","sample":1024,"time":"2021-07-14T00:40:32+08:00"}
{"level":"debug","metric":"insert","msg":"command metric","sample":0,"time":"2021-07-14T00:40:32+08:00"}
{"level":"debug","metric":"delete","msg":"command metric","sample":0,"time":"2021-07-14T00:40:32+08:00"}
{"level":"debug","metric":"update","msg":"command metric","sample":0,"time":"2021-07-14T00:40:32+08:00"}
{"level":"debug","metric":"select","msg":"command metric","sample":0,"time":"2021-07-14T00:40:32+08:00"}
{"level":"debug","metric":"insert","msg":"command metric","sample":0,"time":"2021-07-14T00:40:47+08:00"}
{"level":"debug","metric":"max_connections","msg":"command metric","sample":1024,"time":"2021-07-14T00:40:47+08:00"}
{"level":"debug","metric":"delete","msg":"command metric","sample":0,"time":"2021-07-14T00:40:47+08:00"}
{"level":"debug","metric":"update","msg":"command metric","sample":0,"time":"2021-07-14T00:40:47+08:00"}
{"level":"debug","metric":"select","msg":"command metric","sample":0,"time":"2021-07-14T00:40:47+08:00"}
{"level":"debug","metric":"insert","msg":"command metric","sample":0,"time":"2021-07-14T00:41:02+08:00"}
{"level":"debug","metric":"max_connections","msg":"command metric","sample":1024,"time":"2021-07-14T00:41:02+08:00"}
{"level":"debug","metric":"delete","msg":"command metric","sample":0,"time":"2021-07-14T00:41:02+08:00"}
{"level":"debug","metric":"update","msg":"command metric","sample":0,"time":"2021-07-14T00:41:02+08:00"}
{"level":"debug","metric":"select","msg":"command metric","sample":0,"time":"2021-07-14T00:41:02+08:00"}
{"level":"debug","metric":"insert","msg":"command metric","sample":0,"time":"2021-07-14T00:41:17+08:00"}
{"level":"debug","metric":"delete","msg":"command metric","sample":0,"time":"2021-07-14T00:41:17+08:00"}
{"level":"debug","metric":"max_connections","msg":"command metric","sample":1024,"time":"2021-07-14T00:41:17+08:00"}
{"level":"debug","metric":"update","msg":"command metric","sample":0,"time":"2021-07-14T00:41:17+08:00"}
{"level":"debug","metric":"select","msg":"command metric","sample":0,"time":"2021-07-14T00:41:17+08:00"}
{"level":"debug","metric":"max_connections","msg":"command metric","sample":1024,"time":"2021-07-14T00:41:32+08:00"}
{"level":"debug","metric":"insert","msg":"command metric","sample":0,"time":"2021-07-14T00:41:32+08:00"}
{"level":"debug","metric":"delete","msg":"command metric","sample":0,"time":"2021-07-14T00:41:32+08:00"}
{"level":"debug","metric":"update","msg":"command metric","sample":0,"time":"2021-07-14T00:41:32+08:00"}
{"level":"debug","metric":"select","msg":"command metric","sample":0,"time":"2021-07-14T00:41:32+08:00"}
{"level":"debug","metric":"insert","msg":"command metric","sample":0,"time":"2021-07-14T00:41:47+08:00"}
{"level":"debug","metric":"max_connections","msg":"command metric","sample":1024,"time":"2021-07-14T00:41:47+08:00"}
{"level":"debug","metric":"delete","msg":"command metric","sample":0,"time":"2021-07-14T00:41:47+08:00"}
{"level":"debug","metric":"update","msg":"command metric","sample":0,"time":"2021-07-14T00:41:47+08:00"}
{"level":"debug","metric":"select","msg":"command metric","sample":0,"time":"2021-07-14T00:41:47+08:00"}
{"level":"debug","metric":"insert","msg":"command metric","sample":0,"time":"2021-07-14T00:42:02+08:00"}
{"level":"debug","metric":"max_connections","msg":"command metric","sample":1024,"time":"2021-07-14T00:42:02+08:00"}
{"level":"debug","metric":"delete","msg":"command metric","sample":0,"time":"2021-07-14T00:42:02+08:00"}
{"level":"debug","metric":"update","msg":"command metric","sample":0,"time":"2021-07-14T00:42:02+08:00"}
{"level":"debug","metric":"select","msg":"command metric","sample":0,"time":"2021-07-14T00:42:02+08:00"}
{"level":"debug","metric":"insert","msg":"command metric","sample":0,"time":"2021-07-14T00:42:17+08:00"}
{"level":"debug","metric":"max_connections","msg":"command metric","sample":1024,"time":"2021-07-14T00:42:17+08:00"}
{"level":"debug","metric":"delete","msg":"command metric","sample":0,"time":"2021-07-14T00:42:17+08:00"}
{"level":"debug","metric":"update","msg":"command metric","sample":0,"time":"2021-07-14T00:42:17+08:00"}
{"level":"debug","metric":"select","msg":"command metric","sample":0,"time":"2021-07-14T00:42:17+08:00"}
{"level":"debug","metric":"insert","msg":"command metric","sample":0,"time":"2021-07-14T00:42:32+08:00"}
{"level":"debug","metric":"max_connections","msg":"command metric","sample":1024,"time":"2021-07-14T00:42:32+08:00"}
{"level":"debug","metric":"delete","msg":"command metric","sample":0,"time":"2021-07-14T00:42:32+08:00"}
{"level":"debug","metric":"update","msg":"command metric","sample":0,"time":"2021-07-14T00:42:32+08:00"}
{"level":"debug","metric":"select","msg":"command metric","sample":0,"time":"2021-07-14T00:42:32+08:00"}
{"level":"debug","metric":"max_connections","msg":"command metric","sample":1024,"time":"2021-07-14T00:42:47+08:00"}
{"level":"debug","metric":"insert","msg":"command metric","sample":0,"time":"2021-07-14T00:42:47+08:00"}
{"level":"debug","metric":"delete","msg":"command metric","sample":0,"time":"2021-07-14T00:42:47+08:00"}
{"level":"debug","metric":"update","msg":"command metric","sample":0,"time":"2021-07-14T00:42:47+08:00"}
{"level":"debug","metric":"select","msg":"command metric","sample":0,"time":"2021-07-14T00:42:47+08:00"}
{"level":"debug","metric":"max_connections","msg":"command metric","sample":1024,"time":"2021-07-14T00:43:02+08:00"}
{"level":"debug","metric":"insert","msg":"command metric","sample":0,"time":"2021-07-14T00:43:02+08:00"}
{"level":"debug","metric":"delete","msg":"command metric","sample":0,"time":"2021-07-14T00:43:02+08:00"}
{"level":"debug","metric":"update","msg":"command metric","sample":0,"time":"2021-07-14T00:43:02+08:00"}
{"level":"debug","metric":"select","msg":"command metric","sample":0,"time":"2021-07-14T00:43:02+08:00"}
{"level":"debug","metric":"insert","msg":"command metric","sample":0,"time":"2021-07-14T00:43:17+08:00"}
{"level":"debug","metric":"max_connections","msg":"command metric","sample":1024,"time":"2021-07-14T00:43:17+08:00"}
{"level":"debug","metric":"delete","msg":"command metric","sample":0,"time":"2021-07-14T00:43:17+08:00"}
{"level":"debug","metric":"update","msg":"command metric","sample":0,"time":"2021-07-14T00:43:17+08:00"}
{"level":"debug","metric":"select","msg":"command metric","sample":0,"time":"2021-07-14T00:43:17+08:00"}
{"level":"debug","metric":"insert","msg":"command metric","sample":0,"time":"2021-07-14T00:43:32+08:00"}
{"level":"debug","metric":"delete","msg":"command metric","sample":0,"time":"2021-07-14T00:43:32+08:00"}
{"level":"debug","metric":"max_connections","msg":"command metric","sample":1024,"time":"2021-07-14T00:43:32+08:00"}
{"level":"debug","metric":"update","msg":"command metric","sample":0,"time":"2021-07-14T00:43:32+08:00"}
{"level":"debug","metric":"select","msg":"command metric","sample":0,"time":"2021-07-14T00:43:32+08:00"}
{"level":"debug","metric":"insert","msg":"command metric","sample":0,"time":"2021-07-14T00:43:47+08:00"}
{"level":"debug","metric":"max_connections","msg":"command metric","sample":1024,"time":"2021-07-14T00:43:47+08:00"}
{"level":"debug","metric":"delete","msg":"command metric","sample":0,"time":"2021-07-14T00:43:47+08:00"}
{"level":"debug","metric":"update","msg":"command metric","sample":0,"time":"2021-07-14T00:43:47+08:00"}
{"level":"debug","metric":"select","msg":"command metric","sample":0,"time":"2021-07-14T00:43:47+08:00"}
{"level":"debug","metric":"insert","msg":"command metric","sample":0,"time":"2021-07-14T00:44:02+08:00"}
{"level":"debug","metric":"delete","msg":"command metric","sample":0,"time":"2021-07-14T00:44:02+08:00"}
{"level":"debug","metric":"max_connections","msg":"command metric","sample":1024,"time":"2021-07-14T00:44:02+08:00"}
{"level":"debug","metric":"update","msg":"command metric","sample":0,"time":"2021-07-14T00:44:02+08:00"}
{"level":"debug","metric":"select","msg":"command metric","sample":0,"time":"2021-07-14T00:44:02+08:00"}
{"level":"debug","metric":"insert","msg":"command metric","sample":0,"time":"2021-07-14T00:44:17+08:00"}
{"level":"debug","metric":"delete","msg":"command metric","sample":0,"time":"2021-07-14T00:44:17+08:00"}
{"level":"debug","metric":"max_connections","msg":"command metric","sample":1024,"time":"2021-07-14T00:44:17+08:00"}
{"level":"debug","metric":"update","msg":"command metric","sample":0,"time":"2021-07-14T00:44:17+08:00"}
{"level":"debug","metric":"select","msg":"command metric","sample":0,"time":"2021-07-14T00:44:17+08:00"}
{"level":"debug","metric":"max_connections","msg":"command metric","sample":1024,"time":"2021-07-14T00:44:32+08:00"}
{"level":"debug","metric":"insert","msg":"command metric","sample":0,"time":"2021-07-14T00:44:32+08:00"}
{"level":"debug","metric":"delete","msg":"command metric","sample":0,"time":"2021-07-14T00:44:32+08:00"}
{"level":"debug","metric":"update","msg":"command metric","sample":0,"time":"2021-07-14T00:44:32+08:00"}
{"level":"debug","metric":"select","msg":"command metric","sample":0,"time":"2021-07-14T00:44:32+08:00"}
{"level":"debug","metric":"insert","msg":"command metric","sample":0,"time":"2021-07-14T00:44:47+08:00"}
{"level":"debug","metric":"delete","msg":"command metric","sample":0,"time":"2021-07-14T00:44:47+08:00"}
{"level":"debug","metric":"max_connections","msg":"command metric","sample":1024,"time":"2021-07-14T00:44:47+08:00"}
{"level":"debug","metric":"update","msg":"command metric","sample":0,"time":"2021-07-14T00:44:47+08:00"}
{"level":"debug","metric":"select","msg":"command metric","sample":0,"time":"2021-07-14T00:44:47+08:00"}
{"level":"debug","metric":"insert","msg":"command metric","sample":0,"time":"2021-07-14T00:45:02+08:00"}
{"level":"debug","metric":"delete","msg":"command metric","sample":0,"time":"2021-07-14T00:45:02+08:00"}
{"level":"debug","metric":"max_connections","msg":"command metric","sample":1024,"time":"2021-07-14T00:45:02+08:00"}
{"level":"debug","metric":"update","msg":"command metric","sample":0,"time":"2021-07-14T00:45:02+08:00"}
{"level":"debug","metric":"select","msg":"command metric","sample":0,"time":"2021-07-14T00:45:02+08:00"}
{"level":"debug","metric":"insert","msg":"command metric","sample":0,"time":"2021-07-14T00:45:17+08:00"}
{"level":"debug","metric":"delete","msg":"command metric","sample":0,"time":"2021-07-14T00:45:17+08:00"}
{"level":"debug","metric":"max_connections","msg":"command metric","sample":1024,"time":"2021-07-14T00:45:17+08:00"}
{"level":"debug","metric":"update","msg":"command metric","sample":0,"time":"2021-07-14T00:45:17+08:00"}
{"level":"debug","metric":"select","msg":"command metric","sample":0,"time":"2021-07-14T00:45:17+08:00"}
{"level":"debug","metric":"max_connections","msg":"command metric","sample":1024,"time":"2021-07-14T00:45:32+08:00"}
{"level":"debug","metric":"insert","msg":"command metric","sample":0,"time":"2021-07-14T00:45:32+08:00"}
{"level":"debug","metric":"delete","msg":"command metric","sample":0,"time":"2021-07-14T00:45:32+08:00"}
{"level":"debug","metric":"update","msg":"command metric","sample":0,"time":"2021-07-14T00:45:32+08:00"}
{"level":"debug","metric":"select","msg":"command metric","sample":0,"time":"2021-07-14T00:45:32+08:00"}
{"level":"debug","metric":"max_connections","msg":"command metric","sample":1024,"time":"2021-07-14T00:45:47+08:00"}
{"level":"debug","metric":"insert","msg":"command metric","sample":0,"time":"2021-07-14T00:45:47+08:00"}
{"level":"debug","metric":"delete","msg":"command metric","sample":0,"time":"2021-07-14T00:45:47+08:00"}
{"level":"debug","metric":"update","msg":"command metric","sample":0,"time":"2021-07-14T00:45:47+08:00"}
{"level":"debug","metric":"select","msg":"command metric","sample":0,"time":"2021-07-14T00:45:47+08:00"}
{"level":"debug","metric":"max_connections","msg":"command metric","sample":1024,"time":"2021-07-14T00:46:02+08:00"}
{"level":"debug","metric":"insert","msg":"command metric","sample":0,"time":"2021-07-14T00:46:02+08:00"}
{"level":"debug","metric":"delete","msg":"command metric","sample":0,"time":"2021-07-14T00:46:02+08:00"}
{"level":"debug","metric":"update","msg":"command metric","sample":0,"time":"2021-07-14T00:46:02+08:00"}
{"level":"debug","metric":"select","msg":"command metric","sample":0,"time":"2021-07-14T00:46:02+08:00"}
{"level":"debug","metric":"max_connections","msg":"command metric","sample":1024,"time":"2021-07-14T00:46:17+08:00"}
{"level":"debug","metric":"insert","msg":"command metric","sample":0,"time":"2021-07-14T00:46:17+08:00"}
{"level":"debug","metric":"delete","msg":"command metric","sample":0,"time":"2021-07-14T00:46:17+08:00"}
{"level":"debug","metric":"update","msg":"command metric","sample":0,"time":"2021-07-14T00:46:17+08:00"}
{"level":"debug","metric":"select","msg":"command metric","sample":0,"time":"2021-07-14T00:46:17+08:00"}
{"level":"debug","metric":"insert","msg":"command metric","sample":0,"time":"2021-07-14T00:46:32+08:00"}
{"level":"debug","metric":"delete","msg":"command metric","sample":0,"time":"2021-07-14T00:46:32+08:00"}
{"level":"debug","metric":"max_connections","msg":"command metric","sample":1024,"time":"2021-07-14T00:46:32+08:00"}
{"level":"debug","metric":"update","msg":"command metric","sample":0,"time":"2021-07-14T00:46:32+08:00"}
{"level":"debug","metric":"select","msg":"command metric","sample":0,"time":"2021-07-14T00:46:32+08:00"}
{"level":"debug","metric":"max_connections","msg":"command metric","sample":1024,"time":"2021-07-14T00:46:47+08:00"}
{"level":"debug","metric":"insert","msg":"command metric","sample":0,"time":"2021-07-14T00:46:47+08:00"}
{"level":"debug","metric":"delete","msg":"command metric","sample":0,"time":"2021-07-14T00:46:47+08:00"}
{"level":"debug","metric":"update","msg":"command metric","sample":0,"time":"2021-07-14T00:46:47+08:00"}
{"level":"debug","metric":"select","msg":"command metric","sample":0,"time":"2021-07-14T00:46:47+08:00"}
{"level":"debug","metric":"max_connections","msg":"command metric","sample":1024,"time":"2021-07-14T00:47:02+08:00"}
{"level":"debug","metric":"insert","msg":"command metric","sample":0,"time":"2021-07-14T00:47:02+08:00"}
{"level":"debug","metric":"delete","msg":"command metric","sample":0,"time":"2021-07-14T00:47:02+08:00"}
{"level":"debug","metric":"update","msg":"command metric","sample":0,"time":"2021-07-14T00:47:02+08:00"}
{"level":"debug","metric":"select","msg":"command metric","sample":0,"time":"2021-07-14T00:47:02+08:00"}
{"level":"debug","metric":"max_connections","msg":"command metric","sample":1024,"time":"2021-07-14T00:47:17+08:00"}
{"level":"debug","metric":"insert","msg":"command metric","sample":0,"time":"2021-07-14T00:47:17+08:00"}
{"level":"debug","metric":"delete","msg":"command metric","sample":0,"time":"2021-07-14T00:47:17+08:00"}
{"level":"debug","metric":"update","msg":"command metric","sample":0,"time":"2021-07-14T00:47:17+08:00"}
{"level":"debug","metric":"select","msg":"command metric","sample":0,"time":"2021-07-14T00:47:17+08:00"}
{"level":"debug","metric":"insert","msg":"command metric","sample":0,"time":"2021-07-14T00:47:32+08:00"}
{"level":"debug","metric":"delete","msg":"command metric","sample":0,"time":"2021-07-14T00:47:32+08:00"}
{"level":"debug","metric":"max_connections","msg":"command metric","sample":1024,"time":"2021-07-14T00:47:32+08:00"}
{"level":"debug","metric":"update","msg":"command metric","sample":0,"time":"2021-07-14T00:47:32+08:00"}
{"level":"debug","metric":"select","msg":"command metric","sample":0,"time":"2021-07-14T00:47:32+08:00"}
{"level":"debug","metric":"insert","msg":"command metric","sample":0,"time":"2021-07-14T00:47:47+08:00"}
{"level":"debug","metric":"delete","msg":"command metric","sample":0,"time":"2021-07-14T00:47:47+08:00"}
{"level":"debug","metric":"max_connections","msg":"command metric","sample":1024,"time":"2021-07-14T00:47:47+08:00"}
{"level":"debug","metric":"update","msg":"command metric","sample":0,"time":"2021-07-14T00:47:47+08:00"}
{"level":"debug","metric":"select","msg":"command metric","sample":0,"time":"2021-07-14T00:47:47+08:00"}
{"level":"debug","metric":"insert","msg":"command metric","sample":0,"time":"2021-07-14T00:48:02+08:00"}
{"level":"debug","metric":"max_connections","msg":"command metric","sample":1024,"time":"2021-07-14T00:48:02+08:00"}
{"level":"debug","metric":"delete","msg":"command metric","sample":0,"time":"2021-07-14T00:48:02+08:00"}
{"level":"debug","metric":"update","msg":"command metric","sample":0,"time":"2021-07-14T00:48:02+08:00"}
{"level":"debug","metric":"select","msg":"command metric","sample":0,"time":"2021-07-14T00:48:02+08:00"}
{"level":"debug","metric":"insert","msg":"command metric","sample":0,"time":"2021-07-14T00:48:17+08:00"}
{"level":"debug","metric":"delete","msg":"command metric","sample":0,"time":"2021-07-14T00:48:17+08:00"}
{"level":"debug","metric":"max_connections","msg":"command metric","sample":1024,"time":"2021-07-14T00:48:17+08:00"}
{"level":"debug","metric":"update","msg":"command metric","sample":0,"time":"2021-07-14T00:48:17+08:00"}
{"level":"debug","metric":"select","msg":"command metric","sample":0,"time":"2021-07-14T00:48:17+08:00"}
{"level":"debug","metric":"insert","msg":"command metric","sample":0,"time":"2021-07-14T00:48:32+08:00"}
{"level":"debug","metric":"max_connections","msg":"command metric","sample":1024,"time":"2021-07-14T00:48:32+08:00"}
{"level":"debug","metric":"delete","msg":"command metric","sample":0,"time":"2021-07-14T00:48:32+08:00"}
{"level":"debug","metric":"update","msg":"command metric","sample":0,"time":"2021-07-14T00:48:32+08:00"}
{"level":"debug","metric":"select","msg":"command metric","sample":0,"time":"2021-07-14T00:48:32+08:00"}
{"level":"debug","metric":"insert","msg":"command metric","sample":0,"time":"2021-07-14T00:48:47+08:00"}
{"level":"debug","metric":"max_connections","msg":"command metric","sample":1024,"time":"2021-07-14T00:48:47+08:00"}
{"level":"debug","metric":"delete","msg":"command metric","sample":0,"time":"2021-07-14T00:48:47+08:00"}
{"level":"debug","metric":"update","msg":"command metric","sample":0,"time":"2021-07-14T00:48:47+08:00"}
{"level":"debug","metric":"select","msg":"command metric","sample":0,"time":"2021-07-14T00:48:47+08:00"}
{"level":"debug","metric":"max_connections","msg":"command metric","sample":1024,"time":"2021-07-14T00:49:02+08:00"}
{"level":"debug","metric":"insert","msg":"command metric","sample":0,"time":"2021-07-14T00:49:02+08:00"}
{"level":"debug","metric":"delete","msg":"command metric","sample":0,"time":"2021-07-14T00:49:02+08:00"}
{"level":"debug","metric":"update","msg":"command metric","sample":0,"time":"2021-07-14T00:49:02+08:00"}
{"level":"debug","metric":"select","msg":"command metric","sample":0,"time":"2021-07-14T00:49:02+08:00"}
{"level":"debug","metric":"max_connections","msg":"command metric","sample":1024,"time":"2021-07-14T00:49:17+08:00"}
{"level":"debug","metric":"insert","msg":"command metric","sample":0,"time":"2021-07-14T00:49:17+08:00"}
{"level":"debug","metric":"delete","msg":"command metric","sample":0,"time":"2021-07-14T00:49:17+08:00"}
{"level":"debug","metric":"update","msg":"command metric","sample":0,"time":"2021-07-14T00:49:17+08:00"}
{"level":"debug","metric":"select","msg":"command metric","sample":0,"time":"2021-07-14T00:49:17+08:00"}
{"level":"debug","metric":"insert","msg":"command metric","sample":0,"time":"2021-07-14T00:49:32+08:00"}
{"level":"debug","metric":"delete","msg":"command metric","sample":0,"time":"2021-07-14T00:49:32+08:00"}
{"level":"debug","metric":"max_connections","msg":"command metric","sample":1024,"time":"2021-07-14T00:49:32+08:00"}
{"level":"debug","metric":"update","msg":"command metric","sample":0,"time":"2021-07-14T00:49:32+08:00"}
{"level":"debug","metric":"select","msg":"command metric","sample":0,"time":"2021-07-14T00:49:32+08:00"}
{"level":"debug","metric":"max_connections","msg":"command metric","sample":1024,"time":"2021-07-14T00:49:47+08:00"}
{"level":"debug","metric":"insert","msg":"command metric","sample":0,"time":"2021-07-14T00:49:47+08:00"}
{"level":"debug","metric":"delete","msg":"command metric","sample":0,"time":"2021-07-14T00:49:47+08:00"}
{"level":"debug","metric":"update","msg":"command metric","sample":0,"time":"2021-07-14T00:49:47+08:00"}
{"level":"debug","metric":"select","msg":"command metric","sample":0,"time":"2021-07-14T00:49:47+08:00"}
{"level":"debug","metric":"insert","msg":"command metric","sample":0,"time":"2021-07-17T23:11:06+08:00"}
{"level":"debug","metric":"delete","msg":"command metric","sample":0,"time":"2021-07-17T23:11:07+08:00"}
{"level":"debug","metric":"max_connections","msg":"command metric","sample":1024,"time":"2021-07-17T23:11:07+08:00"}
{"level":"debug","metric":"update","msg":"command metric","sample":0,"time":"2021-07-17T23:11:07+08:00"}
{"level":"debug","metric":"select","msg":"command metric","sample":15,"time":"2021-07-17T23:11:07+08:00"}
{"level":"debug","metric":"max_connections","msg":"command metric","sample":1024,"time":"2021-07-17T23:11:17+08:00"}
{"level":"debug","metric":"insert","msg":"command metric","sample":0,"time":"2021-07-17T23:11:17+08:00"}
{"level":"debug","metric":"delete","msg":"command metric","sample":0,"time":"2021-07-17T23:11:17+08:00"}
{"level":"debug","metric":"update","msg":"command metric","sample":0,"time":"2021-07-17T23:11:17+08:00"}
{"level":"debug","metric":"select","msg":"command metric","sample":15,"time":"2021-07-17T23:11:17+08:00"}
{"level":"debug","metric":"insert","msg":"command metric","sample":0,"time":"2021-07-17T23:11:21+08:00"}
{"level":"debug","metric":"delete","msg":"command metric","sample":0,"time":"2021-07-17T23:11:21+08:00"}
{"level":"debug","metric":"update","msg":"command metric","sample":0,"time":"2021-07-17T23:11:21+08:00"}
{"level":"debug","metric":"max_connections","msg":"command metric","sample":1024,"time":"2021-07-17T23:11:21+08:00"}
{"level":"debug","metric":"select","msg":"command metric","sample":15,"time":"2021-07-17T23:11:21+08:00"}
{"level":"debug","metric":"insert","msg":"command metric","sample":0,"time":"2021-07-17T23:11:36+08:00"}
{"level":"debug","metric":"delete","msg":"command metric","sample":0,"time":"2021-07-17T23:11:36+08:00"}
{"level":"debug","metric":"max_connections","msg":"command metric","sample":1024,"time":"2021-07-17T23:11:36+08:00"}
{"level":"debug","metric":"update","msg":"command metric","sample":0,"time":"2021-07-17T23:11:36+08:00"}
{"level":"debug","metric":"select","msg":"command metric","sample":15,"time":"2021-07-17T23:11:36+08:00"}
{"level":"debug","metric":"insert","msg":"command metric","sample":0,"time":"2021-07-17T23:11:51+08:00"}
{"level":"debug","metric":"delete","msg":"command metric","sample":0,"time":"2021-07-17T23:11:51+08:00"}
{"level":"debug","metric":"max_connections","msg":"command metric","sample":1024,"time":"2021-07-17T23:11:51+08:00"}
{"level":"debug","metric":"update","msg":"command metric","sample":0,"time":"2021-07-17T23:11:51+08:00"}
{"level":"debug","metric":"select","msg":"command metric","sample":15,"time":"2021-07-17T23:11:51+08:00"}
{"level":"debug","metric":"max_connections","msg":"command metric","sample":1024,"time":"2021-07-17T23:11:53+08:00"}
{"level":"debug","metric":"insert","msg":"command metric","sample":0,"time":"2021-07-17T23:11:53+08:00"}
{"level":"debug","metric":"delete","msg":"command metric","sample":0,"time":"2021-07-17T23:11:53+08:00"}
{"level":"debug","metric":"update","msg":"command metric","sample":0,"time":"2021-07-17T23:11:53+08:00"}
{"level":"debug","metric":"select","msg":"command metric","sample":15,"time":"2021-07-17T23:11:53+08:00"}
{"level":"debug","metric":"insert","msg":"command metric","sample":0,"time":"2021-07-17T23:11:53+08:00"}
{"level":"debug","metric":"delete","msg":"command metric","sample":0,"time":"2021-07-17T23:11:53+08:00"}
{"level":"debug","metric":"update","msg":"command metric","sample":0,"time":"2021-07-17T23:11:53+08:00"}
{"level":"debug","metric":"max_connections","msg":"command metric","sample":1024,"time":"2021-07-17T23:11:53+08:00"}
{"level":"debug","metric":"select","msg":"command metric","sample":15,"time":"2021-07-17T23:11:53+08:00"}
{"level":"debug","metric":"insert","msg":"command metric","sample":0,"time":"2021-07-17T23:11:54+08:00"}
{"level":"debug","metric":"delete","msg":"command metric","sample":0,"time":"2021-07-17T23:11:54+08:00"}
{"level":"debug","metric":"max_connections","msg":"command metric","sample":1024,"time":"2021-07-17T23:11:54+08:00"}
{"level":"debug","metric":"update","msg":"command metric","sample":0,"time":"2021-07-17T23:11:54+08:00"}
{"level":"debug","metric":"select","msg":"command metric","sample":15,"time":"2021-07-17T23:11:54+08:00"}
{"level":"debug","metric":"insert","msg":"command metric","sample":0,"time":"2021-07-17T23:11:54+08:00"}
{"level":"debug","metric":"max_connections","msg":"command metric","sample":1024,"time":"2021-07-17T23:11:54+08:00"}
{"level":"debug","metric":"delete","msg":"command metric","sample":0,"time":"2021-07-17T23:11:54+08:00"}
{"level":"debug","metric":"update","msg":"command metric","sample":0,"time":"2021-07-17T23:11:54+08:00"}
{"level":"debug","metric":"select","msg":"command metric","sample":15,"time":"2021-07-17T23:11:54+08:00"}
{"level":"debug","metric":"insert","msg":"command metric","sample":0,"time":"2021-07-17T23:11:54+08:00"}
{"level":"debug","metric":"delete","msg":"command metric","sample":0,"time":"2021-07-17T23:11:54+08:00"}
{"level":"debug","metric":"max_connections","msg":"command metric","sample":1024,"time":"2021-07-17T23:11:54+08:00"}
{"level":"debug","metric":"update","msg":"command metric","sample":0,"time":"2021-07-17T23:11:54+08:00"}
{"level":"debug","metric":"select","msg":"command metric","sample":15,"time":"2021-07-17T23:11:54+08:00"}
{"level":"debug","metric":"max_connections","msg":"command metric","sample":1024,"time":"2021-07-17T23:12:06+08:00"}
{"level":"debug","metric":"insert","msg":"command metric","sample":0,"time":"2021-07-17T23:12:06+08:00"}
{"level":"debug","metric":"delete","msg":"command metric","sample":0,"time":"2021-07-17T23:12:06+08:00"}
{"level":"debug","metric":"update","msg":"command metric","sample":0,"time":"2021-07-17T23:12:06+08:00"}
{"level":"debug","metric":"select","msg":"command metric","sample":15,"time":"2021-07-17T23:12:06+08:00"}
{"level":"debug","metric":"max_connections","msg":"command metric","sample":1024,"time":"2021-07-17T23:12:21+08:00"}
{"level":"debug","metric":"insert","msg":"command metric","sample":0,"time":"2021-07-17T23:12:21+08:00"}
{"level":"debug","metric":"delete","msg":"command metric","sample":0,"time":"2021-07-17T23:12:21+08:00"}
{"level":"debug","metric":"update","msg":"command metric","sample":0,"time":"2021-07-17T23:12:21+08:00"}
{"level":"debug","metric":"select","msg":"command metric","sample":15,"time":"2021-07-17T23:12:21+08:00"}
{"level":"debug","metric":"max_connections","msg":"command metric","sample":1024,"time":"2021-07-17T23:12:36+08:00"}
{"level":"debug","metric":"insert","msg":"command metric","sample":0,"time":"2021-07-17T23:12:36+08:00"}
{"level":"debug","metric":"delete","msg":"command metric","sample":0,"time":"2021-07-17T23:12:36+08:00"}
{"level":"debug","metric":"update","msg":"command metric","sample":0,"time":"2021-07-17T23:12:36+08:00"}
{"level":"debug","metric":"select","msg":"command metric","sample":15,"time":"2021-07-17T23:12:36+08:00"}
{"level":"debug","metric":"insert","msg":"command metric","sample":0,"time":"2021-07-17T23:12:43+08:00"}
{"level":"debug","metric":"delete","msg":"command metric","sample":0,"time":"2021-07-17T23:12:43+08:00"}
{"level":"debug","metric":"max_connections","msg":"command metric","sample":1024,"time":"2021-07-17T23:12:43+08:00"}
{"level":"debug","metric":"update","msg":"command metric","sample":0,"time":"2021-07-17T23:12:43+08:00"}
{"level":"debug","metric":"select","msg":"command metric","sample":15,"time":"2021-07-17T23:12:43+08:00"}
{"level":"debug","metric":"insert","msg":"command metric","sample":0,"time":"2021-07-17T23:12:44+08:00"}
{"level":"debug","metric":"delete","msg":"command metric","sample":0,"time":"2021-07-17T23:12:44+08:00"}
{"level":"debug","metric":"max_connections","msg":"command metric","sample":1024,"time":"2021-07-17T23:12:44+08:00"}
{"level":"debug","metric":"update","msg":"command metric","sample":0,"time":"2021-07-17T23:12:44+08:00"}
{"level":"debug","metric":"select","msg":"command metric","sample":15,"time":"2021-07-17T23:12:44+08:00"}
{"level":"debug","metric":"insert","msg":"command metric","sample":0,"time":"2021-07-17T23:12:46+08:00"}
{"level":"debug","metric":"max_connections","msg":"command metric","sample":1024,"time":"2021-07-17T23:12:46+08:00"}
{"level":"debug","metric":"delete","msg":"command metric","sample":0,"time":"2021-07-17T23:12:46+08:00"}
{"level":"debug","metric":"update","msg":"command metric","sample":0,"time":"2021-07-17T23:12:46+08:00"}
{"level":"debug","metric":"select","msg":"command metric","sample":15,"time":"2021-07-17T23:12:46+08:00"}
{"level":"debug","metric":"max_connections","msg":"command metric","sample":1024,"time":"2021-07-17T23:12:52+08:00"}
{"level":"debug","metric":"insert","msg":"command metric","sample":0,"time":"2021-07-17T23:12:52+08:00"}
{"level":"debug","metric":"delete","msg":"command metric","sample":0,"time":"2021-07-17T23:12:52+08:00"}
{"level":"debug","metric":"update","msg":"command metric","sample":0,"time":"2021-07-17T23:12:52+08:00"}
{"level":"debug","metric":"select","msg":"command metric","sample":15,"time":"2021-07-17T23:12:52+08:00"}
{"level":"debug","metric":"max_connections","msg":"command metric","sample":1024,"time":"2021-07-17T23:13:06+08:00"}
{"level":"debug","metric":"insert","msg":"command metric","sample":0,"time":"2021-07-17T23:13:06+08:00"}
{"level":"debug","metric":"delete","msg":"command metric","sample":0,"time":"2021-07-17T23:13:06+08:00"}
{"level":"debug","metric":"update","msg":"command metric","sample":0,"time":"2021-07-17T23:13:06+08:00"}
{"level":"debug","metric":"select","msg":"command metric","sample":15,"time":"2021-07-17T23:13:06+08:00"}
{"level":"debug","metric":"insert","msg":"command metric","sample":0,"time":"2021-07-17T23:13:21+08:00"}
{"level":"debug","metric":"max_connections","msg":"command metric","sample":1024,"time":"2021-07-17T23:13:21+08:00"}
{"level":"debug","metric":"delete","msg":"command metric","sample":0,"time":"2021-07-17T23:13:21+08:00"}
{"level":"debug","metric":"update","msg":"command metric","sample":0,"time":"2021-07-17T23:13:21+08:00"}
{"level":"debug","metric":"select","msg":"command metric","sample":15,"time":"2021-07-17T23:13:21+08:00"}
{"level":"debug","metric":"max_connections","msg":"command metric","sample":1024,"time":"2021-07-17T23:13:36+08:00"}
{"level":"debug","metric":"insert","msg":"command metric","sample":0,"time":"2021-07-17T23:13:36+08:00"}
{"level":"debug","metric":"delete","msg":"command metric","sample":0,"time":"2021-07-17T23:13:36+08:00"}
{"level":"debug","metric":"update","msg":"command metric","sample":0,"time":"2021-07-17T23:13:36+08:00"}
{"level":"debug","metric":"select","msg":"command metric","sample":15,"time":"2021-07-17T23:13:36+08:00"}
{"level":"debug","metric":"insert","msg":"command metric","sample":0,"time":"2021-07-17T23:14:06+08:00"}
{"level":"debug","metric":"delete","msg":"command metric","sample":0,"time":"2021-07-17T23:14:06+08:00"}
{"level":"debug","metric":"update","msg":"command metric","sample":0,"time":"2021-07-17T23:14:06+08:00"}
{"level":"debug","metric":"max_connections","msg":"command metric","sample":1024,"time":"2021-07-17T23:14:06+08:00"}
{"level":"debug","metric":"select","msg":"command metric","sample":15,"time":"2021-07-17T23:14:06+08:00"}
{"level":"debug","metric":"max_connections","msg":"command metric","sample":1024,"time":"2021-07-17T23:14:21+08:00"}
{"level":"debug","metric":"insert","msg":"command metric","sample":0,"time":"2021-07-17T23:14:21+08:00"}
{"level":"debug","metric":"delete","msg":"command metric","sample":0,"time":"2021-07-17T23:14:21+08:00"}
{"level":"debug","metric":"update","msg":"command metric","sample":0,"time":"2021-07-17T23:14:21+08:00"}
{"level":"debug","metric":"select","msg":"command metric","sample":15,"time":"2021-07-17T23:14:21+08:00"}
{"level":"debug","metric":"insert","msg":"command metric","sample":0,"time":"2021-07-17T23:14:36+08:00"}
{"level":"debug","metric":"max_connections","msg":"command metric","sample":1024,"time":"2021-07-17T23:14:36+08:00"}
{"level":"debug","metric":"delete","msg":"command metric","sample":0,"time":"2021-07-17T23:14:36+08:00"}
{"level":"debug","metric":"update","msg":"command metric","sample":0,"time":"2021-07-17T23:14:36+08:00"}
{"level":"debug","metric":"select","msg":"command metric","sample":15,"time":"2021-07-17T23:14:36+08:00"}
{"level":"debug","metric":"max_connections","msg":"command metric","sample":1024,"time":"2021-07-17T23:14:51+08:00"}
{"level":"debug","metric":"insert","msg":"command metric","sample":0,"time":"2021-07-17T23:14:51+08:00"}
{"level":"debug","metric":"delete","msg":"command metric","sample":0,"time":"2021-07-17T23:14:51+08:00"}
{"level":"debug","metric":"update","msg":"command metric","sample":0,"time":"2021-07-17T23:14:51+08:00"}
{"level":"debug","metric":"select","msg":"command metric","sample":15,"time":"2021-07-17T23:14:51+08:00"}
{"level":"debug","metric":"max_connections","msg":"command metric","sample":1024,"time":"2021-07-17T23:15:06+08:00"}
{"level":"debug","metric":"insert","msg":"command metric","sample":0,"time":"2021-07-17T23:15:06+08:00"}
{"level":"debug","metric":"delete","msg":"command metric","sample":0,"time":"2021-07-17T23:15:06+08:00"}
{"level":"debug","metric":"update","msg":"command metric","sample":0,"time":"2021-07-17T23:15:06+08:00"}
{"level":"debug","metric":"select","msg":"command metric","sample":15,"time":"2021-07-17T23:15:06+08:00"}
{"level":"debug","metric":"insert","msg":"command metric","sample":0,"time":"2021-07-17T23:15:21+08:00"}
{"level":"debug","metric":"max_connections","msg":"command metric","sample":1024,"time":"2021-07-17T23:15:21+08:00"}
{"level":"debug","metric":"delete","msg":"command metric","sample":0,"time":"2021-07-17T23:15:21+08:00"}
{"level":"debug","metric":"update","msg":"command metric","sample":0,"time":"2021-07-17T23:15:21+08:00"}
{"level":"debug","metric":"select","msg":"command metric","sample":15,"time":"2021-07-17T23:15:21+08:00"}
{"level":"debug","metric":"max_connections","msg":"command metric","sample":1024,"time":"2021-07-17T23:15:23+08:00"}
{"level":"debug","metric":"insert","msg":"command metric","sample":0,"time":"2021-07-17T23:15:23+08:00"}
{"level":"debug","metric":"delete","msg":"command metric","sample":0,"time":"2021-07-17T23:15:23+08:00"}
{"level":"debug","metric":"update","msg":"command metric","sample":0,"time":"2021-07-17T23:15:23+08:00"}
{"level":"debug","metric":"select","msg":"command metric","sample":15,"time":"2021-07-17T23:15:23+08:00"}
{"level":"debug","metric":"max_connections","msg":"command metric","sample":1024,"time":"2021-07-17T23:15:24+08:00"}
{"level":"debug","metric":"insert","msg":"command metric","sample":0,"time":"2021-07-17T23:15:24+08:00"}
{"level":"debug","metric":"delete","msg":"command metric","sample":0,"time":"2021-07-17T23:15:24+08:00"}
{"level":"debug","metric":"update","msg":"command metric","sample":0,"time":"2021-07-17T23:15:24+08:00"}
{"level":"debug","metric":"select","msg":"command metric","sample":15,"time":"2021-07-17T23:15:24+08:00"}
{"level":"debug","metric":"max_connections","msg":"command metric","sample":1024,"time":"2021-07-17T23:15:36+08:00"}
{"level":"debug","metric":"insert","msg":"command metric","sample":0,"time":"2021-07-17T23:15:36+08:00"}
{"level":"debug","metric":"delete","msg":"command metric","sample":0,"time":"2021-07-17T23:15:36+08:00"}
{"level":"debug","metric":"update","msg":"command metric","sample":0,"time":"2021-07-17T23:15:36+08:00"}
{"level":"debug","metric":"select","msg":"command metric","sample":15,"time":"2021-07-17T23:15:36+08:00"}
{"level":"debug","metric":"max_connections","msg":"command metric","sample":1024,"time":"2021-07-17T23:16:36+08:00"}
{"level":"debug","metric":"insert","msg":"command metric","sample":0,"time":"2021-07-17T23:16:36+08:00"}
{"level":"debug","metric":"delete","msg":"command metric","sample":0,"time":"2021-07-17T23:16:36+08:00"}
{"level":"debug","metric":"update","msg":"command metric","sample":0,"time":"2021-07-17T23:16:36+08:00"}
{"level":"debug","metric":"select","msg":"command metric","sample":15,"time":"2021-07-17T23:16:36+08:00"}
{"level":"debug","metric":"insert","msg":"command metric","sample":0,"time":"2021-07-17T23:16:51+08:00"}
{"level":"debug","metric":"delete","msg":"command metric","sample":0,"time":"2021-07-17T23:16:51+08:00"}
{"level":"debug","metric":"max_connections","msg":"command metric","sample":1024,"time":"2021-07-17T23:16:51+08:00"}
{"level":"debug","metric":"update","msg":"command metric","sample":0,"time":"2021-07-17T23:16:51+08:00"}
{"level":"debug","metric":"select","msg":"command metric","sample":15,"time":"2021-07-17T23:16:51+08:00"}
{"level":"debug","metric":"insert","msg":"command metric","sample":0,"time":"2021-07-17T23:17:06+08:00"}
{"level":"debug","metric":"delete","msg":"command metric","sample":0,"time":"2021-07-17T23:17:06+08:00"}
{"level":"debug","metric":"max_connections","msg":"command metric","sample":1024,"time":"2021-07-17T23:17:06+08:00"}
{"level":"debug","metric":"update","msg":"command metric","sample":0,"time":"2021-07-17T23:17:06+08:00"}
{"level":"debug","metric":"select","msg":"command metric","sample":15,"time":"2021-07-17T23:17:06+08:00"}
{"level":"debug","metric":"insert","msg":"command metric","sample":0,"time":"2021-07-17T23:17:21+08:00"}
{"level":"debug","metric":"max_connections","msg":"command metric","sample":1024,"time":"2021-07-17T23:17:21+08:00"}
{"level":"debug","metric":"delete","msg":"command metric","sample":0,"time":"2021-07-17T23:17:21+08:00"}
{"level":"debug","metric":"update","msg":"command metric","sample":0,"time":"2021-07-17T23:17:21+08:00"}
{"level":"debug","metric":"select","msg":"command metric","sample":15,"time":"2021-07-17T23:17:21+08:00"}
{"level":"debug","metric":"insert","msg":"command metric","sample":0,"time":"2021-07-17T23:17:36+08:00"}
{"level":"debug","metric":"max_connections","msg":"command metric","sample":1024,"time":"2021-07-17T23:17:36+08:00"}
{"level":"debug","metric":"delete","msg":"command metric","sample":0,"time":"2021-07-17T23:17:36+08:00"}
{"level":"debug","metric":"update","msg":"command metric","sample":0,"time":"2021-07-17T23:17:36+08:00"}
{"level":"debug","metric":"select","msg":"command metric","sample":15,"time":"2021-07-17T23:17:36+08:00"}
{"level":"debug","metric":"insert","msg":"command metric","sample":0,"time":"2021-07-17T23:17:51+08:00"}
{"level":"debug","metric":"delete","msg":"command metric","sample":0,"time":"2021-07-17T23:17:51+08:00"}
{"level":"debug","metric":"max_connections","msg":"command metric","sample":1024,"time":"2021-07-17T23:17:51+08:00"}
{"level":"debug","metric":"update","msg":"command metric","sample":0,"time":"2021-07-17T23:17:51+08:00"}
{"level":"debug","metric":"select","msg":"command metric","sample":15,"time":"2021-07-17T23:17:51+08:00"}
{"level":"debug","metric":"max_connections","msg":"command metric","sample":1024,"time":"2021-07-17T23:18:06+08:00"}
{"level":"debug","metric":"insert","msg":"command metric","sample":0,"time":"2021-07-17T23:18:06+08:00"}
{"level":"debug","metric":"delete","msg":"command metric","sample":0,"time":"2021-07-17T23:18:06+08:00"}
{"level":"debug","metric":"update","msg":"command metric","sample":0,"time":"2021-07-17T23:18:06+08:00"}
{"level":"debug","metric":"select","msg":"command metric","sample":15,"time":"2021-07-17T23:18:06+08:00"}
{"level":"debug","metric":"insert","msg":"command metric","sample":0,"time":"2021-07-17T23:18:21+08:00"}
{"level":"debug","metric":"delete","msg":"command metric","sample":0,"time":"2021-07-17T23:18:21+08:00"}
{"level":"debug","metric":"max_connections","msg":"command metric","sample":1024,"time":"2021-07-17T23:18:21+08:00"}
{"level":"debug","metric":"update","msg":"command metric","sample":0,"time":"2021-07-17T23:18:21+08:00"}
{"level":"debug","metric":"select","msg":"command metric","sample":15,"time":"2021-07-17T23:18:21+08:00"}
{"level":"debug","metric":"insert","msg":"command metric","sample":0,"time":"2021-07-17T23:18:36+08:00"}
{"level":"debug","metric":"delete","msg":"command metric","sample":0,"time":"2021-07-17T23:18:36+08:00"}
{"level":"debug","metric":"max_connections","msg":"command metric","sample":1024,"time":"2021-07-17T23:18:36+08:00"}
{"level":"debug","metric":"update","msg":"command metric","sample":0,"time":"2021-07-17T23:18:36+08:00"}
{"level":"debug","metric":"select","msg":"command metric","sample":15,"time":"2021-07-17T23:18:36+08:00"}
{"level":"debug","metric":"insert","msg":"command metric","sample":0,"time":"2021-07-17T23:18:51+08:00"}
{"level":"debug","metric":"max_connections","msg":"command metric","sample":1024,"time":"2021-07-17T23:18:51+08:00"}
{"level":"debug","metric":"delete","msg":"command metric","sample":0,"time":"2021-07-17T23:18:51+08:00"}
{"level":"debug","metric":"update","msg":"command metric","sample":0,"time":"2021-07-17T23:18:51+08:00"}
{"level":"debug","metric":"select","msg":"command metric","sample":15,"time":"2021-07-17T23:18:51+08:00"}
{"level":"debug","metric":"max_connections","msg":"command metric","sample":1024,"time":"2021-07-17T23:19:06+08:00"}
{"level":"debug","metric":"insert","msg":"command metric","sample":0,"time":"2021-07-17T23:19:06+08:00"}
{"level":"debug","metric":"delete","msg":"command metric","sample":0,"time":"2021-07-17T23:19:06+08:00"}
{"level":"debug","metric":"update","msg":"command metric","sample":0,"time":"2021-07-17T23:19:06+08:00"}
{"level":"debug","metric":"select","msg":"command metric","sample":15,"time":"2021-07-17T23:19:06+08:00"}
{"level":"debug","metric":"max_connections","msg":"command metric","sample":1024,"time":"2021-07-17T23:19:21+08:00"}
{"level":"debug","metric":"insert","msg":"command metric","sample":0,"time":"2021-07-17T23:19:21+08:00"}
{"level":"debug","metric":"delete","msg":"command metric","sample":0,"time":"2021-07-17T23:19:21+08:00"}
{"level":"debug","metric":"update","msg":"command metric","sample":0,"time":"2021-07-17T23:19:21+08:00"}
{"level":"debug","metric":"select","msg":"command metric","sample":15,"time":"2021-07-17T23:19:21+08:00"}
{"level":"debug","metric":"max_connections","msg":"command metric","sample":1024,"time":"2021-07-17T23:19:36+08:00"}
{"level":"debug","metric":"insert","msg":"command metric","sample":0,"time":"2021-07-17T23:19:36+08:00"}
{"level":"debug","metric":"delete","msg":"command metric","sample":0,"time":"2021-07-17T23:19:36+08:00"}
{"level":"debug","metric":"update","msg":"command metric","sample":0,"time":"2021-07-17T23:19:36+08:00"}
{"level":"debug","metric":"select","msg":"command metric","sample":15,"time":"2021-07-17T23:19:36+08:00"}
{"level":"debug","metric":"max_connections","msg":"command metric","sample":1024,"time":"2021-07-17T23:19:51+08:00"}
{"level":"debug","metric":"insert","msg":"command metric","sample":0,"time":"2021-07-17T23:19:51+08:00"}
{"level":"debug","metric":"delete","msg":"command metric","sample":0,"time":"2021-07-17T23:19:51+08:00"}
{"level":"debug","metric":"update","msg":"command metric","sample":0,"time":"2021-07-17T23:19:51+08:00"}
{"level":"debug","metric":"select","msg":"command metric","sample":15,"time":"2021-07-17T23:19:51+08:00"}
{"level":"debug","metric":"max_connections","msg":"command metric","sample":1024,"time":"2021-07-17T23:20:06+08:00"}
{"level":"debug","metric":"insert","msg":"command metric","sample":0,"time":"2021-07-17T23:20:06+08:00"}
{"level":"debug","metric":"delete","msg":"command metric","sample":0,"time":"2021-07-17T23:20:06+08:00"}
{"level":"debug","metric":"update","msg":"command metric","sample":0,"time":"2021-07-17T23:20:06+08:00"}
{"level":"debug","metric":"select","msg":"command metric","sample":15,"time":"2021-07-17T23:20:06+08:00"}
{"level":"debug","metric":"max_connections","msg":"command metric","sample":1024,"time":"2021-07-17T23:20:21+08:00"}
{"level":"debug","metric":"insert","msg":"command metric","sample":0,"time":"2021-07-17T23:20:21+08:00"}
{"level":"debug","metric":"delete","msg":"command metric","sample":0,"time":"2021-07-17T23:20:21+08:00"}
{"level":"debug","metric":"update","msg":"command metric","sample":0,"time":"2021-07-17T23:20:21+08:00"}
{"level":"debug","metric":"select","msg":"command metric","sample":15,"time":"2021-07-17T23:20:21+08:00"}
{"level":"debug","metric":"insert","msg":"command metric","sample":0,"time":"2021-07-17T23:20:36+08:00"}
{"level":"debug","metric":"delete","msg":"command metric","sample":0,"time":"2021-07-17T23:20:36+08:00"}
{"level":"debug","metric":"max_connections","msg":"command metric","sample":1024,"time":"2021-07-17T23:20:36+08:00"}
{"level":"debug","metric":"update","msg":"command metric","sample":0,"time":"2021-07-17T23:20:36+08:00"}
{"level":"debug","metric":"select","msg":"command metric","sample":15,"time":"2021-07-17T23:20:36+08:00"}
{"level":"debug","metric":"max_connections","msg":"command metric","sample":1024,"time":"2021-07-17T23:20:51+08:00"}
{"level":"debug","metric":"insert","msg":"command metric","sample":0,"time":"2021-07-17T23:20:51+08:00"}
{"level":"debug","metric":"delete","msg":"command metric","sample":0,"time":"2021-07-17T23:20:51+08:00"}
{"level":"debug","metric":"update","msg":"command metric","sample":0,"time":"2021-07-17T23:20:51+08:00"}
{"level":"debug","metric":"select","msg":"command metric","sample":19,"time":"2021-07-17T23:20:51+08:00"}
{"level":"debug","metric":"max_connections","msg":"command metric","sample":1024,"time":"2021-07-17T23:21:06+08:00"}
{"level":"debug","metric":"insert","msg":"command metric","sample":0,"time":"2021-07-17T23:21:06+08:00"}
{"level":"debug","metric":"delete","msg":"command metric","sample":0,"time":"2021-07-17T23:21:06+08:00"}
{"level":"debug","metric":"update","msg":"command metric","sample":0,"time":"2021-07-17T23:21:06+08:00"}
{"level":"debug","metric":"select","msg":"command metric","sample":19,"time":"2021-07-17T23:21:06+08:00"}
{"level":"debug","metric":"insert","msg":"command metric","sample":0,"time":"2021-07-17T23:21:21+08:00"}
{"level":"debug","metric":"delete","msg":"command metric","sample":0,"time":"2021-07-17T23:21:21+08:00"}
{"level":"debug","metric":"max_connections","msg":"command metric","sample":1024,"time":"2021-07-17T23:21:21+08:00"}
{"level":"debug","metric":"update","msg":"command metric","sample":0,"time":"2021-07-17T23:21:21+08:00"}
{"level":"debug","metric":"select","msg":"command metric","sample":19,"time":"2021-07-17T23:21:21+08:00"}
{"level":"debug","metric":"max_connections","msg":"command metric","sample":1024,"time":"2021-07-17T23:21:36+08:00"}
{"level":"debug","metric":"insert","msg":"command metric","sample":0,"time":"2021-07-17T23:21:36+08:00"}
{"level":"debug","metric":"delete","msg":"command metric","sample":0,"time":"2021-07-17T23:21:36+08:00"}
{"level":"debug","metric":"update","msg":"command metric","sample":0,"time":"2021-07-17T23:21:36+08:00"}
{"level":"debug","metric":"select","msg":"command metric","sample":19,"time":"2021-07-17T23:21:36+08:00"}
{"level":"debug","metric":"insert","msg":"command metric","sample":0,"time":"2021-07-17T23:21:51+08:00"}
{"level":"debug","metric":"max_connections","msg":"command metric","sample":1024,"time":"2021-07-17T23:21:51+08:00"}
{"level":"debug","metric":"delete","msg":"command metric","sample":0,"time":"2021-07-17T23:21:51+08:00"}
{"level":"debug","metric":"update","msg":"command metric","sample":0,"time":"2021-07-17T23:21:51+08:00"}
{"level":"debug","metric":"select","msg":"command metric","sample":19,"time":"2021-07-17T23:21:51+08:00"}
{"level":"debug","metric":"insert","msg":"command metric","sample":0,"time":"2021-07-17T23:22:06+08:00"}
{"level":"debug","metric":"delete","msg":"command metric","sample":0,"time":"2021-07-17T23:22:06+08:00"}
{"level":"debug","metric":"max_connections","msg":"command metric","sample":1024,"time":"2021-07-17T23:22:06+08:00"}
{"level":"debug","metric":"update","msg":"command metric","sample":0,"time":"2021-07-17T23:22:06+08:00"}
{"level":"debug","metric":"select","msg":"command metric","sample":19,"time":"2021-07-17T23:22:06+08:00"}
{"level":"debug","metric":"max_connections","msg":"command metric","sample":1024,"time":"2021-07-17T23:22:21+08:00"}
{"level":"debug","metric":"insert","msg":"command metric","sample":0,"time":"2021-07-17T23:22:21+08:00"}
{"level":"debug","metric":"delete","msg":"command metric","sample":0,"time":"2021-07-17T23:22:21+08:00"}
{"level":"debug","metric":"update","msg":"command metric","sample":0,"time":"2021-07-17T23:22:21+08:00"}
{"level":"debug","metric":"select","msg":"command metric","sample":23,"time":"2021-07-17T23:22:21+08:00"}
{"level":"debug","metric":"insert","msg":"command metric","sample":0,"time":"2021-07-17T23:22:36+08:00"}
{"level":"debug","metric":"delete","msg":"command metric","sample":0,"time":"2021-07-17T23:22:36+08:00"}
{"level":"debug","metric":"max_connections","msg":"command metric","sample":1024,"time":"2021-07-17T23:22:36+08:00"}
{"level":"debug","metric":"update","msg":"command metric","sample":0,"time":"2021-07-17T23:22:36+08:00"}
{"level":"debug","metric":"select","msg":"command metric","sample":23,"time":"2021-07-17T23:22:36+08:00"}
{"level":"debug","metric":"max_connections","msg":"command metric","sample":1024,"time":"2021-07-17T23:22:51+08:00"}
{"level":"debug","metric":"insert","msg":"command metric","sample":0,"time":"2021-07-17T23:22:51+08:00"}
{"level":"debug","metric":"delete","msg":"command metric","sample":0,"time":"2021-07-17T23:22:51+08:00"}
{"level":"debug","metric":"update","msg":"command metric","sample":0,"time":"2021-07-17T23:22:51+08:00"}
{"level":"debug","metric":"select","msg":"command metric","sample":23,"time":"2021-07-17T23:22:51+08:00"}
{"level":"debug","metric":"insert","msg":"command metric","sample":0,"time":"2021-07-17T23:23:06+08:00"}
{"level":"debug","metric":"delete","msg":"command metric","sample":0,"time":"2021-07-17T23:23:06+08:00"}
{"level":"debug","metric":"update","msg":"command metric","sample":0,"time":"2021-07-17T23:23:06+08:00"}
{"level":"debug","metric":"max_connections","msg":"command metric","sample":1024,"time":"2021-07-17T23:23:06+08:00"}
{"level":"debug","metric":"select","msg":"command metric","sample":23,"time":"2021-07-17T23:23:06+08:00"}
{"level":"debug","metric":"insert","msg":"command metric","sample":0,"time":"2021-07-17T23:23:21+08:00"}
{"level":"debug","metric":"delete","msg":"command metric","sample":0,"time":"2021-07-17T23:23:21+08:00"}
{"level":"debug","metric":"max_connections","msg":"command metric","sample":1024,"time":"2021-07-17T23:23:21+08:00"}
{"level":"debug","metric":"update","msg":"command metric","sample":0,"time":"2021-07-17T23:23:21+08:00"}
{"level":"debug","metric":"select","msg":"command metric","sample":23,"time":"2021-07-17T23:23:21+08:00"}
{"level":"debug","metric":"insert","msg":"command metric","sample":0,"time":"2021-07-17T23:23:36+08:00"}
{"level":"debug","metric":"delete","msg":"command metric","sample":0,"time":"2021-07-17T23:23:36+08:00"}
{"level":"debug","metric":"max_connections","msg":"command metric","sample":1024,"time":"2021-07-17T23:23:36+08:00"}
{"level":"debug","metric":"update","msg":"command metric","sample":0,"time":"2021-07-17T23:23:36+08:00"}
{"level":"debug","metric":"select","msg":"command metric","sample":23,"time":"2021-07-17T23:23:36+08:00"}
