2021/07/29 00:00:02.118 [server.go:2843]  ::1 - - [29/Jul/2021 12:00:02] "POST /agent/register/ HTTP/1.1 200 0" 0.096022  Go-http-client/1.1
2021/07/29 00:00:12.131 [server.go:2843]  ::1 - - [29/Jul/2021 12:00:12] "POST /agent/register/ HTTP/1.1 200 0" 0.110026  Go-http-client/1.1
2021/07/29 00:00:12.168 [server.go:2843]  ::1 - - [29/Jul/2021 12:00:12] "POST /agent/register/ HTTP/1.1 200 0" 0.145031  Go-http-client/1.1
2021/07/29 00:00:22.040 [server.go:2843]  ::1 - - [29/Jul/2021 12:00:22] "POST /agent/register/ HTTP/1.1 200 0" 0.008984  Go-http-client/1.1
2021/07/29 00:00:32.042 [server.go:2843]  ::1 - - [29/Jul/2021 12:00:32] "POST /agent/register/ HTTP/1.1 200 0" 0.008001  Go-http-client/1.1
2021/07/29 00:00:42.045 [server.go:2843]  ::1 - - [29/Jul/2021 12:00:42] "POST /agent/register/ HTTP/1.1 200 0" 0.018006  Go-http-client/1.1
2021/07/29 00:00:52.107 [server.go:2843]  ::1 - - [29/Jul/2021 12:00:52] "POST /agent/register/ HTTP/1.1 200 0" 0.071017  Go-http-client/1.1
2021/07/29 00:01:02.118 [server.go:2843]  ::1 - - [29/Jul/2021 12:01:02] "POST /agent/register/ HTTP/1.1 200 0" 0.097023  Go-http-client/1.1
2021/07/29 00:01:12.050 [server.go:2843]  ::1 - - [29/Jul/2021 12:01:12] "POST /agent/register/ HTTP/1.1 200 0" 0.027008  Go-http-client/1.1
2021/07/29 00:01:12.058 [server.go:2843]  ::1 - - [29/Jul/2021 12:01:12] "POST /agent/register/ HTTP/1.1 200 0" 0.033999  Go-http-client/1.1
2021/07/29 00:01:22.047 [server.go:2843]  ::1 - - [29/Jul/2021 12:01:22] "POST /agent/register/ HTTP/1.1 200 0" 0.014001  Go-http-client/1.1
2021/07/29 00:01:32.030 [server.go:2843]  ::1 - - [29/Jul/2021 12:01:32] "POST /agent/register/ HTTP/1.1 200 0" 0.008002  Go-http-client/1.1
2021/07/29 00:01:42.036 [server.go:2843]  ::1 - - [29/Jul/2021 12:01:42] "POST /agent/register/ HTTP/1.1 200 0" 0.007003  Go-http-client/1.1
2021/07/29 00:01:52.040 [server.go:2843]  ::1 - - [29/Jul/2021 12:01:52] "POST /agent/register/ HTTP/1.1 200 0" 0.010002  Go-http-client/1.1
2021/07/29 00:02:00.187 [server.go:2843]  ::1 - - [29/Jul/2021 12:02:00] "POST /agent/register// HTTP/1.1 200 0" 0.020004  Go-http-client/1.1
2021/07/29 00:02:00.194 [server.go:2843]  ::1 - - [29/Jul/2021 12:02:00] "POST /agent/register// HTTP/1.1 200 0" 0.028008  Go-http-client/1.1
2021/07/29 00:02:00.214 [server.go:2843]  ::1 - - [29/Jul/2021 12:02:00] "POST /agent/register// HTTP/1.1 200 0" 0.047012  Go-http-client/1.1
2021/07/29 00:02:13.407 [server.go:2843]  ::1 - - [29/Jul/2021 12:02:13] "POST /agent/register/ HTTP/1.1 200 0" 0.101336  Go-http-client/1.1
2021/07/29 00:02:13.412 [server.go:2843]  ::1 - - [29/Jul/2021 12:02:13] "POST /agent/register/ HTTP/1.1 200 0" 0.106338  Go-http-client/1.1
2021/07/29 00:02:13.414 [server.go:2843]  ::1 - - [29/Jul/2021 12:02:13] "POST /agent/register/ HTTP/1.1 200 0" 0.108340  Go-http-client/1.1
2021/07/29 00:02:22.738 [server.go:2843]  ::1 - - [29/Jul/2021 12:02:22] "POST /agent/register/ HTTP/1.1 200 0" 0.009000  PostmanRuntime/7.28.2
2021/07/29 00:02:23.297 [server.go:2843]  ::1 - - [29/Jul/2021 12:02:23] "POST /agent/register/ HTTP/1.1 200 0" 0.008004  Go-http-client/1.1
2021/07/29 00:02:26.657 [server.go:2843]  ::1 - - [29/Jul/2021 12:02:26] "GET /agent/query HTTP/1.1 200 0" 0.022006 http://localhost:8888/agent/modify?pk=27 Mozilla/5.0 (Windows NT 10.0; Win64; x64) AppleWebKit/537.36 (KHTML, like Gecko) Chrome/92.0.4515.107 Safari/537.36 Edg/92.0.902.55
2021/07/29 00:02:26.722 [server.go:3093]  [HTTP] http: superfluous response.WriteHeader call from github.com/astaxie/beego/context.(*Response).WriteHeader (context.go:230)
2021/07/29 00:02:29.096 [server.go:2843]  ::1 - - [29/Jul/2021 12:02:29] "GET /agent/query HTTP/1.1 200 0" 0.023001 http://localhost:8888/agent/modify?pk=27 Mozilla/5.0 (Windows NT 10.0; Win64; x64) AppleWebKit/537.36 (KHTML, like Gecko) Chrome/92.0.4515.107 Safari/537.36 Edg/92.0.902.55
2021/07/29 00:02:29.160 [server.go:3093]  [HTTP] http: superfluous response.WriteHeader call from github.com/astaxie/beego/context.(*Response).WriteHeader (context.go:230)
2021/07/29 00:02:30.139 [server.go:2843]  ::1 - - [29/Jul/2021 12:02:30] "GET /agent/query HTTP/1.1 200 0" 0.022005 http://localhost:8888/agent/modify?pk=27 Mozilla/5.0 (Windows NT 10.0; Win64; x64) AppleWebKit/537.36 (KHTML, like Gecko) Chrome/92.0.4515.107 Safari/537.36 Edg/92.0.902.55
2021/07/29 00:02:30.197 [server.go:3093]  [HTTP] http: superfluous response.WriteHeader call from github.com/astaxie/beego/context.(*Response).WriteHeader (context.go:230)
2021/07/29 00:02:30.992 [server.go:2843]  ::1 - - [29/Jul/2021 12:02:30] "GET /agent/delete?id=32 HTTP/1.1 405 0" 0.003001 http://localhost:8888/agent/query Mozilla/5.0 (Windows NT 10.0; Win64; x64) AppleWebKit/537.36 (KHTML, like Gecko) Chrome/92.0.4515.107 Safari/537.36 Edg/92.0.902.55
2021/07/29 00:02:31.050 [server.go:3093]  [HTTP] http: superfluous response.WriteHeader call from github.com/astaxie/beego/context.(*Response).WriteHeader (context.go:230)
2021/07/29 00:02:32.272 [server.go:3093]  [HTTP] http: superfluous response.WriteHeader call from github.com/astaxie/beego/context.(*Response).WriteHeader (context.go:230)
2021/07/29 00:02:33.296 [server.go:2843]  ::1 - - [29/Jul/2021 12:02:33] "POST /agent/register/ HTTP/1.1 200 0" 0.008005  Go-http-client/1.1
2021/07/29 00:02:43.309 [server.go:2843]  ::1 - - [29/Jul/2021 12:02:43] "POST /agent/register/ HTTP/1.1 200 0" 0.007005  Go-http-client/1.1
2021/07/29 00:02:53.303 [server.go:2843]  ::1 - - [29/Jul/2021 12:02:53] "POST /agent/register/ HTTP/1.1 200 0" 0.012001  Go-http-client/1.1
2021/07/29 00:02:54.488 [server.go:2843]  172.16.10.112 - - [29/Jul/2021 12:02:54] "POST /prometheus/alert/ HTTP/1.1 200 0" 0.007001  Alertmanager/0.21.0
2021/07/29 00:03:03.320 [server.go:2843]  ::1 - - [29/Jul/2021 12:03:03] "POST /agent/register/ HTTP/1.1 200 0" 0.018002  Go-http-client/1.1
2021/07/29 00:03:09.842 [authorization.go:20]  ::1 - - [01/Jan/0001 12:00:00] "POST / HTTP/1.1 302 0" 0.000000  Go-http-client/1.1
2021/07/29 00:03:09.842 [server.go:2843]  ::1 - - [29/Jul/2021 12:03:09] "POST / HTTP/1.1 302 0" 0.004001  Go-http-client/1.1
2021/07/29 00:03:09.857 [authorization.go:20]  ::1 - - [01/Jan/0001 12:00:00] "POST / HTTP/1.1 302 0" 0.000000  Go-http-client/1.1
2021/07/29 00:03:09.858 [server.go:2843]  ::1 - - [29/Jul/2021 12:03:09] "POST / HTTP/1.1 302 0" 0.020006  Go-http-client/1.1
2021/07/29 00:03:09.918 [server.go:2843]  ::1 - - [29/Jul/2021 12:03:09] "POST /agent/register HTTP/1.1 200 0" 0.080019  Go-http-client/1.1
2021/07/29 00:03:09.919 [server.go:2843]  ::1 - - [29/Jul/2021 12:03:09] "GET /auth/login HTTP/1.1 200 0" 0.054012 http://localhost:8888/ Go-http-client/1.1
2021/07/29 00:03:09.935 [server.go:2843]  ::1 - - [29/Jul/2021 12:03:09] "GET /auth/login HTTP/1.1 200 0" 0.072016 http://localhost:8888/ Go-http-client/1.1
2021/07/29 00:03:19.823 [authorization.go:20]  ::1 - - [01/Jan/0001 12:00:00] "POST / HTTP/1.1 302 0" 0.000000  Go-http-client/1.1
2021/07/29 00:03:19.823 [server.go:2843]  ::1 - - [29/Jul/2021 12:03:19] "POST / HTTP/1.1 302 0" 0.002001  Go-http-client/1.1
2021/07/29 00:03:19.836 [server.go:2843]  ::1 - - [29/Jul/2021 12:03:19] "GET /auth/login HTTP/1.1 200 0" 0.010999 http://localhost:8888/ Go-http-client/1.1
2021/07/29 00:03:34.561 [server.go:2843]  ::1 - - [29/Jul/2021 12:03:34] "POST /agent/register HTTP/1.1 200 0" 0.039009  Go-http-client/1.1
2021/07/29 00:03:34.659 [server.go:2843]  ::1 - - [29/Jul/2021 12:03:34] "POST /agent/register HTTP/1.1 200 0" 0.137031  Go-http-client/1.1
2021/07/29 00:03:34.660 [server.go:2843]  ::1 - - [29/Jul/2021 12:03:34] "POST /agent/register HTTP/1.1 200 0" 0.138032  Go-http-client/1.1
2021/07/29 00:03:44.517 [server.go:2843]  ::1 - - [29/Jul/2021 12:03:44] "POST /agent/register HTTP/1.1 200 0" 0.011985  Go-http-client/1.1
2021/07/29 00:03:54.519 [server.go:2843]  ::1 - - [29/Jul/2021 12:03:54] "POST /agent/register HTTP/1.1 200 0" 0.011991  Go-http-client/1.1
2021/07/29 00:04:04.520 [server.go:2843]  ::1 - - [29/Jul/2021 12:04:04] "POST /agent/register HTTP/1.1 200 0" 0.009999  Go-http-client/1.1
2021/07/29 00:04:06.326 [server.go:2843]  ::1 - - [29/Jul/2021 12:04:06] "GET /agent/query HTTP/1.1 200 0" 0.025000 http://localhost:8888/agent/modify?pk=27 Mozilla/5.0 (Windows NT 10.0; Win64; x64) AppleWebKit/537.36 (KHTML, like Gecko) Chrome/92.0.4515.107 Safari/537.36 Edg/92.0.902.55
2021/07/29 00:04:06.397 [server.go:3093]  [HTTP] http: superfluous response.WriteHeader call from github.com/astaxie/beego/context.(*Response).WriteHeader (context.go:230)
2021/07/29 00:04:14.522 [server.go:2843]  ::1 - - [29/Jul/2021 12:04:14] "POST /agent/register HTTP/1.1 200 0" 0.012002  Go-http-client/1.1
2021/07/29 00:04:24.665 [server.go:2843]  ::1 - - [29/Jul/2021 12:04:24] "POST /agent/register HTTP/1.1 200 0" 0.120068  Go-http-client/1.1
2021/07/29 00:04:33.566 [server.go:2843]  ::1 - - [29/Jul/2021 12:04:33] "GET /agent/modify?pk=32 HTTP/1.1 200 0" 0.034041 http://localhost:8888/agent/query Mozilla/5.0 (Windows NT 10.0; Win64; x64) AppleWebKit/537.36 (KHTML, like Gecko) Chrome/92.0.4515.107 Safari/537.36 Edg/92.0.902.55
2021/07/29 00:04:33.752 [server.go:3093]  [HTTP] http: superfluous response.WriteHeader call from github.com/astaxie/beego/context.(*Response).WriteHeader (context.go:230)
2021/07/29 00:04:34.540 [server.go:2843]  ::1 - - [29/Jul/2021 12:04:34] "POST /agent/register HTTP/1.1 200 0" 0.018004  Go-http-client/1.1
2021/07/29 00:04:34.543 [server.go:2843]  ::1 - - [29/Jul/2021 12:04:34] "POST /agent/register HTTP/1.1 200 0" 0.021005  Go-http-client/1.1
2021/07/29 00:04:44.532 [server.go:2843]  ::1 - - [29/Jul/2021 12:04:44] "POST /agent/register HTTP/1.1 200 0" 0.017002  Go-http-client/1.1
2021/07/29 00:04:54.516 [server.go:2843]  ::1 - - [29/Jul/2021 12:04:54] "POST /agent/register HTTP/1.1 200 0" 0.006999  Go-http-client/1.1
2021/07/29 00:05:04.522 [server.go:2843]  ::1 - - [29/Jul/2021 12:05:04] "POST /agent/register HTTP/1.1 200 0" 0.013005  Go-http-client/1.1
2021/07/29 00:05:14.515 [server.go:2843]  ::1 - - [29/Jul/2021 12:05:14] "POST /agent/register HTTP/1.1 200 0" 0.008000  Go-http-client/1.1
2021/07/29 00:05:24.529 [server.go:2843]  ::1 - - [29/Jul/2021 12:05:24] "POST /agent/register HTTP/1.1 200 0" 0.013003  Go-http-client/1.1
2021/07/29 00:05:27.405 [server.go:2843]  ::1 - - [29/Jul/2021 12:05:27] "POST /agent/modify HTTP/1.1 200 0" 0.017004 http://localhost:8888/agent/modify?pk=32 Mozilla/5.0 (Windows NT 10.0; Win64; x64) AppleWebKit/537.36 (KHTML, like Gecko) Chrome/92.0.4515.107 Safari/537.36 Edg/92.0.902.55
2021/07/29 00:05:27.507 [server.go:3093]  [HTTP] http: superfluous response.WriteHeader call from github.com/astaxie/beego/context.(*Response).WriteHeader (context.go:230)
2021/07/29 00:05:33.628 [server.go:2843]  ::1 - - [29/Jul/2021 12:05:33] "POST /agent/modify HTTP/1.1 200 0" 0.014557 http://localhost:8888/agent/modify Mozilla/5.0 (Windows NT 10.0; Win64; x64) AppleWebKit/537.36 (KHTML, like Gecko) Chrome/92.0.4515.107 Safari/537.36 Edg/92.0.902.55
2021/07/29 00:05:33.711 [server.go:3093]  [HTTP] http: superfluous response.WriteHeader call from github.com/astaxie/beego/context.(*Response).WriteHeader (context.go:230)
2021/07/29 00:05:34.606 [server.go:2843]  ::1 - - [29/Jul/2021 12:05:34] "POST /agent/register HTTP/1.1 200 0" 0.085021  Go-http-client/1.1
2021/07/29 00:05:34.610 [server.go:2843]  ::1 - - [29/Jul/2021 12:05:34] "POST /agent/register HTTP/1.1 200 0" 0.088020  Go-http-client/1.1
2021/07/29 00:05:44.517 [server.go:2843]  ::1 - - [29/Jul/2021 12:05:44] "POST /agent/register HTTP/1.1 200 0" 0.010001  Go-http-client/1.1
2021/07/29 00:05:46.811 [agent.go:31]  ::1 - - [01/Jan/0001 12:00:00] "POST /agent/modify HTTP/1.1 302 0" 0.000000 http://localhost:8888/agent/modify Mozilla/5.0 (Windows NT 10.0; Win64; x64) AppleWebKit/537.36 (KHTML, like Gecko) Chrome/92.0.4515.107 Safari/537.36 Edg/92.0.902.55
2021/07/29 00:05:46.811 [server.go:2843]  ::1 - - [29/Jul/2021 12:05:46] "POST /agent/modify HTTP/1.1 302 0" 0.017005 http://localhost:8888/agent/modify Mozilla/5.0 (Windows NT 10.0; Win64; x64) AppleWebKit/537.36 (KHTML, like Gecko) Chrome/92.0.4515.107 Safari/537.36 Edg/92.0.902.55
2021/07/29 00:05:46.840 [server.go:2843]  ::1 - - [29/Jul/2021 12:05:46] "GET /agent/query HTTP/1.1 200 0" 0.021005 http://localhost:8888/agent/modify Mozilla/5.0 (Windows NT 10.0; Win64; x64) AppleWebKit/537.36 (KHTML, like Gecko) Chrome/92.0.4515.107 Safari/537.36 Edg/92.0.902.55
2021/07/29 00:05:46.909 [server.go:3093]  [HTTP] http: superfluous response.WriteHeader call from github.com/astaxie/beego/context.(*Response).WriteHeader (context.go:230)
2021/07/29 00:05:54.599 [server.go:2843]  ::1 - - [29/Jul/2021 12:05:54] "POST /agent/register HTTP/1.1 200 0" 0.086018  Go-http-client/1.1
2021/07/29 00:06:04.515 [server.go:2843]  ::1 - - [29/Jul/2021 12:06:04] "POST /agent/register HTTP/1.1 200 0" 0.008002  Go-http-client/1.1
2021/07/29 00:06:14.538 [server.go:2843]  ::1 - - [29/Jul/2021 12:06:14] "POST /agent/register HTTP/1.1 200 0" 0.027006  Go-http-client/1.1
2021/07/29 00:06:24.525 [server.go:2843]  ::1 - - [29/Jul/2021 12:06:24] "POST /agent/register HTTP/1.1 200 0" 0.009005  Go-http-client/1.1
2021/07/29 00:06:34.531 [server.go:2843]  ::1 - - [29/Jul/2021 12:06:34] "POST /agent/register HTTP/1.1 200 0" 0.015003  Go-http-client/1.1
2021/07/29 00:06:34.535 [server.go:2843]  ::1 - - [29/Jul/2021 12:06:34] "POST /agent/register HTTP/1.1 200 0" 0.019004  Go-http-client/1.1
2021/07/29 00:06:44.526 [server.go:2843]  ::1 - - [29/Jul/2021 12:06:44] "POST /agent/register HTTP/1.1 200 0" 0.009004  Go-http-client/1.1
2021/07/29 00:06:54.536 [server.go:2843]  ::1 - - [29/Jul/2021 12:06:54] "POST /agent/register HTTP/1.1 200 0" 0.016003  Go-http-client/1.1
2021/07/29 00:07:04.522 [server.go:2843]  ::1 - - [29/Jul/2021 12:07:04] "POST /agent/register HTTP/1.1 200 0" 0.011004  Go-http-client/1.1
2021/07/29 00:07:14.515 [server.go:2843]  ::1 - - [29/Jul/2021 12:07:14] "POST /agent/register HTTP/1.1 200 0" 0.007999  Go-http-client/1.1
2021/07/29 00:07:24.527 [server.go:2843]  ::1 - - [29/Jul/2021 12:07:24] "POST /agent/register HTTP/1.1 200 0" 0.009985  Go-http-client/1.1
2021/07/29 00:07:34.538 [server.go:2843]  ::1 - - [29/Jul/2021 12:07:34] "POST /agent/register HTTP/1.1 200 0" 0.020005  Go-http-client/1.1
2021/07/29 00:07:34.570 [server.go:2843]  ::1 - - [29/Jul/2021 12:07:34] "POST /agent/register HTTP/1.1 200 0" 0.052025  Go-http-client/1.1
2021/07/29 00:07:44.516 [server.go:2843]  ::1 - - [29/Jul/2021 12:07:44] "POST /agent/register HTTP/1.1 200 0" 0.009003  Go-http-client/1.1
2021/07/29 00:07:54.518 [server.go:2843]  ::1 - - [29/Jul/2021 12:07:54] "POST /agent/register HTTP/1.1 200 0" 0.009000  Go-http-client/1.1
2021/07/29 00:08:04.520 [server.go:2843]  ::1 - - [29/Jul/2021 12:08:04] "POST /agent/register HTTP/1.1 200 0" 0.009001  Go-http-client/1.1
2021/07/29 00:08:18.060 [server.go:2843]  ::1 - - [29/Jul/2021 12:08:18] "GET /agent/register?uuid=f458ec3c39e949d7b4f693af5d292f04&version=0 HTTP/1.1 200 0" 0.002999  Go-http-client/1.1
2021/07/29 00:08:18.096 [server.go:2843]  ::1 - - [29/Jul/2021 12:08:18] "POST /agent/register HTTP/1.1 200 0" 0.040007  Go-http-client/1.1
2021/07/29 00:08:18.107 [server.go:2843]  ::1 - - [29/Jul/2021 12:08:18] "POST /agent/register HTTP/1.1 200 0" 0.051010  Go-http-client/1.1
2021/07/29 00:08:28.083 [server.go:2843]  ::1 - - [29/Jul/2021 12:08:28] "POST /agent/register HTTP/1.1 200 0" 0.026007  Go-http-client/1.1
2021/07/29 00:08:38.053 [server.go:2843]  ::1 - - [29/Jul/2021 12:08:38] "POST /agent/register HTTP/1.1 200 0" 0.008999  Go-http-client/1.1
2021/07/29 00:08:48.056 [server.go:2843]  ::1 - - [29/Jul/2021 12:08:48] "POST /agent/register HTTP/1.1 200 0" 0.008002  Go-http-client/1.1
2021/07/29 00:08:58.052 [server.go:2843]  ::1 - - [29/Jul/2021 12:08:58] "POST /agent/register HTTP/1.1 200 0" 0.009998  Go-http-client/1.1
2021/07/29 00:09:08.066 [server.go:2843]  ::1 - - [29/Jul/2021 12:09:08] "POST /agent/register HTTP/1.1 200 0" 0.020005  Go-http-client/1.1
2021/07/29 00:09:24.096 [server.go:2843]  ::1 - - [29/Jul/2021 12:09:24] "GET /agent/config/?uuid=f458ec3c39e949d7b4f693af5d292f04&version=0 HTTP/1.1 200 0" 0.005000  Go-http-client/1.1
2021/07/29 00:09:24.112 [server.go:2843]  ::1 - - [29/Jul/2021 12:09:24] "POST /agent/heartbeat/ HTTP/1.1 200 0" 0.021196  Go-http-client/1.1
2021/07/29 00:09:24.115 [server.go:2843]  ::1 - - [29/Jul/2021 12:09:24] "POST /agent/register HTTP/1.1 200 0" 0.024197  Go-http-client/1.1
2021/07/29 00:09:34.089 [server.go:2843]  ::1 - - [29/Jul/2021 12:09:34] "POST /agent/heartbeat/ HTTP/1.1 200 0" 0.004009  Go-http-client/1.1
2021/07/29 00:09:42.407 [server.go:2843]  ::1 - - [29/Jul/2021 12:09:42] "GET /agent/config/?uuid=f458ec3c39e949d7b4f693af5d292f04&version=0 HTTP/1.1 200 0" 0.006002  Go-http-client/1.1
2021/07/29 00:09:42.423 [server.go:2843]  ::1 - - [29/Jul/2021 12:09:42] "POST /agent/heartbeat/ HTTP/1.1 200 0" 0.022006  Go-http-client/1.1
2021/07/29 00:09:42.435 [server.go:2843]  ::1 - - [29/Jul/2021 12:09:42] "POST /agent/register HTTP/1.1 200 0" 0.034008  Go-http-client/1.1
2021/07/29 00:09:54.714 [server.go:2843]  ::1 - - [29/Jul/2021 12:09:54] "POST /agent/heartbeat/ HTTP/1.1 200 0" 0.010004  Go-http-client/1.1
2021/07/29 00:09:54.724 [server.go:2843]  ::1 - - [29/Jul/2021 12:09:54] "POST /agent/register HTTP/1.1 200 0" 0.025004  Go-http-client/1.1
2021/07/29 00:09:54.727 [server.go:2843]  ::1 - - [29/Jul/2021 12:09:54] "GET /agent/config/?uuid=f458ec3c39e949d7b4f693af5d292f04&version=0 HTTP/1.1 200 0" 0.023007  Go-http-client/1.1
2021/07/29 00:10:04.690 [server.go:2843]  ::1 - - [29/Jul/2021 12:10:04] "POST /agent/heartbeat/ HTTP/1.1 200 0" 0.004006  Go-http-client/1.1
2021/07/29 00:10:14.693 [server.go:2843]  ::1 - - [29/Jul/2021 12:10:14] "POST /agent/heartbeat/ HTTP/1.1 200 0" 0.005002  Go-http-client/1.1
2021/07/29 00:10:24.695 [server.go:2843]  ::1 - - [29/Jul/2021 12:10:24] "POST /agent/heartbeat/ HTTP/1.1 200 0" 0.004000  Go-http-client/1.1
2021/07/29 00:10:34.692 [server.go:2843]  ::1 - - [29/Jul/2021 12:10:34] "POST /agent/heartbeat/ HTTP/1.1 200 0" 0.003003  Go-http-client/1.1
2021/07/29 00:10:44.701 [server.go:2843]  ::1 - - [29/Jul/2021 12:10:44] "POST /agent/heartbeat/ HTTP/1.1 200 0" 0.005003  Go-http-client/1.1
2021/07/29 00:10:54.690 [server.go:2843]  ::1 - - [29/Jul/2021 12:10:54] "POST /agent/heartbeat/ HTTP/1.1 200 0" 0.005002  Go-http-client/1.1
2021/07/29 00:10:54.693 [server.go:2843]  ::1 - - [29/Jul/2021 12:10:54] "GET /agent/config/?uuid=f458ec3c39e949d7b4f693af5d292f04&version=0 HTTP/1.1 200 0" 0.008004  Go-http-client/1.1
2021/07/29 00:11:04.689 [server.go:2843]  ::1 - - [29/Jul/2021 12:11:04] "POST /agent/heartbeat/ HTTP/1.1 200 0" 0.002997  Go-http-client/1.1
2021/07/29 00:11:14.689 [server.go:2843]  ::1 - - [29/Jul/2021 12:11:14] "POST /agent/heartbeat/ HTTP/1.1 200 0" 0.003007  Go-http-client/1.1
2021/07/29 00:11:24.693 [server.go:2843]  ::1 - - [29/Jul/2021 12:11:24] "POST /agent/heartbeat/ HTTP/1.1 200 0" 0.003021  Go-http-client/1.1
2021/07/29 00:11:34.688 [server.go:2843]  ::1 - - [29/Jul/2021 12:11:34] "POST /agent/heartbeat/ HTTP/1.1 200 0" 0.003001  Go-http-client/1.1
2021/07/29 00:11:44.696 [server.go:2843]  ::1 - - [29/Jul/2021 12:11:44] "POST /agent/heartbeat/ HTTP/1.1 200 0" 0.005001  Go-http-client/1.1
2021/07/29 00:11:54.699 [server.go:2843]  ::1 - - [29/Jul/2021 12:11:54] "POST /agent/heartbeat/ HTTP/1.1 200 0" 0.004000  Go-http-client/1.1
2021/07/29 00:11:54.702 [server.go:2843]  ::1 - - [29/Jul/2021 12:11:54] "GET /agent/config/?uuid=f458ec3c39e949d7b4f693af5d292f04&version=0 HTTP/1.1 200 0" 0.007001  Go-http-client/1.1
2021/07/29 00:12:04.689 [server.go:2843]  ::1 - - [29/Jul/2021 12:12:04] "POST /agent/heartbeat/ HTTP/1.1 200 0" 0.006002  Go-http-client/1.1
2021/07/29 00:12:14.690 [server.go:2843]  ::1 - - [29/Jul/2021 12:12:14] "POST /agent/heartbeat/ HTTP/1.1 200 0" 0.004002  Go-http-client/1.1
2021/07/29 00:12:24.695 [server.go:2843]  ::1 - - [29/Jul/2021 12:12:24] "POST /agent/heartbeat/ HTTP/1.1 200 0" 0.003015  Go-http-client/1.1
2021/07/29 00:12:34.699 [server.go:2843]  ::1 - - [29/Jul/2021 12:12:34] "POST /agent/heartbeat/ HTTP/1.1 200 0" 0.003987  Go-http-client/1.1
2021/07/29 00:12:44.689 [server.go:2843]  ::1 - - [29/Jul/2021 12:12:44] "POST /agent/heartbeat/ HTTP/1.1 200 0" 0.003997  Go-http-client/1.1
2021/07/29 00:12:54.689 [server.go:2843]  ::1 - - [29/Jul/2021 12:12:54] "POST /agent/heartbeat/ HTTP/1.1 200 0" 0.004002  Go-http-client/1.1
2021/07/29 00:12:54.694 [server.go:2843]  ::1 - - [29/Jul/2021 12:12:54] "GET /agent/config/?uuid=f458ec3c39e949d7b4f693af5d292f04&version=0 HTTP/1.1 200 0" 0.009004  Go-http-client/1.1
2021/07/29 00:13:04.688 [server.go:2843]  ::1 - - [29/Jul/2021 12:13:04] "POST /agent/heartbeat/ HTTP/1.1 200 0" 0.003984  Go-http-client/1.1
2021/07/29 00:13:14.689 [server.go:2843]  ::1 - - [29/Jul/2021 12:13:14] "POST /agent/heartbeat/ HTTP/1.1 200 0" 0.003003  Go-http-client/1.1
2021/07/29 00:13:24.692 [server.go:2843]  ::1 - - [29/Jul/2021 12:13:24] "POST /agent/heartbeat/ HTTP/1.1 200 0" 0.003997  Go-http-client/1.1
2021/07/29 00:13:34.689 [server.go:2843]  ::1 - - [29/Jul/2021 12:13:34] "POST /agent/heartbeat/ HTTP/1.1 200 0" 0.004012  Go-http-client/1.1
2021/07/29 00:13:44.703 [server.go:2843]  ::1 - - [29/Jul/2021 12:13:44] "POST /agent/heartbeat/ HTTP/1.1 200 0" 0.004009  Go-http-client/1.1
2021/07/29 00:13:54.698 [server.go:2843]  ::1 - - [29/Jul/2021 12:13:54] "POST /agent/heartbeat/ HTTP/1.1 200 0" 0.002986  Go-http-client/1.1
2021/07/29 00:13:54.702 [server.go:2843]  ::1 - - [29/Jul/2021 12:13:54] "GET /agent/config/?uuid=f458ec3c39e949d7b4f693af5d292f04&version=0 HTTP/1.1 200 0" 0.005984  Go-http-client/1.1
2021/07/29 00:14:04.687 [server.go:2843]  ::1 - - [29/Jul/2021 12:14:04] "POST /agent/heartbeat/ HTTP/1.1 200 0" 0.003993  Go-http-client/1.1
2021/07/29 00:14:14.694 [server.go:2843]  ::1 - - [29/Jul/2021 12:14:14] "POST /agent/heartbeat/ HTTP/1.1 200 0" 0.006002  Go-http-client/1.1
2021/07/29 00:14:24.693 [server.go:2843]  ::1 - - [29/Jul/2021 12:14:24] "POST /agent/heartbeat/ HTTP/1.1 200 0" 0.003001  Go-http-client/1.1
2021/07/29 00:14:34.691 [server.go:2843]  ::1 - - [29/Jul/2021 12:14:34] "POST /agent/heartbeat/ HTTP/1.1 200 0" 0.006002  Go-http-client/1.1
2021/07/29 00:14:44.689 [server.go:2843]  ::1 - - [29/Jul/2021 12:14:44] "POST /agent/heartbeat/ HTTP/1.1 200 0" 0.004002  Go-http-client/1.1
2021/07/29 00:14:54.702 [server.go:2843]  ::1 - - [29/Jul/2021 12:14:54] "POST /agent/heartbeat/ HTTP/1.1 200 0" 0.003999  Go-http-client/1.1
2021/07/29 00:14:54.710 [server.go:2843]  ::1 - - [29/Jul/2021 12:14:54] "GET /agent/config/?uuid=f458ec3c39e949d7b4f693af5d292f04&version=0 HTTP/1.1 200 0" 0.012002  Go-http-client/1.1
2021/07/29 00:15:04.697 [server.go:2843]  ::1 - - [29/Jul/2021 12:15:04] "POST /agent/heartbeat/ HTTP/1.1 200 0" 0.003001  Go-http-client/1.1
2021/07/29 00:15:59.488 [server.go:2843]  ::1 - - [29/Jul/2021 12:15:59] "GET /agent/config/?uuid=f458ec3c39e949d7b4f693af5d292f04&version=0 HTTP/1.1 200 0" 0.003002  Go-http-client/1.1
2021/07/29 00:15:59.511 [server.go:2843]  ::1 - - [29/Jul/2021 12:15:59] "GET /agent/heartbeat/?uuid=f458ec3c39e949d7b4f693af5d292f04 HTTP/1.1 200 0" 0.027009  Go-http-client/1.1
2021/07/29 00:15:59.523 [server.go:2843]  ::1 - - [29/Jul/2021 12:15:59] "POST /agent/register/ HTTP/1.1 200 0" 0.039012  Go-http-client/1.1
2021/07/29 00:16:09.610 [server.go:2843]  ::1 - - [29/Jul/2021 12:16:09] "GET /agent/heartbeat/?uuid=f458ec3c39e949d7b4f693af5d292f04 HTTP/1.1 200 0" 0.136030  Go-http-client/1.1
2021/07/29 00:16:19.509 [server.go:2843]  ::1 - - [29/Jul/2021 12:16:19] "GET /agent/heartbeat/?uuid=f458ec3c39e949d7b4f693af5d292f04 HTTP/1.1 200 0" 0.027008  Go-http-client/1.1
2021/07/29 00:16:30.853 [server.go:2843]  ::1 - - [29/Jul/2021 12:16:30] "GET /agent/heartbeat/?uuid=1ae3acf3aff84e898263beb2b4d5fada HTTP/1.1 200 0" 0.016385  Go-http-client/1.1
2021/07/29 00:16:30.860 [server.go:2843]  ::1 - - [29/Jul/2021 12:16:30] "GET /agent/config/?uuid=1ae3acf3aff84e898263beb2b4d5fada&version=0 HTTP/1.1 200 0" 0.023386  Go-http-client/1.1
2021/07/29 00:16:30.867 [server.go:2843]  ::1 - - [29/Jul/2021 12:16:30] "POST /agent/register/ HTTP/1.1 200 0" 0.030387  Go-http-client/1.1
2021/07/29 00:16:40.839 [server.go:2843]  ::1 - - [29/Jul/2021 12:16:40] "GET /agent/heartbeat/?uuid=1ae3acf3aff84e898263beb2b4d5fada HTTP/1.1 200 0" 0.011005  Go-http-client/1.1
2021/07/29 00:16:50.835 [server.go:2843]  ::1 - - [29/Jul/2021 12:16:50] "GET /agent/heartbeat/?uuid=1ae3acf3aff84e898263beb2b4d5fada HTTP/1.1 200 0" 0.008006  Go-http-client/1.1
2021/07/29 00:17:00.832 [server.go:2843]  ::1 - - [29/Jul/2021 12:17:00] "GET /agent/heartbeat/?uuid=1ae3acf3aff84e898263beb2b4d5fada HTTP/1.1 200 0" 0.007999  Go-http-client/1.1
2021/07/29 00:17:10.832 [server.go:2843]  ::1 - - [29/Jul/2021 12:17:10] "GET /agent/heartbeat/?uuid=1ae3acf3aff84e898263beb2b4d5fada HTTP/1.1 200 0" 0.008985  Go-http-client/1.1
2021/07/29 00:17:20.831 [server.go:2843]  ::1 - - [29/Jul/2021 12:17:20] "GET /agent/heartbeat/?uuid=1ae3acf3aff84e898263beb2b4d5fada HTTP/1.1 200 0" 0.008002  Go-http-client/1.1
2021/07/29 00:17:30.843 [server.go:2843]  ::1 - - [29/Jul/2021 12:17:30] "GET /agent/config/?uuid=1ae3acf3aff84e898263beb2b4d5fada&version=0 HTTP/1.1 200 0" 0.009003  Go-http-client/1.1
2021/07/29 00:17:30.854 [server.go:2843]  ::1 - - [29/Jul/2021 12:17:30] "GET /agent/heartbeat/?uuid=1ae3acf3aff84e898263beb2b4d5fada HTTP/1.1 200 0" 0.021004  Go-http-client/1.1
2021/07/29 00:17:40.836 [server.go:2843]  ::1 - - [29/Jul/2021 12:17:40] "GET /agent/heartbeat/?uuid=1ae3acf3aff84e898263beb2b4d5fada HTTP/1.1 200 0" 0.015005  Go-http-client/1.1
2021/07/29 00:17:50.843 [server.go:2843]  ::1 - - [29/Jul/2021 12:17:50] "GET /agent/heartbeat/?uuid=1ae3acf3aff84e898263beb2b4d5fada HTTP/1.1 200 0" 0.009999  Go-http-client/1.1
2021/07/29 00:18:00.837 [server.go:2843]  ::1 - - [29/Jul/2021 12:18:00] "GET /agent/heartbeat/?uuid=1ae3acf3aff84e898263beb2b4d5fada HTTP/1.1 200 0" 0.009006  Go-http-client/1.1
2021/07/29 00:18:10.926 [server.go:2843]  ::1 - - [29/Jul/2021 12:18:10] "GET /agent/heartbeat/?uuid=1ae3acf3aff84e898263beb2b4d5fada HTTP/1.1 200 0" 0.098576  Go-http-client/1.1
2021/07/29 00:18:20.833 [server.go:2843]  ::1 - - [29/Jul/2021 12:18:20] "GET /agent/heartbeat/?uuid=1ae3acf3aff84e898263beb2b4d5fada HTTP/1.1 200 0" 0.010001  Go-http-client/1.1
2021/07/29 00:18:45.063 [server.go:2843]  ::1 - - [29/Jul/2021 12:18:45] "GET /agent/heartbeat/?uuid=ed7ac04697344419badb6525424ce481 HTTP/1.1 200 0" 0.004000  Go-http-client/1.1
2021/07/29 00:18:45.073 [server.go:2843]  ::1 - - [29/Jul/2021 12:18:45] "GET /agent/config/?uuid=ed7ac04697344419badb6525424ce481&version=0 HTTP/1.1 200 0" 0.014818  Go-http-client/1.1
2021/07/29 00:18:45.077 [server.go:2843]  ::1 - - [29/Jul/2021 12:18:45] "POST /agent/register/ HTTP/1.1 200 0" 0.018819  Go-http-client/1.1
2021/07/29 00:18:55.133 [server.go:2843]  ::1 - - [29/Jul/2021 12:18:55] "GET /agent/heartbeat/?uuid=ed7ac04697344419badb6525424ce481 HTTP/1.1 200 0" 0.076018  Go-http-client/1.1
2021/07/29 00:18:57.996 [server.go:2843]  ::1 - - [29/Jul/2021 12:18:57] "GET /agent/query HTTP/1.1 200 0" 0.020003 http://localhost:8888/agent/modify Mozilla/5.0 (Windows NT 10.0; Win64; x64) AppleWebKit/537.36 (KHTML, like Gecko) Chrome/92.0.4515.107 Safari/537.36 Edg/92.0.902.55
2021/07/29 00:18:58.068 [server.go:3093]  [HTTP] http: superfluous response.WriteHeader call from github.com/astaxie/beego/context.(*Response).WriteHeader (context.go:230)
2021/07/29 00:19:05.063 [server.go:2843]  ::1 - - [29/Jul/2021 12:19:05] "GET /agent/heartbeat/?uuid=ed7ac04697344419badb6525424ce481 HTTP/1.1 200 0" 0.012003  Go-http-client/1.1
2021/07/29 00:19:15.066 [server.go:2843]  ::1 - - [29/Jul/2021 12:19:15] "GET /agent/heartbeat/?uuid=ed7ac04697344419badb6525424ce481 HTTP/1.1 200 0" 0.017007  Go-http-client/1.1
2021/07/29 00:19:17.437 [server.go:2843]  ::1 - - [29/Jul/2021 12:19:17] "GET /agent/modify?pk=35 HTTP/1.1 200 0" 0.020003 http://localhost:8888/agent/query Mozilla/5.0 (Windows NT 10.0; Win64; x64) AppleWebKit/537.36 (KHTML, like Gecko) Chrome/92.0.4515.107 Safari/537.36 Edg/92.0.902.55
2021/07/29 00:19:17.602 [server.go:3093]  [HTTP] http: superfluous response.WriteHeader call from github.com/astaxie/beego/context.(*Response).WriteHeader (context.go:230)
2021/07/29 00:19:18.986 [server.go:3093]  [HTTP] http: superfluous response.WriteHeader call from github.com/astaxie/beego/context.(*Response).WriteHeader (context.go:230)
2021/07/29 00:19:25.064 [server.go:2843]  ::1 - - [29/Jul/2021 12:19:25] "GET /agent/heartbeat/?uuid=ed7ac04697344419badb6525424ce481 HTTP/1.1 200 0" 0.008005  Go-http-client/1.1
2021/07/29 00:19:35.064 [server.go:2843]  ::1 - - [29/Jul/2021 12:19:35] "GET /agent/heartbeat/?uuid=ed7ac04697344419badb6525424ce481 HTTP/1.1 200 0" 0.009000  Go-http-client/1.1
2021/07/29 00:19:45.051 [server.go:2843]  ::1 - - [29/Jul/2021 12:19:45] "GET /agent/config/?uuid=ed7ac04697344419badb6525424ce481&version=0 HTTP/1.1 200 0" 0.004002  Go-http-client/1.1
2021/07/29 00:19:45.058 [server.go:2843]  ::1 - - [29/Jul/2021 12:19:45] "GET /agent/heartbeat/?uuid=ed7ac04697344419badb6525424ce481 HTTP/1.1 200 0" 0.011003  Go-http-client/1.1
2021/07/29 00:19:55.067 [server.go:2843]  ::1 - - [29/Jul/2021 12:19:55] "GET /agent/heartbeat/?uuid=ed7ac04697344419badb6525424ce481 HTTP/1.1 200 0" 0.009002  Go-http-client/1.1
2021/07/29 00:20:05.056 [server.go:2843]  ::1 - - [29/Jul/2021 12:20:05] "GET /agent/heartbeat/?uuid=ed7ac04697344419badb6525424ce481 HTTP/1.1 200 0" 0.009003  Go-http-client/1.1
2021/07/29 00:20:15.058 [server.go:2843]  ::1 - - [29/Jul/2021 12:20:15] "GET /agent/heartbeat/?uuid=ed7ac04697344419badb6525424ce481 HTTP/1.1 200 0" 0.010002  Go-http-client/1.1
2021/07/29 00:20:25.062 [server.go:2843]  ::1 - - [29/Jul/2021 12:20:25] "GET /agent/heartbeat/?uuid=ed7ac04697344419badb6525424ce481 HTTP/1.1 200 0" 0.008003  Go-http-client/1.1
2021/07/29 00:20:35.055 [server.go:2843]  ::1 - - [29/Jul/2021 12:20:35] "GET /agent/heartbeat/?uuid=ed7ac04697344419badb6525424ce481 HTTP/1.1 200 0" 0.007003  Go-http-client/1.1
2021/07/29 00:20:45.062 [server.go:2843]  ::1 - - [29/Jul/2021 12:20:45] "GET /agent/config/?uuid=ed7ac04697344419badb6525424ce481&version=0 HTTP/1.1 200 0" 0.008001  Go-http-client/1.1
2021/07/29 00:20:45.073 [server.go:2843]  ::1 - - [29/Jul/2021 12:20:45] "GET /agent/heartbeat/?uuid=ed7ac04697344419badb6525424ce481 HTTP/1.1 200 0" 0.019003  Go-http-client/1.1
2021/07/29 00:20:55.055 [server.go:2843]  ::1 - - [29/Jul/2021 12:20:55] "GET /agent/heartbeat/?uuid=ed7ac04697344419badb6525424ce481 HTTP/1.1 200 0" 0.008004  Go-http-client/1.1
2021/07/29 00:21:05.054 [server.go:2843]  ::1 - - [29/Jul/2021 12:21:05] "GET /agent/heartbeat/?uuid=ed7ac04697344419badb6525424ce481 HTTP/1.1 200 0" 0.008006  Go-http-client/1.1
2021/07/29 00:21:15.057 [server.go:2843]  ::1 - - [29/Jul/2021 12:21:15] "GET /agent/heartbeat/?uuid=ed7ac04697344419badb6525424ce481 HTTP/1.1 200 0" 0.010004  Go-http-client/1.1
2021/07/29 00:21:25.056 [server.go:2843]  ::1 - - [29/Jul/2021 12:21:25] "GET /agent/heartbeat/?uuid=ed7ac04697344419badb6525424ce481 HTTP/1.1 200 0" 0.007006  Go-http-client/1.1
2021/07/29 00:21:35.054 [server.go:2843]  ::1 - - [29/Jul/2021 12:21:35] "GET /agent/heartbeat/?uuid=ed7ac04697344419badb6525424ce481 HTTP/1.1 200 0" 0.008011  Go-http-client/1.1
2021/07/29 00:21:49.154 [server.go:2843]  ::1 - - [29/Jul/2021 12:21:49] "GET /agent/heartbeat/?uuid=ed7ac04697344419badb6525424ce481 HTTP/1.1 200 0" 0.026006  Go-http-client/1.1
2021/07/29 00:21:49.157 [server.go:2843]  ::1 - - [29/Jul/2021 12:21:49] "POST /agent/register/ HTTP/1.1 200 0" 0.029007  Go-http-client/1.1
2021/07/29 00:21:49.170 [server.go:2843]  ::1 - - [29/Jul/2021 12:21:49] "GET /agent/config/?uuid=ed7ac04697344419badb6525424ce481&version=0 HTTP/1.1 200 0" 0.042010  Go-http-client/1.1
2021/07/29 00:21:59.124 [server.go:2843]  ::1 - - [29/Jul/2021 12:21:59] "GET /agent/heartbeat/?uuid=ed7ac04697344419badb6525424ce481 HTTP/1.1 200 0" 0.007983  Go-http-client/1.1
2021/07/29 00:22:09.125 [server.go:2843]  ::1 - - [29/Jul/2021 12:22:09] "GET /agent/heartbeat/?uuid=ed7ac04697344419badb6525424ce481 HTTP/1.1 200 0" 0.007989  Go-http-client/1.1
2021/07/29 00:22:19.140 [server.go:2843]  ::1 - - [29/Jul/2021 12:22:19] "GET /agent/heartbeat/?uuid=ed7ac04697344419badb6525424ce481 HTTP/1.1 200 0" 0.011005  Go-http-client/1.1
2021/07/29 00:22:29.131 [server.go:2843]  ::1 - - [29/Jul/2021 12:22:29] "GET /agent/heartbeat/?uuid=ed7ac04697344419badb6525424ce481 HTTP/1.1 200 0" 0.007004  Go-http-client/1.1
2021/07/29 00:22:39.134 [server.go:2843]  ::1 - - [29/Jul/2021 12:22:39] "GET /agent/heartbeat/?uuid=ed7ac04697344419badb6525424ce481 HTTP/1.1 200 0" 0.008002  Go-http-client/1.1
2021/07/29 00:22:49.132 [server.go:2843]  ::1 - - [29/Jul/2021 12:22:49] "GET /agent/config/?uuid=ed7ac04697344419badb6525424ce481&version=0 HTTP/1.1 200 0" 0.006002  Go-http-client/1.1
2021/07/29 00:22:49.150 [server.go:2843]  ::1 - - [29/Jul/2021 12:22:49] "GET /agent/heartbeat/?uuid=ed7ac04697344419badb6525424ce481 HTTP/1.1 200 0" 0.024007  Go-http-client/1.1
2021/07/29 00:22:59.127 [server.go:2843]  ::1 - - [29/Jul/2021 12:22:59] "GET /agent/heartbeat/?uuid=ed7ac04697344419badb6525424ce481 HTTP/1.1 200 0" 0.010980  Go-http-client/1.1
2021/07/29 00:23:09.167 [server.go:2843]  ::1 - - [29/Jul/2021 12:23:09] "GET /agent/heartbeat/?uuid=ed7ac04697344419badb6525424ce481 HTTP/1.1 200 0" 0.049011  Go-http-client/1.1
2021/07/29 00:23:19.127 [server.go:2843]  ::1 - - [29/Jul/2021 12:23:19] "GET /agent/heartbeat/?uuid=ed7ac04697344419badb6525424ce481 HTTP/1.1 200 0" 0.007999  Go-http-client/1.1
2021/07/29 00:23:29.136 [server.go:2843]  ::1 - - [29/Jul/2021 12:23:29] "GET /agent/heartbeat/?uuid=ed7ac04697344419badb6525424ce481 HTTP/1.1 200 0" 0.008001  Go-http-client/1.1
2021/07/29 00:23:39.133 [server.go:2843]  ::1 - - [29/Jul/2021 12:23:39] "GET /agent/heartbeat/?uuid=ed7ac04697344419badb6525424ce481 HTTP/1.1 200 0" 0.008003  Go-http-client/1.1
2021/07/29 00:23:49.129 [server.go:2843]  ::1 - - [29/Jul/2021 12:23:49] "GET /agent/config/?uuid=ed7ac04697344419badb6525424ce481&version=0 HTTP/1.1 200 0" 0.006002  Go-http-client/1.1
2021/07/29 00:23:49.145 [server.go:2843]  ::1 - - [29/Jul/2021 12:23:49] "GET /agent/heartbeat/?uuid=ed7ac04697344419badb6525424ce481 HTTP/1.1 200 0" 0.022006  Go-http-client/1.1
2021/07/29 00:23:59.122 [server.go:2843]  ::1 - - [29/Jul/2021 12:23:59] "GET /agent/heartbeat/?uuid=ed7ac04697344419badb6525424ce481 HTTP/1.1 200 0" 0.008989  Go-http-client/1.1
2021/07/29 00:24:07.721 [server.go:2843]  ::1 - - [29/Jul/2021 12:24:07] "GET /agent/config/?uuid=ed7ac04697344419badb6525424ce481&version=0 HTTP/1.1 200 0" 0.006002  PostmanRuntime/7.28.2
2021/07/29 00:24:09.125 [server.go:2843]  ::1 - - [29/Jul/2021 12:24:09] "GET /agent/heartbeat/?uuid=ed7ac04697344419badb6525424ce481 HTTP/1.1 200 0" 0.007005  Go-http-client/1.1
2021/07/29 00:24:19.220 [server.go:2843]  ::1 - - [29/Jul/2021 12:24:19] "GET /agent/heartbeat/?uuid=ed7ac04697344419badb6525424ce481 HTTP/1.1 200 0" 0.104236  Go-http-client/1.1
2021/07/29 00:24:29.133 [server.go:2843]  ::1 - - [29/Jul/2021 12:24:29] "GET /agent/heartbeat/?uuid=ed7ac04697344419badb6525424ce481 HTTP/1.1 200 0" 0.006998  Go-http-client/1.1
2021/07/29 00:24:39.130 [server.go:2843]  ::1 - - [29/Jul/2021 12:24:39] "GET /agent/heartbeat/?uuid=ed7ac04697344419badb6525424ce481 HTTP/1.1 200 0" 0.010299  Go-http-client/1.1
2021/07/29 00:24:49.131 [server.go:2843]  ::1 - - [29/Jul/2021 12:24:49] "GET /agent/config/?uuid=ed7ac04697344419badb6525424ce481&version=0 HTTP/1.1 200 0" 0.005002  Go-http-client/1.1
2021/07/29 00:24:49.133 [server.go:2843]  ::1 - - [29/Jul/2021 12:24:49] "GET /agent/heartbeat/?uuid=ed7ac04697344419badb6525424ce481 HTTP/1.1 200 0" 0.008004  Go-http-client/1.1
2021/07/29 00:24:59.144 [server.go:2843]  ::1 - - [29/Jul/2021 12:24:59] "GET /agent/heartbeat/?uuid=ed7ac04697344419badb6525424ce481 HTTP/1.1 200 0" 0.017006  Go-http-client/1.1
2021/07/29 00:25:09.216 [server.go:2843]  ::1 - - [29/Jul/2021 12:25:09] "GET /agent/heartbeat/?uuid=ed7ac04697344419badb6525424ce481 HTTP/1.1 200 0" 0.100023  Go-http-client/1.1
2021/07/29 00:25:19.142 [server.go:2843]  ::1 - - [29/Jul/2021 12:25:19] "GET /agent/heartbeat/?uuid=ed7ac04697344419badb6525424ce481 HTTP/1.1 200 0" 0.013004  Go-http-client/1.1
2021/07/29 00:25:29.134 [server.go:2843]  ::1 - - [29/Jul/2021 12:25:29] "GET /agent/heartbeat/?uuid=ed7ac04697344419badb6525424ce481 HTTP/1.1 200 0" 0.009000  Go-http-client/1.1
2021/07/29 00:25:39.128 [server.go:2843]  ::1 - - [29/Jul/2021 12:25:39] "GET /agent/heartbeat/?uuid=ed7ac04697344419badb6525424ce481 HTTP/1.1 200 0" 0.008002  Go-http-client/1.1
2021/07/29 00:25:49.131 [server.go:2843]  ::1 - - [29/Jul/2021 12:25:49] "GET /agent/config/?uuid=ed7ac04697344419badb6525424ce481&version=0 HTTP/1.1 200 0" 0.006994  Go-http-client/1.1
2021/07/29 00:25:49.136 [server.go:2843]  ::1 - - [29/Jul/2021 12:25:49] "GET /agent/heartbeat/?uuid=ed7ac04697344419badb6525424ce481 HTTP/1.1 200 0" 0.011995  Go-http-client/1.1
2021/07/29 00:25:59.217 [server.go:2843]  ::1 - - [29/Jul/2021 12:25:59] "GET /agent/heartbeat/?uuid=ed7ac04697344419badb6525424ce481 HTTP/1.1 200 0" 0.094488  Go-http-client/1.1
2021/07/29 00:26:09.123 [server.go:2843]  ::1 - - [29/Jul/2021 12:26:09] "GET /agent/heartbeat/?uuid=ed7ac04697344419badb6525424ce481 HTTP/1.1 200 0" 0.008004  Go-http-client/1.1
2021/07/29 00:26:19.127 [server.go:2843]  ::1 - - [29/Jul/2021 12:26:19] "GET /agent/heartbeat/?uuid=ed7ac04697344419badb6525424ce481 HTTP/1.1 200 0" 0.007998  Go-http-client/1.1
2021/07/29 00:26:29.138 [server.go:2843]  ::1 - - [29/Jul/2021 12:26:29] "GET /agent/heartbeat/?uuid=ed7ac04697344419badb6525424ce481 HTTP/1.1 200 0" 0.009003  Go-http-client/1.1
2021/07/29 00:26:39.132 [server.go:2843]  ::1 - - [29/Jul/2021 12:26:39] "GET /agent/heartbeat/?uuid=ed7ac04697344419badb6525424ce481 HTTP/1.1 200 0" 0.008002  Go-http-client/1.1
2021/07/29 00:26:49.130 [server.go:2843]  ::1 - - [29/Jul/2021 12:26:49] "GET /agent/config/?uuid=ed7ac04697344419badb6525424ce481&version=0 HTTP/1.1 200 0" 0.008001  Go-http-client/1.1
2021/07/29 00:26:49.134 [server.go:2843]  ::1 - - [29/Jul/2021 12:26:49] "GET /agent/heartbeat/?uuid=ed7ac04697344419badb6525424ce481 HTTP/1.1 200 0" 0.012003  Go-http-client/1.1
2021/07/29 00:26:59.121 [server.go:2843]  ::1 - - [29/Jul/2021 12:26:59] "GET /agent/heartbeat/?uuid=ed7ac04697344419badb6525424ce481 HTTP/1.1 200 0" 0.007993  Go-http-client/1.1
2021/07/29 00:27:09.123 [server.go:2843]  ::1 - - [29/Jul/2021 12:27:09] "GET /agent/heartbeat/?uuid=ed7ac04697344419badb6525424ce481 HTTP/1.1 200 0" 0.008001  Go-http-client/1.1
2021/07/29 00:27:19.213 [server.go:2843]  ::1 - - [29/Jul/2021 12:27:19] "GET /agent/heartbeat/?uuid=ed7ac04697344419badb6525424ce481 HTTP/1.1 200 0" 0.095467  Go-http-client/1.1
2021/07/29 00:27:29.135 [server.go:2843]  ::1 - - [29/Jul/2021 12:27:29] "GET /agent/heartbeat/?uuid=ed7ac04697344419badb6525424ce481 HTTP/1.1 200 0" 0.013002  Go-http-client/1.1
2021/07/29 00:27:39.136 [server.go:2843]  ::1 - - [29/Jul/2021 12:27:39] "GET /agent/heartbeat/?uuid=ed7ac04697344419badb6525424ce481 HTTP/1.1 200 0" 0.007002  Go-http-client/1.1
2021/07/29 00:27:49.122 [server.go:2843]  ::1 - - [29/Jul/2021 12:27:49] "GET /agent/config/?uuid=ed7ac04697344419badb6525424ce481&version=0 HTTP/1.1 200 0" 0.004012  Go-http-client/1.1
2021/07/29 00:27:49.128 [server.go:2843]  ::1 - - [29/Jul/2021 12:27:49] "GET /agent/heartbeat/?uuid=ed7ac04697344419badb6525424ce481 HTTP/1.1 200 0" 0.010001  Go-http-client/1.1
2021/07/29 00:27:59.127 [server.go:2843]  ::1 - - [29/Jul/2021 12:27:59] "GET /agent/heartbeat/?uuid=ed7ac04697344419badb6525424ce481 HTTP/1.1 200 0" 0.007984  Go-http-client/1.1
2021/07/29 00:28:09.123 [server.go:2843]  ::1 - - [29/Jul/2021 12:28:09] "GET /agent/heartbeat/?uuid=ed7ac04697344419badb6525424ce481 HTTP/1.1 200 0" 0.006983  Go-http-client/1.1
2021/07/29 00:28:19.126 [server.go:2843]  ::1 - - [29/Jul/2021 12:28:19] "GET /agent/heartbeat/?uuid=ed7ac04697344419badb6525424ce481 HTTP/1.1 200 0" 0.011005  Go-http-client/1.1
2021/07/29 00:28:29.133 [server.go:2843]  ::1 - - [29/Jul/2021 12:28:29] "GET /agent/heartbeat/?uuid=ed7ac04697344419badb6525424ce481 HTTP/1.1 200 0" 0.007003  Go-http-client/1.1
2021/07/29 00:28:39.125 [server.go:2843]  ::1 - - [29/Jul/2021 12:28:39] "GET /agent/heartbeat/?uuid=ed7ac04697344419badb6525424ce481 HTTP/1.1 200 0" 0.008022  Go-http-client/1.1
2021/07/29 00:28:49.134 [server.go:2843]  ::1 - - [29/Jul/2021 12:28:49] "GET /agent/config/?uuid=ed7ac04697344419badb6525424ce481&version=0 HTTP/1.1 200 0" 0.009003  Go-http-client/1.1
2021/07/29 00:28:49.181 [server.go:2843]  ::1 - - [29/Jul/2021 12:28:49] "GET /agent/heartbeat/?uuid=ed7ac04697344419badb6525424ce481 HTTP/1.1 200 0" 0.056013  Go-http-client/1.1
2021/07/29 00:28:59.120 [server.go:2843]  ::1 - - [29/Jul/2021 12:28:59] "GET /agent/heartbeat/?uuid=ed7ac04697344419badb6525424ce481 HTTP/1.1 200 0" 0.006987  Go-http-client/1.1
2021/07/29 00:28:59.382 [server.go:2843]  ::1 - - [29/Jul/2021 12:28:59] "GET /agent/config/?uuid=ed7ac04697344419badb6525424ce481 HTTP/1.1 200 0" 0.009999  Mozilla/5.0 (Windows NT 10.0; Win64; x64) AppleWebKit/537.36 (KHTML, like Gecko) Chrome/92.0.4515.107 Safari/537.36
2021/07/29 00:28:59.717 [server.go:3093]  [HTTP] http: superfluous response.WriteHeader call from github.com/astaxie/beego/context.(*Response).WriteHeader (context.go:230)
2021/07/29 00:29:09.123 [server.go:2843]  ::1 - - [29/Jul/2021 12:29:09] "GET /agent/heartbeat/?uuid=ed7ac04697344419badb6525424ce481 HTTP/1.1 200 0" 0.007002  Go-http-client/1.1
2021/07/29 00:29:19.124 [server.go:2843]  ::1 - - [29/Jul/2021 12:29:19] "GET /agent/heartbeat/?uuid=ed7ac04697344419badb6525424ce481 HTTP/1.1 200 0" 0.008004  Go-http-client/1.1
2021/07/29 00:29:29.215 [server.go:2843]  ::1 - - [29/Jul/2021 12:29:29] "GET /agent/heartbeat/?uuid=ed7ac04697344419badb6525424ce481 HTTP/1.1 200 0" 0.093716  Go-http-client/1.1
2021/07/29 00:29:39.134 [server.go:2843]  ::1 - - [29/Jul/2021 12:29:39] "GET /agent/heartbeat/?uuid=ed7ac04697344419badb6525424ce481 HTTP/1.1 200 0" 0.008004  Go-http-client/1.1
2021/07/29 00:29:49.125 [server.go:2843]  ::1 - - [29/Jul/2021 12:29:49] "GET /agent/config/?uuid=ed7ac04697344419badb6525424ce481&version=0 HTTP/1.1 200 0" 0.008002  Go-http-client/1.1
2021/07/29 00:29:49.129 [server.go:2843]  ::1 - - [29/Jul/2021 12:29:49] "GET /agent/heartbeat/?uuid=ed7ac04697344419badb6525424ce481 HTTP/1.1 200 0" 0.012004  Go-http-client/1.1
2021/07/29 00:29:59.128 [server.go:2843]  ::1 - - [29/Jul/2021 12:29:59] "GET /agent/heartbeat/?uuid=ed7ac04697344419badb6525424ce481 HTTP/1.1 200 0" 0.007985  Go-http-client/1.1
2021/07/29 00:30:09.125 [server.go:2843]  ::1 - - [29/Jul/2021 12:30:09] "GET /agent/heartbeat/?uuid=ed7ac04697344419badb6525424ce481 HTTP/1.1 200 0" 0.008999  Go-http-client/1.1
2021/07/29 00:30:19.138 [server.go:2843]  ::1 - - [29/Jul/2021 12:30:19] "GET /agent/heartbeat/?uuid=ed7ac04697344419badb6525424ce481 HTTP/1.1 200 0" 0.009003  Go-http-client/1.1
2021/07/29 00:30:29.133 [server.go:2843]  ::1 - - [29/Jul/2021 12:30:29] "GET /agent/heartbeat/?uuid=ed7ac04697344419badb6525424ce481 HTTP/1.1 200 0" 0.011002  Go-http-client/1.1
2021/07/29 00:30:39.124 [server.go:2843]  ::1 - - [29/Jul/2021 12:30:39] "GET /agent/heartbeat/?uuid=ed7ac04697344419badb6525424ce481 HTTP/1.1 200 0" 0.008011  Go-http-client/1.1
2021/07/29 00:41:32.445 [server.go:2843]  ::1 - - [29/Jul/2021 12:41:32] "GET /agent/config/?uuid=ed7ac04697344419badb6525424ce481&version=0 HTTP/1.1 200 0" 0.010003  Go-http-client/1.1
2021/07/29 00:41:32.463 [server.go:2843]  ::1 - - [29/Jul/2021 12:41:32] "GET /agent/heartbeat/?uuid=ed7ac04697344419badb6525424ce481 HTTP/1.1 200 0" 0.028007  Go-http-client/1.1
2021/07/29 00:41:32.466 [server.go:2843]  ::1 - - [29/Jul/2021 12:41:32] "POST /agent/register/ HTTP/1.1 200 0" 0.031008  Go-http-client/1.1
2021/07/29 00:41:42.430 [server.go:2843]  ::1 - - [29/Jul/2021 12:41:42] "GET /agent/heartbeat/?uuid=ed7ac04697344419badb6525424ce481 HTTP/1.1 200 0" 0.008989  Go-http-client/1.1
2021/07/29 00:41:52.448 [server.go:2843]  ::1 - - [29/Jul/2021 12:41:52] "GET /agent/heartbeat/?uuid=ed7ac04697344419badb6525424ce481 HTTP/1.1 200 0" 0.016007  Go-http-client/1.1
2021/07/29 00:42:02.443 [server.go:2843]  ::1 - - [29/Jul/2021 12:42:02] "GET /agent/heartbeat/?uuid=ed7ac04697344419badb6525424ce481 HTTP/1.1 200 0" 0.008002  Go-http-client/1.1
2021/07/29 00:42:12.435 [server.go:2843]  ::1 - - [29/Jul/2021 12:42:12] "GET /agent/heartbeat/?uuid=ed7ac04697344419badb6525424ce481 HTTP/1.1 200 0" 0.008004  Go-http-client/1.1
2021/07/29 00:42:22.434 [server.go:2843]  ::1 - - [29/Jul/2021 12:42:22] "GET /agent/heartbeat/?uuid=ed7ac04697344419badb6525424ce481 HTTP/1.1 200 0" 0.007017  Go-http-client/1.1
2021/07/29 00:42:32.442 [server.go:2843]  ::1 - - [29/Jul/2021 12:42:32] "GET /agent/config/?uuid=ed7ac04697344419badb6525424ce481&version=0 HTTP/1.1 200 0" 0.005002  Go-http-client/1.1
2021/07/29 00:42:32.447 [server.go:2843]  ::1 - - [29/Jul/2021 12:42:32] "GET /agent/heartbeat/?uuid=ed7ac04697344419badb6525424ce481 HTTP/1.1 200 0" 0.010002  Go-http-client/1.1
2021/07/29 00:42:42.435 [server.go:2843]  ::1 - - [29/Jul/2021 12:42:42] "GET /agent/heartbeat/?uuid=ed7ac04697344419badb6525424ce481 HTTP/1.1 200 0" 0.008988  Go-http-client/1.1
2021/07/29 00:42:55.806 [server.go:2843]  ::1 - - [29/Jul/2021 12:42:55] "GET /agent/heartbeat/?uuid=ed7ac04697344419badb6525424ce481 HTTP/1.1 200 0" 0.015019  Go-http-client/1.1
2021/07/29 00:42:55.807 [server.go:2843]  ::1 - - [29/Jul/2021 12:42:55] "GET /agent/config/?uuid=ed7ac04697344419badb6525424ce481&version=0 HTTP/1.1 200 0" 0.015520  Go-http-client/1.1
2021/07/29 00:42:55.828 [server.go:2843]  ::1 - - [29/Jul/2021 12:42:55] "POST /agent/register/ HTTP/1.1 200 0" 0.036526  Go-http-client/1.1
2021/07/29 00:43:05.793 [server.go:2843]  ::1 - - [29/Jul/2021 12:43:05] "GET /agent/heartbeat/?uuid=ed7ac04697344419badb6525424ce481 HTTP/1.1 200 0" 0.016141  Go-http-client/1.1
2021/07/29 00:43:15.792 [server.go:2843]  ::1 - - [29/Jul/2021 12:43:15] "GET /agent/heartbeat/?uuid=ed7ac04697344419badb6525424ce481 HTTP/1.1 200 0" 0.011000  Go-http-client/1.1
2021/07/29 00:43:25.792 [server.go:2843]  ::1 - - [29/Jul/2021 12:43:25] "GET /agent/heartbeat/?uuid=ed7ac04697344419badb6525424ce481 HTTP/1.1 200 0" 0.008003  Go-http-client/1.1
2021/07/29 00:43:35.798 [server.go:2843]  ::1 - - [29/Jul/2021 12:43:35] "GET /agent/heartbeat/?uuid=ed7ac04697344419badb6525424ce481 HTTP/1.1 200 0" 0.008003  Go-http-client/1.1
2021/07/29 00:43:47.226 [server.go:2843]  ::1 - - [29/Jul/2021 12:43:47] "GET /agent/heartbeat/?uuid=e1bec0f628104131bee16fccc29e224a HTTP/1.1 200 0" 0.005005  Go-http-client/1.1
2021/07/29 00:43:47.229 [server.go:2843]  ::1 - - [29/Jul/2021 12:43:47] "GET /agent/config/?uuid=e1bec0f628104131bee16fccc29e224a&version=0 HTTP/1.1 200 0" 0.008105  Go-http-client/1.1
2021/07/29 00:43:47.248 [server.go:2843]  ::1 - - [29/Jul/2021 12:43:47] "POST /agent/register/ HTTP/1.1 200 0" 0.027530  Go-http-client/1.1
2021/07/29 00:43:57.228 [server.go:2843]  ::1 - - [29/Jul/2021 12:43:57] "GET /agent/heartbeat/?uuid=e1bec0f628104131bee16fccc29e224a HTTP/1.1 200 0" 0.010004  Go-http-client/1.1
2021/07/29 00:44:07.218 [server.go:2843]  ::1 - - [29/Jul/2021 12:44:07] "GET /agent/heartbeat/?uuid=e1bec0f628104131bee16fccc29e224a HTTP/1.1 200 0" 0.008002  Go-http-client/1.1
2021/07/29 00:44:18.466 [server.go:2843]  ::1 - - [29/Jul/2021 12:44:18] "GET /agent/config/?uuid=e1bec0f628104131bee16fccc29e224a&version=0 HTTP/1.1 200 0" 0.005001  Go-http-client/1.1
2021/07/29 00:44:18.577 [server.go:2843]  ::1 - - [29/Jul/2021 12:44:18] "GET /agent/heartbeat/?uuid=e1bec0f628104131bee16fccc29e224a HTTP/1.1 200 0" 0.116062  Go-http-client/1.1
2021/07/29 00:44:18.584 [server.go:2843]  ::1 - - [29/Jul/2021 12:44:18] "POST /agent/register/ HTTP/1.1 200 0" 0.123062  Go-http-client/1.1
2021/07/29 00:44:28.487 [server.go:2843]  ::1 - - [29/Jul/2021 12:44:28] "GET /agent/heartbeat/?uuid=e1bec0f628104131bee16fccc29e224a HTTP/1.1 200 0" 0.027006  Go-http-client/1.1
2021/07/29 00:44:38.470 [server.go:2843]  ::1 - - [29/Jul/2021 12:44:38] "GET /agent/heartbeat/?uuid=e1bec0f628104131bee16fccc29e224a HTTP/1.1 200 0" 0.009008  Go-http-client/1.1
2021/07/29 00:44:48.459 [server.go:2843]  ::1 - - [29/Jul/2021 12:44:48] "GET /agent/heartbeat/?uuid=e1bec0f628104131bee16fccc29e224a HTTP/1.1 200 0" 0.011002  Go-http-client/1.1
2021/07/29 00:44:58.471 [server.go:2843]  ::1 - - [29/Jul/2021 12:44:58] "GET /agent/heartbeat/?uuid=e1bec0f628104131bee16fccc29e224a HTTP/1.1 200 0" 0.010860  Go-http-client/1.1
2021/07/29 00:45:08.459 [server.go:2843]  ::1 - - [29/Jul/2021 12:45:08] "GET /agent/heartbeat/?uuid=e1bec0f628104131bee16fccc29e224a HTTP/1.1 200 0" 0.009006  Go-http-client/1.1
2021/07/29 00:45:18.464 [server.go:2843]  ::1 - - [29/Jul/2021 12:45:18] "GET /agent/config/?uuid=e1bec0f628104131bee16fccc29e224a&version=0 HTTP/1.1 200 0" 0.004002  Go-http-client/1.1
2021/07/29 00:45:18.473 [server.go:2843]  ::1 - - [29/Jul/2021 12:45:18] "GET /agent/heartbeat/?uuid=e1bec0f628104131bee16fccc29e224a HTTP/1.1 200 0" 0.013004  Go-http-client/1.1
2021/07/29 00:45:28.461 [server.go:2843]  ::1 - - [29/Jul/2021 12:45:28] "GET /agent/heartbeat/?uuid=e1bec0f628104131bee16fccc29e224a HTTP/1.1 200 0" 0.008002  Go-http-client/1.1
2021/07/29 00:45:38.463 [server.go:2843]  ::1 - - [29/Jul/2021 12:45:38] "GET /agent/heartbeat/?uuid=e1bec0f628104131bee16fccc29e224a HTTP/1.1 200 0" 0.007981  Go-http-client/1.1
2021/07/29 00:45:48.549 [server.go:2843]  ::1 - - [29/Jul/2021 12:45:48] "GET /agent/heartbeat/?uuid=e1bec0f628104131bee16fccc29e224a HTTP/1.1 200 0" 0.091278  Go-http-client/1.1
2021/07/29 00:45:58.455 [server.go:2843]  ::1 - - [29/Jul/2021 12:45:58] "GET /agent/heartbeat/?uuid=e1bec0f628104131bee16fccc29e224a HTTP/1.1 200 0" 0.006986  Go-http-client/1.1
2021/07/29 00:46:08.455 [server.go:2843]  ::1 - - [29/Jul/2021 12:46:08] "GET /agent/heartbeat/?uuid=e1bec0f628104131bee16fccc29e224a HTTP/1.1 200 0" 0.007980  Go-http-client/1.1
2021/07/29 00:46:18.455 [server.go:2843]  ::1 - - [29/Jul/2021 12:46:18] "GET /agent/config/?uuid=e1bec0f628104131bee16fccc29e224a&version=0 HTTP/1.1 200 0" 0.004003  Go-http-client/1.1
2021/07/29 00:46:18.470 [server.go:2843]  ::1 - - [29/Jul/2021 12:46:18] "GET /agent/heartbeat/?uuid=e1bec0f628104131bee16fccc29e224a HTTP/1.1 200 0" 0.019007  Go-http-client/1.1
2021/07/29 00:46:28.455 [server.go:2843]  ::1 - - [29/Jul/2021 12:46:28] "GET /agent/heartbeat/?uuid=e1bec0f628104131bee16fccc29e224a HTTP/1.1 200 0" 0.007007  Go-http-client/1.1
2021/07/29 00:46:38.469 [server.go:2843]  ::1 - - [29/Jul/2021 12:46:38] "GET /agent/heartbeat/?uuid=e1bec0f628104131bee16fccc29e224a HTTP/1.1 200 0" 0.008004  Go-http-client/1.1
2021/07/29 00:46:48.459 [server.go:2843]  ::1 - - [29/Jul/2021 12:46:48] "GET /agent/heartbeat/?uuid=e1bec0f628104131bee16fccc29e224a HTTP/1.1 200 0" 0.009003  Go-http-client/1.1
2021/07/29 00:46:58.455 [server.go:2843]  ::1 - - [29/Jul/2021 12:46:58] "GET /agent/heartbeat/?uuid=e1bec0f628104131bee16fccc29e224a HTTP/1.1 200 0" 0.007985  Go-http-client/1.1
2021/07/29 00:47:08.455 [server.go:2843]  ::1 - - [29/Jul/2021 12:47:08] "GET /agent/heartbeat/?uuid=e1bec0f628104131bee16fccc29e224a HTTP/1.1 200 0" 0.007002  Go-http-client/1.1
2021/07/29 00:47:18.452 [server.go:2843]  ::1 - - [29/Jul/2021 12:47:18] "GET /agent/config/?uuid=e1bec0f628104131bee16fccc29e224a&version=0 HTTP/1.1 200 0" 0.003999  Go-http-client/1.1
2021/07/29 00:47:18.464 [server.go:2843]  ::1 - - [29/Jul/2021 12:47:18] "GET /agent/heartbeat/?uuid=e1bec0f628104131bee16fccc29e224a HTTP/1.1 200 0" 0.016002  Go-http-client/1.1
2021/07/29 00:47:28.455 [server.go:2843]  ::1 - - [29/Jul/2021 12:47:28] "GET /agent/heartbeat/?uuid=e1bec0f628104131bee16fccc29e224a HTTP/1.1 200 0" 0.006981  Go-http-client/1.1
2021/07/29 00:47:38.459 [server.go:2843]  ::1 - - [29/Jul/2021 12:47:38] "GET /agent/heartbeat/?uuid=e1bec0f628104131bee16fccc29e224a HTTP/1.1 200 0" 0.007997  Go-http-client/1.1
2021/07/29 00:47:48.454 [server.go:2843]  ::1 - - [29/Jul/2021 12:47:48] "GET /agent/heartbeat/?uuid=e1bec0f628104131bee16fccc29e224a HTTP/1.1 200 0" 0.007008  Go-http-client/1.1
2021/07/29 00:47:58.465 [server.go:2843]  ::1 - - [29/Jul/2021 12:47:58] "GET /agent/heartbeat/?uuid=e1bec0f628104131bee16fccc29e224a HTTP/1.1 200 0" 0.012003  Go-http-client/1.1
2021/07/29 00:48:08.457 [server.go:2843]  ::1 - - [29/Jul/2021 12:48:08] "GET /agent/heartbeat/?uuid=e1bec0f628104131bee16fccc29e224a HTTP/1.1 200 0" 0.007982  Go-http-client/1.1
2021/07/29 00:48:18.452 [server.go:2843]  ::1 - - [29/Jul/2021 12:48:18] "GET /agent/config/?uuid=e1bec0f628104131bee16fccc29e224a&version=0 HTTP/1.1 200 0" 0.004998  Go-http-client/1.1
2021/07/29 00:48:18.460 [server.go:2843]  ::1 - - [29/Jul/2021 12:48:18] "GET /agent/heartbeat/?uuid=e1bec0f628104131bee16fccc29e224a HTTP/1.1 200 0" 0.013000  Go-http-client/1.1
2021/07/29 00:48:28.454 [server.go:2843]  ::1 - - [29/Jul/2021 12:48:28] "GET /agent/heartbeat/?uuid=e1bec0f628104131bee16fccc29e224a HTTP/1.1 200 0" 0.007003  Go-http-client/1.1
2021/07/29 00:48:38.459 [server.go:2843]  ::1 - - [29/Jul/2021 12:48:38] "GET /agent/heartbeat/?uuid=e1bec0f628104131bee16fccc29e224a HTTP/1.1 200 0" 0.012003  Go-http-client/1.1
2021/07/29 00:48:48.456 [server.go:2843]  ::1 - - [29/Jul/2021 12:48:48] "GET /agent/heartbeat/?uuid=e1bec0f628104131bee16fccc29e224a HTTP/1.1 200 0" 0.009001  Go-http-client/1.1
2021/07/29 00:48:58.462 [server.go:2843]  ::1 - - [29/Jul/2021 12:48:58] "GET /agent/heartbeat/?uuid=e1bec0f628104131bee16fccc29e224a HTTP/1.1 200 0" 0.013003  Go-http-client/1.1
2021/07/29 00:49:08.454 [server.go:2843]  ::1 - - [29/Jul/2021 12:49:08] "GET /agent/heartbeat/?uuid=e1bec0f628104131bee16fccc29e224a HTTP/1.1 200 0" 0.007980  Go-http-client/1.1
2021/07/29 00:49:18.460 [server.go:2843]  ::1 - - [29/Jul/2021 12:49:18] "GET /agent/config/?uuid=e1bec0f628104131bee16fccc29e224a&version=0 HTTP/1.1 200 0" 0.003978  Go-http-client/1.1
2021/07/29 00:49:18.478 [server.go:2843]  ::1 - - [29/Jul/2021 12:49:18] "GET /agent/heartbeat/?uuid=e1bec0f628104131bee16fccc29e224a HTTP/1.1 200 0" 0.021983  Go-http-client/1.1
2021/07/29 00:49:28.456 [server.go:2843]  ::1 - - [29/Jul/2021 12:49:28] "GET /agent/heartbeat/?uuid=e1bec0f628104131bee16fccc29e224a HTTP/1.1 200 0" 0.007997  Go-http-client/1.1
2021/07/29 00:49:38.465 [server.go:2843]  ::1 - - [29/Jul/2021 12:49:38] "GET /agent/heartbeat/?uuid=e1bec0f628104131bee16fccc29e224a HTTP/1.1 200 0" 0.007987  Go-http-client/1.1
2021/07/29 00:49:48.456 [server.go:2843]  ::1 - - [29/Jul/2021 12:49:48] "GET /agent/heartbeat/?uuid=e1bec0f628104131bee16fccc29e224a HTTP/1.1 200 0" 0.007983  Go-http-client/1.1
2021/07/29 00:49:58.463 [server.go:2843]  ::1 - - [29/Jul/2021 12:49:58] "GET /agent/heartbeat/?uuid=e1bec0f628104131bee16fccc29e224a HTTP/1.1 200 0" 0.008002  Go-http-client/1.1
2021/07/29 00:50:08.535 [server.go:2843]  ::1 - - [29/Jul/2021 12:50:08] "GET /agent/heartbeat/?uuid=e1bec0f628104131bee16fccc29e224a HTTP/1.1 200 0" 0.087018  Go-http-client/1.1
2021/07/29 00:50:18.468 [server.go:2843]  ::1 - - [29/Jul/2021 12:50:18] "GET /agent/config/?uuid=e1bec0f628104131bee16fccc29e224a&version=0 HTTP/1.1 200 0" 0.005999  Go-http-client/1.1
2021/07/29 00:50:18.473 [server.go:2843]  ::1 - - [29/Jul/2021 12:50:18] "GET /agent/heartbeat/?uuid=e1bec0f628104131bee16fccc29e224a HTTP/1.1 200 0" 0.010999  Go-http-client/1.1
2021/07/29 00:50:28.461 [server.go:2843]  ::1 - - [29/Jul/2021 12:50:28] "GET /agent/heartbeat/?uuid=e1bec0f628104131bee16fccc29e224a HTTP/1.1 200 0" 0.007003  Go-http-client/1.1
2021/07/29 00:50:38.466 [server.go:2843]  ::1 - - [29/Jul/2021 12:50:38] "GET /agent/heartbeat/?uuid=e1bec0f628104131bee16fccc29e224a HTTP/1.1 200 0" 0.006983  Go-http-client/1.1
2021/07/29 00:50:48.458 [server.go:2843]  ::1 - - [29/Jul/2021 12:50:48] "GET /agent/heartbeat/?uuid=e1bec0f628104131bee16fccc29e224a HTTP/1.1 200 0" 0.009003  Go-http-client/1.1
2021/07/29 00:50:58.469 [server.go:2843]  ::1 - - [29/Jul/2021 12:50:58] "GET /agent/heartbeat/?uuid=e1bec0f628104131bee16fccc29e224a HTTP/1.1 200 0" 0.011986  Go-http-client/1.1
2021/07/29 00:51:08.455 [server.go:2843]  ::1 - - [29/Jul/2021 12:51:08] "GET /agent/heartbeat/?uuid=e1bec0f628104131bee16fccc29e224a HTTP/1.1 200 0" 0.007982  Go-http-client/1.1
2021/07/29 00:51:18.455 [server.go:2843]  ::1 - - [29/Jul/2021 12:51:18] "GET /agent/config/?uuid=e1bec0f628104131bee16fccc29e224a&version=0 HTTP/1.1 200 0" 0.007002  Go-http-client/1.1
2021/07/29 00:51:18.466 [server.go:2843]  ::1 - - [29/Jul/2021 12:51:18] "GET /agent/heartbeat/?uuid=e1bec0f628104131bee16fccc29e224a HTTP/1.1 200 0" 0.018005  Go-http-client/1.1
2021/07/29 00:51:28.482 [server.go:2843]  ::1 - - [29/Jul/2021 12:51:28] "GET /agent/heartbeat/?uuid=e1bec0f628104131bee16fccc29e224a HTTP/1.1 200 0" 0.020987  Go-http-client/1.1
2021/07/29 00:51:48.295 [server.go:2843]  ::1 - - [29/Jul/2021 12:51:48] "GET /agent/config/?uuid=e1bec0f628104131bee16fccc29e224a&version=0 HTTP/1.1 200 0" 0.019020  Go-http-client/1.1
2021/07/29 00:51:48.298 [server.go:2843]  ::1 - - [29/Jul/2021 12:51:48] "GET /agent/heartbeat/?uuid=e1bec0f628104131bee16fccc29e224a HTTP/1.1 200 0" 0.023006  Go-http-client/1.1
2021/07/29 00:51:48.304 [server.go:2843]  ::1 - - [29/Jul/2021 12:51:48] "POST /agent/register/ HTTP/1.1 200 0" 0.028008  Go-http-client/1.1
2021/07/29 00:51:58.272 [server.go:2843]  ::1 - - [29/Jul/2021 12:51:58] "GET /agent/heartbeat/?uuid=e1bec0f628104131bee16fccc29e224a HTTP/1.1 200 0" 0.007978  Go-http-client/1.1
2021/07/29 00:52:08.272 [server.go:2843]  ::1 - - [29/Jul/2021 12:52:08] "GET /agent/heartbeat/?uuid=e1bec0f628104131bee16fccc29e224a HTTP/1.1 200 0" 0.007984  Go-http-client/1.1
2021/07/29 00:52:18.281 [server.go:2843]  ::1 - - [29/Jul/2021 12:52:18] "GET /agent/heartbeat/?uuid=e1bec0f628104131bee16fccc29e224a HTTP/1.1 200 0" 0.007985  Go-http-client/1.1
2021/07/29 00:52:28.285 [server.go:2843]  ::1 - - [29/Jul/2021 12:52:28] "GET /agent/heartbeat/?uuid=e1bec0f628104131bee16fccc29e224a HTTP/1.1 200 0" 0.011003  Go-http-client/1.1
2021/07/29 00:52:38.281 [server.go:2843]  ::1 - - [29/Jul/2021 12:52:38] "GET /agent/heartbeat/?uuid=e1bec0f628104131bee16fccc29e224a HTTP/1.1 200 0" 0.006989  Go-http-client/1.1
2021/07/29 00:52:48.479 [server.go:2843]  ::1 - - [29/Jul/2021 12:52:48] "GET /agent/heartbeat/?uuid=3840074bbe0a438baa4dd2f179762adc HTTP/1.1 200 0" 0.006001  Go-http-client/1.1
2021/07/29 00:52:48.487 [server.go:2843]  ::1 - - [29/Jul/2021 12:52:48] "GET /agent/config/?uuid=3840074bbe0a438baa4dd2f179762adc&version=0 HTTP/1.1 200 0" 0.014003  Go-http-client/1.1
2021/07/29 00:52:48.492 [server.go:2843]  ::1 - - [29/Jul/2021 12:52:48] "POST /agent/register/ HTTP/1.1 200 0" 0.018003  Go-http-client/1.1
2021/07/29 00:52:58.479 [server.go:2843]  ::1 - - [29/Jul/2021 12:52:58] "GET /agent/heartbeat/?uuid=3840074bbe0a438baa4dd2f179762adc HTTP/1.1 200 0" 0.010989  Go-http-client/1.1
2021/07/29 00:53:08.471 [server.go:2843]  ::1 - - [29/Jul/2021 12:53:08] "GET /agent/heartbeat/?uuid=3840074bbe0a438baa4dd2f179762adc HTTP/1.1 200 0" 0.007984  Go-http-client/1.1
2021/07/29 00:53:18.470 [server.go:2843]  ::1 - - [29/Jul/2021 12:53:18] "GET /agent/heartbeat/?uuid=3840074bbe0a438baa4dd2f179762adc HTTP/1.1 200 0" 0.007983  Go-http-client/1.1
2021/07/29 00:53:28.472 [server.go:2843]  ::1 - - [29/Jul/2021 12:53:28] "GET /agent/heartbeat/?uuid=3840074bbe0a438baa4dd2f179762adc HTTP/1.1 200 0" 0.007983  Go-http-client/1.1
2021/07/29 00:54:35.628 [server.go:2843]  ::1 - - [29/Jul/2021 12:54:35] "GET /agent/config/?uuid=3840074bbe0a438baa4dd2f179762adc&version=0 HTTP/1.1 200 0" 0.004001  Go-http-client/1.1
2021/07/29 00:54:35.631 [server.go:2843]  ::1 - - [29/Jul/2021 12:54:35] "GET /agent/heartbeat/?uuid=3840074bbe0a438baa4dd2f179762adc HTTP/1.1 200 0" 0.007002  Go-http-client/1.1
2021/07/29 00:54:35.664 [server.go:2843]  ::1 - - [29/Jul/2021 12:54:35] "POST /agent/register/ HTTP/1.1 200 0" 0.040009  Go-http-client/1.1
2021/07/29 01:02:56.727 [server.go:2843]  172.16.10.112 - - [29/Jul/2021 01:02:56] "POST /prometheus/alert/ HTTP/1.1 200 0" 0.012000  Alertmanager/0.21.0
2021/07/29 01:14:49.033 [server.go:2843]  ::1 - - [29/Jul/2021 01:14:49] "GET /agent/config/?uuid=3840074bbe0a438baa4dd2f179762adc&version=0 HTTP/1.1 200 0" 0.009002  Mozilla/5.0 (Windows NT 10.0; Win64; x64) AppleWebKit/537.36 (KHTML, like Gecko) Chrome/92.0.4515.107 Safari/537.36
2021/07/29 01:14:49.239 [server.go:3093]  [HTTP] http: superfluous response.WriteHeader call from github.com/astaxie/beego/context.(*Response).WriteHeader (context.go:230)
2021/07/29 01:14:56.568 [server.go:2843]  ::1 - - [29/Jul/2021 01:14:56] "GET /agent/heartbeat/?uuid=3840074bbe0a438baa4dd2f179762adc HTTP/1.1 200 0" 0.011004  Mozilla/5.0 (Windows NT 10.0; Win64; x64) AppleWebKit/537.36 (KHTML, like Gecko) Chrome/92.0.4515.107 Safari/537.36
2021/07/29 01:14:58.942 [server.go:3093]  [HTTP] http: superfluous response.WriteHeader call from github.com/astaxie/beego/context.(*Response).WriteHeader (context.go:230)
2021/07/29 01:15:08.784 [server.go:2843]  ::1 - - [29/Jul/2021 01:15:08] "GET /agent/register/%7B%22addr%22:%22169.254.136.246%22,%22hostname%22:%22taozhenhuan%22,%22uuid%22:%223840074bbe0a438baa4dd2f179762adc%22%7D HTTP/1.1 200 0" 0.005001  Mozilla/5.0 (Windows NT 10.0; Win64; x64) AppleWebKit/537.36 (KHTML, like Gecko) Chrome/92.0.4515.107 Safari/537.36
2021/07/29 01:15:10.769 [server.go:3093]  [HTTP] http: superfluous response.WriteHeader call from github.com/astaxie/beego/context.(*Response).WriteHeader (context.go:230)
2021/07/29 01:16:41.600 [server.go:2843]  ::1 - - [29/Jul/2021 01:16:41] "GET /agent/config/?uuid=3840074bbe0a438baa4dd2f179762adc&version=0 HTTP/1.1 200 0" 0.003001  Go-http-client/1.1
2021/07/29 01:16:41.622 [server.go:2843]  ::1 - - [29/Jul/2021 01:16:41] "POST /agent/register/ HTTP/1.1 200 0" 0.025005  Go-http-client/1.1
2021/07/29 01:16:41.623 [server.go:2843]  ::1 - - [29/Jul/2021 01:16:41] "GET /agent/heartbeat/?uuid=3840074bbe0a438baa4dd2f179762adc HTTP/1.1 200 0" 0.026009  Go-http-client/1.1
2021/07/29 01:16:50.472 [server.go:2843]  ::1 - - [29/Jul/2021 01:16:50] "GET /agent/config/?uuid=3840074bbe0a438baa4dd2f179762adc&version=0 HTTP/1.1 200 0" 0.003000  Mozilla/5.0 (Windows NT 10.0; Win64; x64) AppleWebKit/537.36 (KHTML, like Gecko) Chrome/92.0.4515.107 Safari/537.36
2021/07/29 01:16:50.564 [server.go:3093]  [HTTP] http: superfluous response.WriteHeader call from github.com/astaxie/beego/context.(*Response).WriteHeader (context.go:230)
2021/07/29 01:16:51.433 [server.go:2843]  ::1 - - [29/Jul/2021 01:16:51] "GET /agent/config/?uuid=3840074bbe0a438baa4dd2f179762adc&version=0 HTTP/1.1 200 0" 0.005002  Mozilla/5.0 (Windows NT 10.0; Win64; x64) AppleWebKit/537.36 (KHTML, like Gecko) Chrome/92.0.4515.107 Safari/537.36
2021/07/29 01:16:51.527 [server.go:3093]  [HTTP] http: superfluous response.WriteHeader call from github.com/astaxie/beego/context.(*Response).WriteHeader (context.go:230)
2021/07/29 01:16:51.591 [server.go:2843]  ::1 - - [29/Jul/2021 01:16:51] "GET /agent/heartbeat/?uuid=3840074bbe0a438baa4dd2f179762adc HTTP/1.1 200 0" 0.007004  Go-http-client/1.1
2021/07/29 01:18:19.804 [server.go:2843]  ::1 - - [29/Jul/2021 01:18:19] "GET /agent/config/?uuid=3840074bbe0a438baa4dd2f179762adc&version=0 HTTP/1.1 200 0" 0.004999  Go-http-client/1.1
2021/07/29 01:18:19.810 [server.go:2843]  ::1 - - [29/Jul/2021 01:18:19] "GET /agent/heartbeat/?uuid=3840074bbe0a438baa4dd2f179762adc HTTP/1.1 200 0" 0.011001  Go-http-client/1.1
2021/07/29 01:18:19.834 [server.go:2843]  ::1 - - [29/Jul/2021 01:18:19] "POST /agent/register/ HTTP/1.1 200 0" 0.035006  Go-http-client/1.1
2021/07/29 01:18:29.797 [server.go:2843]  ::1 - - [29/Jul/2021 01:18:29] "GET /agent/heartbeat/?uuid=3840074bbe0a438baa4dd2f179762adc HTTP/1.1 200 0" 0.011004  Go-http-client/1.1
2021/07/29 01:18:39.805 [server.go:2843]  ::1 - - [29/Jul/2021 01:18:39] "GET /agent/heartbeat/?uuid=3840074bbe0a438baa4dd2f179762adc HTTP/1.1 200 0" 0.007987  Go-http-client/1.1
2021/07/29 01:18:58.090 [server.go:2843]  ::1 - - [29/Jul/2021 01:18:58] "GET /agent/heartbeat/?uuid=8f24f9595e8c4607bf96722849990ce0 HTTP/1.1 200 0" 0.004001  Go-http-client/1.1
2021/07/29 01:18:58.092 [server.go:2843]  ::1 - - [29/Jul/2021 01:18:58] "GET /agent/config/?uuid=8f24f9595e8c4607bf96722849990ce0&version=0 HTTP/1.1 200 0" 0.006002  Go-http-client/1.1
2021/07/29 01:18:58.107 [server.go:2843]  ::1 - - [29/Jul/2021 01:18:58] "POST /agent/register/ HTTP/1.1 200 0" 0.021007  Go-http-client/1.1
2021/07/29 01:19:04.664 [server.go:2843]  ::1 - - [29/Jul/2021 01:19:04] "GET /agent/query HTTP/1.1 200 0" 0.022003 http://localhost:8888/agent/modify Mozilla/5.0 (Windows NT 10.0; Win64; x64) AppleWebKit/537.36 (KHTML, like Gecko) Chrome/92.0.4515.107 Safari/537.36 Edg/92.0.902.55
2021/07/29 01:19:04.736 [server.go:3093]  [HTTP] http: superfluous response.WriteHeader call from github.com/astaxie/beego/context.(*Response).WriteHeader (context.go:230)
2021/07/29 01:19:08.081 [server.go:2843]  ::1 - - [29/Jul/2021 01:19:08] "GET /agent/heartbeat/?uuid=8f24f9595e8c4607bf96722849990ce0 HTTP/1.1 200 0" 0.008001  Go-http-client/1.1
2021/07/29 01:19:18.094 [server.go:2843]  ::1 - - [29/Jul/2021 01:19:18] "GET /agent/heartbeat/?uuid=8f24f9595e8c4607bf96722849990ce0 HTTP/1.1 200 0" 0.007997  Go-http-client/1.1
2021/07/29 01:19:27.558 [server.go:2843]  ::1 - - [29/Jul/2021 01:19:27] "GET /agent/modify?pk=39 HTTP/1.1 200 0" 0.019004 http://localhost:8888/agent/query Mozilla/5.0 (Windows NT 10.0; Win64; x64) AppleWebKit/537.36 (KHTML, like Gecko) Chrome/92.0.4515.107 Safari/537.36 Edg/92.0.902.55
2021/07/29 01:19:27.737 [server.go:3093]  [HTTP] http: superfluous response.WriteHeader call from github.com/astaxie/beego/context.(*Response).WriteHeader (context.go:230)
2021/07/29 01:19:28.091 [server.go:2843]  ::1 - - [29/Jul/2021 01:19:28] "GET /agent/heartbeat/?uuid=8f24f9595e8c4607bf96722849990ce0 HTTP/1.1 200 0" 0.007988  Go-http-client/1.1
2021/07/29 01:19:29.241 [agent.go:31]  ::1 - - [01/Jan/0001 12:00:00] "POST /agent/modify HTTP/1.1 302 0" 0.000000 http://localhost:8888/agent/modify?pk=39 Mozilla/5.0 (Windows NT 10.0; Win64; x64) AppleWebKit/537.36 (KHTML, like Gecko) Chrome/92.0.4515.107 Safari/537.36 Edg/92.0.902.55
2021/07/29 01:19:29.241 [server.go:2843]  ::1 - - [29/Jul/2021 01:19:29] "POST /agent/modify HTTP/1.1 302 0" 0.014003 http://localhost:8888/agent/modify?pk=39 Mozilla/5.0 (Windows NT 10.0; Win64; x64) AppleWebKit/537.36 (KHTML, like Gecko) Chrome/92.0.4515.107 Safari/537.36 Edg/92.0.902.55
2021/07/29 01:19:29.270 [server.go:2843]  ::1 - - [29/Jul/2021 01:19:29] "GET /agent/query HTTP/1.1 200 0" 0.022006 http://localhost:8888/agent/modify?pk=39 Mozilla/5.0 (Windows NT 10.0; Win64; x64) AppleWebKit/537.36 (KHTML, like Gecko) Chrome/92.0.4515.107 Safari/537.36 Edg/92.0.902.55
2021/07/29 01:19:29.344 [server.go:3093]  [HTTP] http: superfluous response.WriteHeader call from github.com/astaxie/beego/context.(*Response).WriteHeader (context.go:230)
2021/07/29 01:20:18.457 [server.go:2843]  ::1 - - [29/Jul/2021 01:20:18] "GET /agent/delete?id=38 HTTP/1.1 405 0" 0.005997 http://localhost:8888/agent/query Mozilla/5.0 (Windows NT 10.0; Win64; x64) AppleWebKit/537.36 (KHTML, like Gecko) Chrome/92.0.4515.107 Safari/537.36 Edg/92.0.902.55
2021/07/29 01:20:18.524 [server.go:3093]  [HTTP] http: superfluous response.WriteHeader call from github.com/astaxie/beego/context.(*Response).WriteHeader (context.go:230)
2021/07/29 01:20:19.601 [server.go:3093]  [HTTP] http: superfluous response.WriteHeader call from github.com/astaxie/beego/context.(*Response).WriteHeader (context.go:230)
2021/07/29 01:21:43.415 [server.go:2843]  ::1 - - [29/Jul/2021 01:21:43] "POST /agent/register/ HTTP/1.1 200 0" 0.004002  Go-http-client/1.1
2021/07/29 01:21:43.437 [server.go:2843]  ::1 - - [29/Jul/2021 01:21:43] "GET /agent/config/?uuid=8f24f9595e8c4607bf96722849990ce0&version=0 HTTP/1.1 200 0" 0.026008  Go-http-client/1.1
2021/07/29 01:21:43.450 [server.go:2843]  ::1 - - [29/Jul/2021 01:21:43] "GET /agent/heartbeat/?uuid=8f24f9595e8c4607bf96722849990ce0 HTTP/1.1 200 0" 0.037529  Go-http-client/1.1
2021/07/29 01:21:53.408 [server.go:2843]  ::1 - - [29/Jul/2021 01:21:53] "GET /agent/heartbeat/?uuid=8f24f9595e8c4607bf96722849990ce0 HTTP/1.1 200 0" 0.007986  Go-http-client/1.1
2021/07/29 01:22:03.417 [server.go:2843]  ::1 - - [29/Jul/2021 01:22:03] "GET /agent/heartbeat/?uuid=8f24f9595e8c4607bf96722849990ce0 HTTP/1.1 200 0" 0.009003  Go-http-client/1.1
2021/07/29 01:22:13.431 [server.go:2843]  ::1 - - [29/Jul/2021 01:22:13] "GET /agent/heartbeat/?uuid=8f24f9595e8c4607bf96722849990ce0 HTTP/1.1 200 0" 0.032008  Go-http-client/1.1
2021/07/29 01:22:23.403 [server.go:2843]  ::1 - - [29/Jul/2021 01:22:23] "GET /agent/heartbeat/?uuid=8f24f9595e8c4607bf96722849990ce0 HTTP/1.1 200 0" 0.007980  Go-http-client/1.1
2021/07/29 01:22:33.415 [server.go:2843]  ::1 - - [29/Jul/2021 01:22:33] "GET /agent/heartbeat/?uuid=8f24f9595e8c4607bf96722849990ce0 HTTP/1.1 200 0" 0.010985  Go-http-client/1.1
2021/07/29 01:22:43.417 [server.go:2843]  ::1 - - [29/Jul/2021 01:22:43] "GET /agent/config/?uuid=8f24f9595e8c4607bf96722849990ce0&version=0 HTTP/1.1 200 0" 0.008003  Go-http-client/1.1
2021/07/29 01:22:43.433 [server.go:2843]  ::1 - - [29/Jul/2021 01:22:43] "GET /agent/heartbeat/?uuid=8f24f9595e8c4607bf96722849990ce0 HTTP/1.1 200 0" 0.024008  Go-http-client/1.1
2021/07/29 01:22:53.408 [server.go:2843]  ::1 - - [29/Jul/2021 01:22:53] "GET /agent/heartbeat/?uuid=8f24f9595e8c4607bf96722849990ce0 HTTP/1.1 200 0" 0.008008  Go-http-client/1.1
2021/07/29 01:23:03.417 [server.go:2843]  ::1 - - [29/Jul/2021 01:23:03] "GET /agent/heartbeat/?uuid=8f24f9595e8c4607bf96722849990ce0 HTTP/1.1 200 0" 0.009003  Go-http-client/1.1
2021/07/29 01:23:13.405 [server.go:2843]  ::1 - - [29/Jul/2021 01:23:13] "GET /agent/heartbeat/?uuid=8f24f9595e8c4607bf96722849990ce0 HTTP/1.1 200 0" 0.009003  Go-http-client/1.1
2021/07/29 01:23:23.402 [server.go:2843]  ::1 - - [29/Jul/2021 01:23:23] "GET /agent/heartbeat/?uuid=8f24f9595e8c4607bf96722849990ce0 HTTP/1.1 200 0" 0.007985  Go-http-client/1.1
2021/07/29 01:23:33.412 [server.go:2843]  ::1 - - [29/Jul/2021 01:23:33] "GET /agent/heartbeat/?uuid=8f24f9595e8c4607bf96722849990ce0 HTTP/1.1 200 0" 0.008001  Go-http-client/1.1
2021/07/29 01:23:43.408 [server.go:2843]  ::1 - - [29/Jul/2021 01:23:43] "GET /agent/config/?uuid=8f24f9595e8c4607bf96722849990ce0&version=0 HTTP/1.1 200 0" 0.004002  Go-http-client/1.1
2021/07/29 01:23:43.436 [server.go:2843]  ::1 - - [29/Jul/2021 01:23:43] "GET /agent/heartbeat/?uuid=8f24f9595e8c4607bf96722849990ce0 HTTP/1.1 200 0" 0.032009  Go-http-client/1.1
2021/07/29 01:23:53.418 [server.go:2843]  ::1 - - [29/Jul/2021 01:23:53] "GET /agent/heartbeat/?uuid=8f24f9595e8c4607bf96722849990ce0 HTTP/1.1 200 0" 0.009002  Go-http-client/1.1
2021/07/29 01:24:03.506 [server.go:2843]  ::1 - - [29/Jul/2021 01:24:03] "GET /agent/heartbeat/?uuid=8f24f9595e8c4607bf96722849990ce0 HTTP/1.1 200 0" 0.107034  Go-http-client/1.1
2021/07/29 01:24:13.407 [server.go:2843]  ::1 - - [29/Jul/2021 01:24:13] "GET /agent/heartbeat/?uuid=8f24f9595e8c4607bf96722849990ce0 HTTP/1.1 200 0" 0.011003  Go-http-client/1.1
2021/07/29 01:24:23.412 [server.go:2843]  ::1 - - [29/Jul/2021 01:24:23] "GET /agent/heartbeat/?uuid=8f24f9595e8c4607bf96722849990ce0 HTTP/1.1 200 0" 0.009985  Go-http-client/1.1
2021/07/29 01:24:33.402 [server.go:2843]  ::1 - - [29/Jul/2021 01:24:33] "GET /agent/heartbeat/?uuid=8f24f9595e8c4607bf96722849990ce0 HTTP/1.1 200 0" 0.008001  Go-http-client/1.1
2021/07/29 01:24:43.405 [server.go:2843]  ::1 - - [29/Jul/2021 01:24:43] "GET /agent/config/?uuid=8f24f9595e8c4607bf96722849990ce0&version=0 HTTP/1.1 200 0" 0.004001  Go-http-client/1.1
2021/07/29 01:24:43.425 [server.go:2843]  ::1 - - [29/Jul/2021 01:24:43] "GET /agent/heartbeat/?uuid=8f24f9595e8c4607bf96722849990ce0 HTTP/1.1 200 0" 0.024007  Go-http-client/1.1
2021/07/29 01:24:53.403 [server.go:2843]  ::1 - - [29/Jul/2021 01:24:53] "GET /agent/heartbeat/?uuid=8f24f9595e8c4607bf96722849990ce0 HTTP/1.1 200 0" 0.008002  Go-http-client/1.1
2021/07/29 01:25:03.413 [server.go:2843]  ::1 - - [29/Jul/2021 01:25:03] "GET /agent/heartbeat/?uuid=8f24f9595e8c4607bf96722849990ce0 HTTP/1.1 200 0" 0.019005  Go-http-client/1.1
2021/07/29 01:25:13.402 [server.go:2843]  ::1 - - [29/Jul/2021 01:25:13] "GET /agent/heartbeat/?uuid=8f24f9595e8c4607bf96722849990ce0 HTTP/1.1 200 0" 0.007980  Go-http-client/1.1
2021/07/29 01:25:23.410 [server.go:2843]  ::1 - - [29/Jul/2021 01:25:23] "GET /agent/heartbeat/?uuid=8f24f9595e8c4607bf96722849990ce0 HTTP/1.1 200 0" 0.007008  Go-http-client/1.1
2021/07/29 01:25:33.411 [server.go:2843]  ::1 - - [29/Jul/2021 01:25:33] "GET /agent/heartbeat/?uuid=8f24f9595e8c4607bf96722849990ce0 HTTP/1.1 200 0" 0.014002  Go-http-client/1.1
2021/07/29 01:25:43.399 [server.go:2843]  ::1 - - [29/Jul/2021 01:25:43] "GET /agent/config/?uuid=8f24f9595e8c4607bf96722849990ce0&version=0 HTTP/1.1 200 0" 0.004001  Go-http-client/1.1
2021/07/29 01:25:43.414 [server.go:2843]  ::1 - - [29/Jul/2021 01:25:43] "GET /agent/heartbeat/?uuid=8f24f9595e8c4607bf96722849990ce0 HTTP/1.1 200 0" 0.019004  Go-http-client/1.1
2021/07/29 01:25:53.403 [server.go:2843]  ::1 - - [29/Jul/2021 01:25:53] "GET /agent/heartbeat/?uuid=8f24f9595e8c4607bf96722849990ce0 HTTP/1.1 200 0" 0.008985  Go-http-client/1.1
2021/07/29 01:26:03.413 [server.go:2843]  ::1 - - [29/Jul/2021 01:26:03] "GET /agent/heartbeat/?uuid=8f24f9595e8c4607bf96722849990ce0 HTTP/1.1 200 0" 0.019005  Go-http-client/1.1
