{"level":"debug","metric":"insert","msg":"command metric","sample":0,"time":"2021-07-13T23:12:14+08:00"}
{"level":"debug","metric":"delete","msg":"command metric","sample":0,"time":"2021-07-13T23:12:14+08:00"}
{"level":"debug","metric":"max_connections","msg":"command metric","sample":1024,"time":"2021-07-13T23:12:14+08:00"}
{"level":"debug","metric":"update","msg":"command metric","sample":0,"time":"2021-07-13T23:12:14+08:00"}
{"level":"debug","metric":"select","msg":"command metric","sample":0,"time":"2021-07-13T23:12:14+08:00"}
{"level":"debug","metric":"insert","msg":"command metric","sample":0,"time":"2021-07-13T23:12:16+08:00"}
{"level":"debug","metric":"delete","msg":"command metric","sample":0,"time":"2021-07-13T23:12:16+08:00"}
{"level":"debug","metric":"max_connections","msg":"command metric","sample":1024,"time":"2021-07-13T23:12:16+08:00"}
{"level":"debug","metric":"update","msg":"command metric","sample":0,"time":"2021-07-13T23:12:16+08:00"}
{"level":"debug","metric":"select","msg":"command metric","sample":0,"time":"2021-07-13T23:12:16+08:00"}
{"level":"debug","metric":"insert","msg":"command metric","sample":0,"time":"2021-07-13T23:12:21+08:00"}
{"level":"debug","metric":"max_connections","msg":"command metric","sample":1024,"time":"2021-07-13T23:12:21+08:00"}
{"level":"debug","metric":"delete","msg":"command metric","sample":0,"time":"2021-07-13T23:12:21+08:00"}
{"level":"debug","metric":"update","msg":"command metric","sample":0,"time":"2021-07-13T23:12:22+08:00"}
{"level":"debug","metric":"select","msg":"command metric","sample":0,"time":"2021-07-13T23:12:22+08:00"}
{"level":"debug","metric":"max_connections","msg":"command metric","sample":1024,"time":"2021-07-13T23:12:42+08:00"}
{"level":"debug","metric":"insert","msg":"command metric","sample":0,"time":"2021-07-13T23:12:42+08:00"}
{"level":"debug","metric":"delete","msg":"command metric","sample":0,"time":"2021-07-13T23:12:42+08:00"}
{"level":"debug","metric":"update","msg":"command metric","sample":0,"time":"2021-07-13T23:12:42+08:00"}
{"level":"debug","metric":"select","msg":"command metric","sample":0,"time":"2021-07-13T23:12:42+08:00"}
{"level":"debug","metric":"insert","msg":"command metric","sample":0,"time":"2021-07-13T23:14:55+08:00"}
{"level":"debug","metric":"delete","msg":"command metric","sample":0,"time":"2021-07-13T23:14:55+08:00"}
{"level":"debug","metric":"max_connections","msg":"command metric","sample":1024,"time":"2021-07-13T23:14:55+08:00"}
{"level":"debug","metric":"update","msg":"command metric","sample":0,"time":"2021-07-13T23:14:55+08:00"}
{"level":"debug","metric":"select","msg":"command metric","sample":0,"time":"2021-07-13T23:14:55+08:00"}
{"level":"debug","metric":"insert","msg":"command metric","sample":0,"time":"2021-07-13T23:14:57+08:00"}
{"level":"debug","metric":"max_connections","msg":"command metric","sample":1024,"time":"2021-07-13T23:14:57+08:00"}
{"level":"debug","metric":"delete","msg":"command metric","sample":0,"time":"2021-07-13T23:14:57+08:00"}
{"level":"debug","metric":"update","msg":"command metric","sample":0,"time":"2021-07-13T23:14:57+08:00"}
{"level":"debug","metric":"select","msg":"command metric","sample":0,"time":"2021-07-13T23:14:57+08:00"}
{"level":"debug","metric":"insert","msg":"command metric","sample":0,"time":"2021-07-13T23:14:58+08:00"}
{"level":"debug","metric":"max_connections","msg":"command metric","sample":1024,"time":"2021-07-13T23:14:58+08:00"}
{"level":"debug","metric":"delete","msg":"command metric","sample":0,"time":"2021-07-13T23:14:58+08:00"}
{"level":"debug","metric":"update","msg":"command metric","sample":0,"time":"2021-07-13T23:14:58+08:00"}
{"level":"debug","metric":"select","msg":"command metric","sample":0,"time":"2021-07-13T23:14:58+08:00"}
{"level":"debug","metric":"max_connections","msg":"command metric","sample":1024,"time":"2021-07-14T00:11:48+08:00"}
{"level":"debug","metric":"insert","msg":"command metric","sample":0,"time":"2021-07-14T00:11:48+08:00"}
{"level":"debug","metric":"delete","msg":"command metric","sample":0,"time":"2021-07-14T00:11:48+08:00"}
{"level":"debug","metric":"update","msg":"command metric","sample":0,"time":"2021-07-14T00:11:48+08:00"}
{"level":"debug","metric":"select","msg":"command metric","sample":0,"time":"2021-07-14T00:11:48+08:00"}
{"level":"debug","metric":"max_connections","msg":"command metric","sample":1024,"time":"2021-07-14T00:11:49+08:00"}
{"level":"debug","metric":"insert","msg":"command metric","sample":0,"time":"2021-07-14T00:11:49+08:00"}
{"level":"debug","metric":"delete","msg":"command metric","sample":0,"time":"2021-07-14T00:11:49+08:00"}
{"level":"debug","metric":"update","msg":"command metric","sample":0,"time":"2021-07-14T00:11:49+08:00"}
{"level":"debug","metric":"select","msg":"command metric","sample":0,"time":"2021-07-14T00:11:49+08:00"}
{"level":"debug","metric":"max_connections","msg":"command metric","sample":0,"time":"2021-07-14T00:13:47+08:00"}
{"level":"debug","metric":"insert","msg":"command metric","sample":0,"time":"2021-07-14T00:13:47+08:00"}
{"level":"debug","metric":"delete","msg":"command metric","sample":0,"time":"2021-07-14T00:13:47+08:00"}
{"level":"debug","metric":"update","msg":"command metric","sample":0,"time":"2021-07-14T00:13:47+08:00"}
{"level":"debug","metric":"select","msg":"command metric","sample":0,"time":"2021-07-14T00:13:47+08:00"}
{"level":"debug","metric":"max_connections","msg":"command metric","sample":1024,"time":"2021-07-14T00:18:40+08:00"}
{"level":"debug","metric":"insert","msg":"command metric","sample":0,"time":"2021-07-14T00:18:40+08:00"}
{"level":"debug","metric":"delete","msg":"command metric","sample":0,"time":"2021-07-14T00:18:40+08:00"}
{"level":"debug","metric":"update","msg":"command metric","sample":0,"time":"2021-07-14T00:18:40+08:00"}
{"level":"debug","metric":"select","msg":"command metric","sample":0,"time":"2021-07-14T00:18:40+08:00"}
{"level":"debug","metric":"max_connections","msg":"command metric","sample":1024,"time":"2021-07-14T00:18:47+08:00"}
{"level":"debug","metric":"insert","msg":"command metric","sample":0,"time":"2021-07-14T00:18:47+08:00"}
{"level":"debug","metric":"delete","msg":"command metric","sample":0,"time":"2021-07-14T00:18:47+08:00"}
{"level":"debug","metric":"update","msg":"command metric","sample":0,"time":"2021-07-14T00:18:47+08:00"}
{"level":"debug","metric":"select","msg":"command metric","sample":0,"time":"2021-07-14T00:18:47+08:00"}
{"level":"debug","metric":"insert","msg":"command metric","sample":0,"time":"2021-07-14T00:18:49+08:00"}
{"level":"debug","metric":"delete","msg":"command metric","sample":0,"time":"2021-07-14T00:18:49+08:00"}
{"level":"debug","metric":"max_connections","msg":"command metric","sample":1024,"time":"2021-07-14T00:18:49+08:00"}
{"level":"debug","metric":"update","msg":"command metric","sample":0,"time":"2021-07-14T00:18:49+08:00"}
{"level":"debug","metric":"select","msg":"command metric","sample":0,"time":"2021-07-14T00:18:49+08:00"}
{"level":"debug","metric":"insert","msg":"command metric","sample":0,"time":"2021-07-14T00:18:50+08:00"}
{"level":"debug","metric":"delete","msg":"command metric","sample":0,"time":"2021-07-14T00:18:50+08:00"}
{"level":"debug","metric":"max_connections","msg":"command metric","sample":1024,"time":"2021-07-14T00:18:50+08:00"}
{"level":"debug","metric":"update","msg":"command metric","sample":0,"time":"2021-07-14T00:18:50+08:00"}
{"level":"debug","metric":"select","msg":"command metric","sample":0,"time":"2021-07-14T00:18:50+08:00"}
{"level":"error","metric":"mysql_info","msg":"driver: bad connection","time":"2021-07-14T00:21:47+08:00"}
{"level":"debug","metric":"max_connections","msg":"command metric","sample":1024,"time":"2021-07-14T00:21:47+08:00"}
{"level":"debug","metric":"insert","msg":"command metric","sample":0,"time":"2021-07-14T00:21:47+08:00"}
{"level":"debug","metric":"delete","msg":"command metric","sample":0,"time":"2021-07-14T00:21:47+08:00"}
{"level":"debug","metric":"update","msg":"command metric","sample":0,"time":"2021-07-14T00:21:47+08:00"}
{"level":"debug","metric":"select","msg":"command metric","sample":0,"time":"2021-07-14T00:21:47+08:00"}
{"level":"debug","metric":"max_connections","msg":"command metric","sample":1024,"time":"2021-07-14T00:21:57+08:00"}
{"level":"debug","metric":"insert","msg":"command metric","sample":0,"time":"2021-07-14T00:21:57+08:00"}
{"level":"debug","metric":"delete","msg":"command metric","sample":0,"time":"2021-07-14T00:21:57+08:00"}
{"level":"debug","metric":"update","msg":"command metric","sample":0,"time":"2021-07-14T00:21:57+08:00"}
{"level":"debug","metric":"select","msg":"command metric","sample":0,"time":"2021-07-14T00:21:57+08:00"}
{"level":"debug","metric":"max_connections","msg":"command metric","sample":1024,"time":"2021-07-14T00:24:47+08:00"}
{"level":"debug","metric":"insert","msg":"command metric","sample":0,"time":"2021-07-14T00:24:47+08:00"}
{"level":"debug","metric":"delete","msg":"command metric","sample":0,"time":"2021-07-14T00:24:47+08:00"}
{"level":"debug","metric":"update","msg":"command metric","sample":0,"time":"2021-07-14T00:24:47+08:00"}
{"level":"debug","metric":"select","msg":"command metric","sample":0,"time":"2021-07-14T00:24:47+08:00"}
{"level":"debug","metric":"insert","msg":"command metric","sample":0,"time":"2021-07-14T00:25:02+08:00"}
{"level":"debug","metric":"delete","msg":"command metric","sample":0,"time":"2021-07-14T00:25:02+08:00"}
{"level":"debug","metric":"max_connections","msg":"command metric","sample":1024,"time":"2021-07-14T00:25:02+08:00"}
{"level":"debug","metric":"update","msg":"command metric","sample":0,"time":"2021-07-14T00:25:02+08:00"}
{"level":"debug","metric":"select","msg":"command metric","sample":0,"time":"2021-07-14T00:25:02+08:00"}
{"level":"debug","metric":"insert","msg":"command metric","sample":0,"time":"2021-07-14T00:25:17+08:00"}
{"level":"debug","metric":"delete","msg":"command metric","sample":0,"time":"2021-07-14T00:25:17+08:00"}
{"level":"debug","metric":"max_connections","msg":"command metric","sample":1024,"time":"2021-07-14T00:25:17+08:00"}
{"level":"debug","metric":"update","msg":"command metric","sample":0,"time":"2021-07-14T00:25:17+08:00"}
{"level":"debug","metric":"select","msg":"command metric","sample":0,"time":"2021-07-14T00:25:17+08:00"}
{"level":"debug","metric":"insert","msg":"command metric","sample":0,"time":"2021-07-14T00:25:32+08:00"}
{"level":"debug","metric":"delete","msg":"command metric","sample":0,"time":"2021-07-14T00:25:32+08:00"}
{"level":"debug","metric":"max_connections","msg":"command metric","sample":1024,"time":"2021-07-14T00:25:32+08:00"}
{"level":"debug","metric":"update","msg":"command metric","sample":0,"time":"2021-07-14T00:25:32+08:00"}
{"level":"debug","metric":"select","msg":"command metric","sample":0,"time":"2021-07-14T00:25:32+08:00"}
{"level":"debug","metric":"max_connections","msg":"command metric","sample":1024,"time":"2021-07-14T00:25:47+08:00"}
{"level":"debug","metric":"insert","msg":"command metric","sample":0,"time":"2021-07-14T00:25:47+08:00"}
{"level":"debug","metric":"delete","msg":"command metric","sample":0,"time":"2021-07-14T00:25:47+08:00"}
{"level":"debug","metric":"update","msg":"command metric","sample":0,"time":"2021-07-14T00:25:47+08:00"}
{"level":"debug","metric":"select","msg":"command metric","sample":0,"time":"2021-07-14T00:25:47+08:00"}
{"level":"debug","metric":"max_connections","msg":"command metric","sample":1024,"time":"2021-07-14T00:26:02+08:00"}
{"level":"debug","metric":"insert","msg":"command metric","sample":0,"time":"2021-07-14T00:26:02+08:00"}
{"level":"debug","metric":"delete","msg":"command metric","sample":0,"time":"2021-07-14T00:26:02+08:00"}
{"level":"debug","metric":"update","msg":"command metric","sample":0,"time":"2021-07-14T00:26:02+08:00"}
{"level":"debug","metric":"select","msg":"command metric","sample":0,"time":"2021-07-14T00:26:02+08:00"}
{"level":"debug","metric":"max_connections","msg":"command metric","sample":1024,"time":"2021-07-14T00:26:17+08:00"}
{"level":"debug","metric":"insert","msg":"command metric","sample":0,"time":"2021-07-14T00:26:17+08:00"}
{"level":"debug","metric":"delete","msg":"command metric","sample":0,"time":"2021-07-14T00:26:17+08:00"}
{"level":"debug","metric":"update","msg":"command metric","sample":0,"time":"2021-07-14T00:26:17+08:00"}
{"level":"debug","metric":"select","msg":"command metric","sample":0,"time":"2021-07-14T00:26:17+08:00"}
{"level":"debug","metric":"insert","msg":"command metric","sample":0,"time":"2021-07-14T00:26:32+08:00"}
{"level":"debug","metric":"max_connections","msg":"command metric","sample":1024,"time":"2021-07-14T00:26:32+08:00"}
{"level":"debug","metric":"delete","msg":"command metric","sample":0,"time":"2021-07-14T00:26:32+08:00"}
{"level":"debug","metric":"update","msg":"command metric","sample":0,"time":"2021-07-14T00:26:32+08:00"}
{"level":"debug","metric":"select","msg":"command metric","sample":0,"time":"2021-07-14T00:26:32+08:00"}
{"level":"debug","metric":"max_connections","msg":"command metric","sample":1024,"time":"2021-07-14T00:26:47+08:00"}
{"level":"debug","metric":"insert","msg":"command metric","sample":0,"time":"2021-07-14T00:26:47+08:00"}
{"level":"debug","metric":"delete","msg":"command metric","sample":0,"time":"2021-07-14T00:26:47+08:00"}
{"level":"debug","metric":"update","msg":"command metric","sample":0,"time":"2021-07-14T00:26:47+08:00"}
{"level":"debug","metric":"select","msg":"command metric","sample":0,"time":"2021-07-14T00:26:47+08:00"}
{"level":"debug","metric":"max_connections","msg":"command metric","sample":1024,"time":"2021-07-14T00:27:02+08:00"}
{"level":"debug","metric":"insert","msg":"command metric","sample":0,"time":"2021-07-14T00:27:02+08:00"}
{"level":"debug","metric":"delete","msg":"command metric","sample":0,"time":"2021-07-14T00:27:02+08:00"}
{"level":"debug","metric":"update","msg":"command metric","sample":0,"time":"2021-07-14T00:27:02+08:00"}
{"level":"debug","metric":"select","msg":"command metric","sample":0,"time":"2021-07-14T00:27:02+08:00"}
{"level":"debug","metric":"max_connections","msg":"command metric","sample":1024,"time":"2021-07-14T00:27:17+08:00"}
{"level":"debug","metric":"insert","msg":"command metric","sample":0,"time":"2021-07-14T00:27:17+08:00"}
{"level":"debug","metric":"delete","msg":"command metric","sample":0,"time":"2021-07-14T00:27:17+08:00"}
{"level":"debug","metric":"update","msg":"command metric","sample":0,"time":"2021-07-14T00:27:17+08:00"}
{"level":"debug","metric":"select","msg":"command metric","sample":0,"time":"2021-07-14T00:27:17+08:00"}
{"level":"debug","metric":"max_connections","msg":"command metric","sample":1024,"time":"2021-07-14T00:27:32+08:00"}
{"level":"debug","metric":"insert","msg":"command metric","sample":0,"time":"2021-07-14T00:27:32+08:00"}
{"level":"debug","metric":"delete","msg":"command metric","sample":0,"time":"2021-07-14T00:27:32+08:00"}
{"level":"debug","metric":"update","msg":"command metric","sample":0,"time":"2021-07-14T00:27:32+08:00"}
{"level":"debug","metric":"select","msg":"command metric","sample":0,"time":"2021-07-14T00:27:32+08:00"}
{"level":"debug","metric":"insert","msg":"command metric","sample":0,"time":"2021-07-14T00:27:47+08:00"}
{"level":"debug","metric":"delete","msg":"command metric","sample":0,"time":"2021-07-14T00:27:47+08:00"}
{"level":"debug","metric":"max_connections","msg":"command metric","sample":1024,"time":"2021-07-14T00:27:47+08:00"}
{"level":"debug","metric":"update","msg":"command metric","sample":0,"time":"2021-07-14T00:27:47+08:00"}
{"level":"debug","metric":"select","msg":"command metric","sample":0,"time":"2021-07-14T00:27:47+08:00"}
{"level":"debug","metric":"max_connections","msg":"command metric","sample":1024,"time":"2021-07-14T00:28:02+08:00"}
{"level":"debug","metric":"insert","msg":"command metric","sample":0,"time":"2021-07-14T00:28:02+08:00"}
{"level":"debug","metric":"delete","msg":"command metric","sample":0,"time":"2021-07-14T00:28:02+08:00"}
{"level":"debug","metric":"update","msg":"command metric","sample":0,"time":"2021-07-14T00:28:02+08:00"}
{"level":"debug","metric":"select","msg":"command metric","sample":0,"time":"2021-07-14T00:28:02+08:00"}
{"level":"debug","metric":"insert","msg":"command metric","sample":0,"time":"2021-07-14T00:28:17+08:00"}
{"level":"debug","metric":"delete","msg":"command metric","sample":0,"time":"2021-07-14T00:28:17+08:00"}
{"level":"debug","metric":"update","msg":"command metric","sample":0,"time":"2021-07-14T00:28:17+08:00"}
{"level":"debug","metric":"max_connections","msg":"command metric","sample":1024,"time":"2021-07-14T00:28:17+08:00"}
{"level":"debug","metric":"select","msg":"command metric","sample":0,"time":"2021-07-14T00:28:17+08:00"}
{"level":"debug","metric":"insert","msg":"command metric","sample":0,"time":"2021-07-14T00:28:32+08:00"}
{"level":"debug","metric":"max_connections","msg":"command metric","sample":1024,"time":"2021-07-14T00:28:32+08:00"}
{"level":"debug","metric":"delete","msg":"command metric","sample":0,"time":"2021-07-14T00:28:32+08:00"}
{"level":"debug","metric":"update","msg":"command metric","sample":0,"time":"2021-07-14T00:28:32+08:00"}
{"level":"debug","metric":"select","msg":"command metric","sample":0,"time":"2021-07-14T00:28:32+08:00"}
